[0.323s] DEBUG:colcon:Command line arguments: ['/usr/bin/colcon', 'build']
[0.324s] DEBUG:colcon:Parsed command line arguments: Namespace(allow_overriding=[], ament_cmake_args=None, base_paths=['.'], build_base='build', catkin_cmake_args=None, catkin_skip_building_tests=False, cmake_args=None, cmake_clean_cache=False, cmake_clean_first=False, cmake_force_configure=False, cmake_target=None, cmake_target_skip_unavailable=False, continue_on_error=False, event_handlers=None, executor='parallel', ignore_user_meta=False, install_base='install', log_base=None, log_level=None, main=<bound method BuildVerb.main of <colcon_core.verb.build.BuildVerb object at 0x7f2599c02250>>, merge_install=False, metas=['./colcon.meta'], mixin=None, mixin_files=None, mixin_verb=('build',), packages_above=None, packages_above_and_dependencies=None, packages_above_depth=None, packages_end=None, packages_ignore=None, packages_ignore_regex=None, packages_select=None, packages_select_build_failed=False, packages_select_by_dep=None, packages_select_regex=None, packages_select_test_failures=False, packages_skip=None, packages_skip_build_finished=False, packages_skip_by_dep=None, packages_skip_regex=None, packages_skip_test_passed=False, packages_skip_up_to=None, packages_start=None, packages_up_to=None, packages_up_to_regex=None, parallel_workers=8, paths=None, symlink_install=False, test_result_base=None, verb_extension=<colcon_core.verb.build.BuildVerb object at 0x7f2599c02250>, verb_name='build', verb_parser=<colcon_mixin.mixin.mixin_argument.MixinArgumentDecorator object at 0x7f2599c028b0>)
[0.356s] Level 1:colcon.colcon_core.package_discovery:discover_packages(colcon_meta) check parameters
[0.356s] Level 1:colcon.colcon_core.package_discovery:discover_packages(recursive) check parameters
[0.356s] Level 1:colcon.colcon_core.package_discovery:discover_packages(ignore) check parameters
[0.356s] Level 1:colcon.colcon_core.package_discovery:discover_packages(path) check parameters
[0.356s] Level 1:colcon.colcon_core.package_discovery:discover_packages(colcon_meta) discover
[0.356s] Level 1:colcon.colcon_core.package_discovery:discover_packages(recursive) discover
[0.356s] INFO:colcon.colcon_core.package_discovery:Crawling recursively for packages in '/home/carsten/Documents/uni/p4/semester_project/hardware/projekt_p4/workspace_pollen'
[0.356s] Level 1:colcon.colcon_core.package_identification:_identify(.) by extensions ['ignore', 'ignore_ament_install']
[0.356s] Level 1:colcon.colcon_core.package_identification:_identify(.) by extension 'ignore'
[0.357s] Level 1:colcon.colcon_core.package_identification:_identify(.) by extension 'ignore_ament_install'
[0.357s] Level 1:colcon.colcon_core.package_identification:_identify(.) by extensions ['colcon_pkg']
[0.357s] Level 1:colcon.colcon_core.package_identification:_identify(.) by extension 'colcon_pkg'
[0.357s] Level 1:colcon.colcon_core.package_identification:_identify(.) by extensions ['colcon_meta']
[0.357s] Level 1:colcon.colcon_core.package_identification:_identify(.) by extension 'colcon_meta'
[0.357s] Level 1:colcon.colcon_core.package_identification:_identify(.) by extensions ['ros']
[0.357s] Level 1:colcon.colcon_core.package_identification:_identify(.) by extension 'ros'
[0.367s] Level 1:colcon.colcon_core.package_identification:_identify(.) by extensions ['cmake', 'python']
[0.367s] Level 1:colcon.colcon_core.package_identification:_identify(.) by extension 'cmake'
[0.367s] Level 1:colcon.colcon_core.package_identification:_identify(.) by extension 'python'
[0.367s] Level 1:colcon.colcon_core.package_identification:_identify(.) by extensions ['python_setup_py']
[0.367s] Level 1:colcon.colcon_core.package_identification:_identify(.) by extension 'python_setup_py'
[0.367s] Level 1:colcon.colcon_core.package_identification:_identify(build) by extensions ['ignore', 'ignore_ament_install']
[0.368s] Level 1:colcon.colcon_core.package_identification:_identify(build) by extension 'ignore'
[0.368s] Level 1:colcon.colcon_core.package_identification:_identify(build) ignored
[0.368s] Level 1:colcon.colcon_core.package_identification:_identify(install) by extensions ['ignore', 'ignore_ament_install']
[0.368s] Level 1:colcon.colcon_core.package_identification:_identify(install) by extension 'ignore'
[0.368s] Level 1:colcon.colcon_core.package_identification:_identify(install) ignored
[0.368s] Level 1:colcon.colcon_core.package_identification:_identify(log) by extensions ['ignore', 'ignore_ament_install']
[0.368s] Level 1:colcon.colcon_core.package_identification:_identify(log) by extension 'ignore'
[0.368s] Level 1:colcon.colcon_core.package_identification:_identify(log) ignored
[0.368s] Level 1:colcon.colcon_core.package_identification:_identify(src) by extensions ['ignore', 'ignore_ament_install']
[0.368s] Level 1:colcon.colcon_core.package_identification:_identify(src) by extension 'ignore'
[0.368s] Level 1:colcon.colcon_core.package_identification:_identify(src) by extension 'ignore_ament_install'
[0.369s] Level 1:colcon.colcon_core.package_identification:_identify(src) by extensions ['colcon_pkg']
[0.369s] Level 1:colcon.colcon_core.package_identification:_identify(src) by extension 'colcon_pkg'
[0.369s] Level 1:colcon.colcon_core.package_identification:_identify(src) by extensions ['colcon_meta']
[0.369s] Level 1:colcon.colcon_core.package_identification:_identify(src) by extension 'colcon_meta'
[0.369s] Level 1:colcon.colcon_core.package_identification:_identify(src) by extensions ['ros']
[0.369s] Level 1:colcon.colcon_core.package_identification:_identify(src) by extension 'ros'
[0.369s] Level 1:colcon.colcon_core.package_identification:_identify(src) by extensions ['cmake', 'python']
[0.369s] Level 1:colcon.colcon_core.package_identification:_identify(src) by extension 'cmake'
[0.369s] Level 1:colcon.colcon_core.package_identification:_identify(src) by extension 'python'
[0.369s] Level 1:colcon.colcon_core.package_identification:_identify(src) by extensions ['python_setup_py']
[0.369s] Level 1:colcon.colcon_core.package_identification:_identify(src) by extension 'python_setup_py'
[0.369s] Level 1:colcon.colcon_core.package_identification:_identify(src/build) by extensions ['ignore', 'ignore_ament_install']
[0.369s] Level 1:colcon.colcon_core.package_identification:_identify(src/build) by extension 'ignore'
[0.369s] Level 1:colcon.colcon_core.package_identification:_identify(src/build) ignored
[0.369s] Level 1:colcon.colcon_core.package_identification:_identify(src/install) by extensions ['ignore', 'ignore_ament_install']
[0.369s] Level 1:colcon.colcon_core.package_identification:_identify(src/install) by extension 'ignore'
[0.369s] Level 1:colcon.colcon_core.package_identification:_identify(src/install) ignored
[0.370s] Level 1:colcon.colcon_core.package_identification:_identify(src/log) by extensions ['ignore', 'ignore_ament_install']
[0.370s] Level 1:colcon.colcon_core.package_identification:_identify(src/log) by extension 'ignore'
[0.370s] Level 1:colcon.colcon_core.package_identification:_identify(src/log) ignored
[0.370s] Level 1:colcon.colcon_core.package_identification:_identify(src/tello) by extensions ['ignore', 'ignore_ament_install']
[0.370s] Level 1:colcon.colcon_core.package_identification:_identify(src/tello) by extension 'ignore'
[0.370s] Level 1:colcon.colcon_core.package_identification:_identify(src/tello) by extension 'ignore_ament_install'
[0.370s] Level 1:colcon.colcon_core.package_identification:_identify(src/tello) by extensions ['colcon_pkg']
[0.370s] Level 1:colcon.colcon_core.package_identification:_identify(src/tello) by extension 'colcon_pkg'
[0.370s] Level 1:colcon.colcon_core.package_identification:_identify(src/tello) by extensions ['colcon_meta']
[0.370s] Level 1:colcon.colcon_core.package_identification:_identify(src/tello) by extension 'colcon_meta'
[0.370s] Level 1:colcon.colcon_core.package_identification:_identify(src/tello) by extensions ['ros']
[0.370s] Level 1:colcon.colcon_core.package_identification:_identify(src/tello) by extension 'ros'
[0.372s] DEBUG:colcon.colcon_core.package_identification:Package 'src/tello' with type 'ros.ament_python' and name 'tello'
[0.372s] Level 1:colcon.colcon_core.package_identification:_identify(src/tf2_workshop) by extensions ['ignore', 'ignore_ament_install']
[0.372s] Level 1:colcon.colcon_core.package_identification:_identify(src/tf2_workshop) by extension 'ignore'
[0.372s] Level 1:colcon.colcon_core.package_identification:_identify(src/tf2_workshop) by extension 'ignore_ament_install'
[0.372s] Level 1:colcon.colcon_core.package_identification:_identify(src/tf2_workshop) by extensions ['colcon_pkg']
[0.372s] Level 1:colcon.colcon_core.package_identification:_identify(src/tf2_workshop) by extension 'colcon_pkg'
[0.372s] Level 1:colcon.colcon_core.package_identification:_identify(src/tf2_workshop) by extensions ['colcon_meta']
[0.373s] Level 1:colcon.colcon_core.package_identification:_identify(src/tf2_workshop) by extension 'colcon_meta'
[0.373s] Level 1:colcon.colcon_core.package_identification:_identify(src/tf2_workshop) by extensions ['ros']
[0.373s] Level 1:colcon.colcon_core.package_identification:_identify(src/tf2_workshop) by extension 'ros'
[0.373s] DEBUG:colcon.colcon_core.package_identification:Package 'src/tf2_workshop' with type 'ros.ament_python' and name 'tf2_workshop'
[0.373s] Level 1:colcon.colcon_core.package_discovery:discover_packages(recursive) using defaults
[0.373s] Level 1:colcon.colcon_core.package_discovery:discover_packages(ignore) discover
[0.373s] Level 1:colcon.colcon_core.package_discovery:discover_packages(ignore) using defaults
[0.373s] Level 1:colcon.colcon_core.package_discovery:discover_packages(path) discover
[0.373s] Level 1:colcon.colcon_core.package_discovery:discover_packages(path) using defaults
[0.394s] Level 1:colcon.colcon_core.package_discovery:discover_packages(prefix_path) check parameters
[0.394s] Level 1:colcon.colcon_core.package_discovery:discover_packages(prefix_path) discover
[0.398s] DEBUG:colcon.colcon_installed_package_information.package_discovery:Found 318 installed packages in /opt/ros/foxy
[0.399s] Level 1:colcon.colcon_core.package_discovery:discover_packages(prefix_path) using defaults
[0.496s] Level 5:colcon.colcon_core.verb:set package 'tello' build argument 'cmake_args' from command line to 'None'
[0.496s] Level 5:colcon.colcon_core.verb:set package 'tello' build argument 'cmake_target' from command line to 'None'
[0.496s] Level 5:colcon.colcon_core.verb:set package 'tello' build argument 'cmake_target_skip_unavailable' from command line to 'False'
[0.496s] Level 5:colcon.colcon_core.verb:set package 'tello' build argument 'cmake_clean_cache' from command line to 'False'
[0.496s] Level 5:colcon.colcon_core.verb:set package 'tello' build argument 'cmake_clean_first' from command line to 'False'
[0.496s] Level 5:colcon.colcon_core.verb:set package 'tello' build argument 'cmake_force_configure' from command line to 'False'
[0.496s] Level 5:colcon.colcon_core.verb:set package 'tello' build argument 'ament_cmake_args' from command line to 'None'
[0.496s] Level 5:colcon.colcon_core.verb:set package 'tello' build argument 'catkin_cmake_args' from command line to 'None'
[0.496s] Level 5:colcon.colcon_core.verb:set package 'tello' build argument 'catkin_skip_building_tests' from command line to 'False'
[0.496s] DEBUG:colcon.colcon_core.verb:Building package 'tello' with the following arguments: {'ament_cmake_args': None, 'build_base': '/home/carsten/Documents/uni/p4/semester_project/hardware/projekt_p4/workspace_pollen/build/tello', 'catkin_cmake_args': None, 'catkin_skip_building_tests': False, 'cmake_args': None, 'cmake_clean_cache': False, 'cmake_clean_first': False, 'cmake_force_configure': False, 'cmake_target': None, 'cmake_target_skip_unavailable': False, 'install_base': '/home/carsten/Documents/uni/p4/semester_project/hardware/projekt_p4/workspace_pollen/install/tello', 'merge_install': False, 'path': '/home/carsten/Documents/uni/p4/semester_project/hardware/projekt_p4/workspace_pollen/src/tello', 'symlink_install': False, 'test_result_base': None}
[0.498s] Level 5:colcon.colcon_core.verb:set package 'tf2_workshop' build argument 'cmake_args' from command line to 'None'
[0.498s] Level 5:colcon.colcon_core.verb:set package 'tf2_workshop' build argument 'cmake_target' from command line to 'None'
[0.498s] Level 5:colcon.colcon_core.verb:set package 'tf2_workshop' build argument 'cmake_target_skip_unavailable' from command line to 'False'
[0.498s] Level 5:colcon.colcon_core.verb:set package 'tf2_workshop' build argument 'cmake_clean_cache' from command line to 'False'
[0.498s] Level 5:colcon.colcon_core.verb:set package 'tf2_workshop' build argument 'cmake_clean_first' from command line to 'False'
[0.498s] Level 5:colcon.colcon_core.verb:set package 'tf2_workshop' build argument 'cmake_force_configure' from command line to 'False'
[0.498s] Level 5:colcon.colcon_core.verb:set package 'tf2_workshop' build argument 'ament_cmake_args' from command line to 'None'
[0.498s] Level 5:colcon.colcon_core.verb:set package 'tf2_workshop' build argument 'catkin_cmake_args' from command line to 'None'
[0.498s] Level 5:colcon.colcon_core.verb:set package 'tf2_workshop' build argument 'catkin_skip_building_tests' from command line to 'False'
[0.498s] DEBUG:colcon.colcon_core.verb:Building package 'tf2_workshop' with the following arguments: {'ament_cmake_args': None, 'build_base': '/home/carsten/Documents/uni/p4/semester_project/hardware/projekt_p4/workspace_pollen/build/tf2_workshop', 'catkin_cmake_args': None, 'catkin_skip_building_tests': False, 'cmake_args': None, 'cmake_clean_cache': False, 'cmake_clean_first': False, 'cmake_force_configure': False, 'cmake_target': None, 'cmake_target_skip_unavailable': False, 'install_base': '/home/carsten/Documents/uni/p4/semester_project/hardware/projekt_p4/workspace_pollen/install/tf2_workshop', 'merge_install': False, 'path': '/home/carsten/Documents/uni/p4/semester_project/hardware/projekt_p4/workspace_pollen/src/tf2_workshop', 'symlink_install': False, 'test_result_base': None}
[0.499s] INFO:colcon.colcon_core.executor:Executing jobs using 'parallel' executor
[0.506s] DEBUG:colcon.colcon_parallel_executor.executor.parallel:run_until_complete
[0.507s] INFO:colcon.colcon_ros.task.ament_python.build:Building ROS package in '/home/carsten/Documents/uni/p4/semester_project/hardware/projekt_p4/workspace_pollen/src/tello' with build type 'ament_python'
[0.507s] Level 1:colcon.colcon_core.shell:create_environment_hook('tello', 'ament_prefix_path')
[0.513s] INFO:colcon.colcon_core.plugin_system:Skipping extension 'colcon_core.shell.bat': Not used on non-Windows systems
[0.514s] INFO:colcon.colcon_core.shell:Creating environment hook '/home/carsten/Documents/uni/p4/semester_project/hardware/projekt_p4/workspace_pollen/install/tello/share/tello/hook/ament_prefix_path.ps1'
[0.515s] INFO:colcon.colcon_core.shell:Creating environment descriptor '/home/carsten/Documents/uni/p4/semester_project/hardware/projekt_p4/workspace_pollen/install/tello/share/tello/hook/ament_prefix_path.dsv'
[0.515s] INFO:colcon.colcon_core.shell:Creating environment hook '/home/carsten/Documents/uni/p4/semester_project/hardware/projekt_p4/workspace_pollen/install/tello/share/tello/hook/ament_prefix_path.sh'
[0.518s] INFO:colcon.colcon_core.shell:Skip shell extension 'powershell' for command environment: Not usable outside of PowerShell
[0.518s] DEBUG:colcon.colcon_core.shell:Skip shell extension 'dsv' for command environment
[0.525s] INFO:colcon.colcon_ros.task.ament_python.build:Building ROS package in '/home/carsten/Documents/uni/p4/semester_project/hardware/projekt_p4/workspace_pollen/src/tf2_workshop' with build type 'ament_python'
[0.525s] Level 1:colcon.colcon_core.shell:create_environment_hook('tf2_workshop', 'ament_prefix_path')
[0.528s] INFO:colcon.colcon_core.shell:Creating environment hook '/home/carsten/Documents/uni/p4/semester_project/hardware/projekt_p4/workspace_pollen/install/tf2_workshop/share/tf2_workshop/hook/ament_prefix_path.ps1'
[0.529s] INFO:colcon.colcon_core.shell:Creating environment descriptor '/home/carsten/Documents/uni/p4/semester_project/hardware/projekt_p4/workspace_pollen/install/tf2_workshop/share/tf2_workshop/hook/ament_prefix_path.dsv'
[0.530s] INFO:colcon.colcon_core.shell:Creating environment hook '/home/carsten/Documents/uni/p4/semester_project/hardware/projekt_p4/workspace_pollen/install/tf2_workshop/share/tf2_workshop/hook/ament_prefix_path.sh'
[0.532s] INFO:colcon.colcon_core.shell:Skip shell extension 'powershell' for command environment: Not usable outside of PowerShell
[0.532s] DEBUG:colcon.colcon_core.shell:Skip shell extension 'dsv' for command environment
[0.753s] INFO:colcon.colcon_core.task.python.build:Building Python package in '/home/carsten/Documents/uni/p4/semester_project/hardware/projekt_p4/workspace_pollen/src/tello'
[0.756s] INFO:colcon.colcon_core.shell:Skip shell extension 'powershell' for command environment: Not usable outside of PowerShell
[0.756s] DEBUG:colcon.colcon_core.shell:Skip shell extension 'dsv' for command environment
[0.985s] INFO:colcon.colcon_core.task.python.build:Building Python package in '/home/carsten/Documents/uni/p4/semester_project/hardware/projekt_p4/workspace_pollen/src/tf2_workshop'
[0.988s] INFO:colcon.colcon_core.shell:Skip shell extension 'powershell' for command environment: Not usable outside of PowerShell
[0.989s] DEBUG:colcon.colcon_core.shell:Skip shell extension 'dsv' for command environment
[1.427s] DEBUG:colcon.colcon_core.event_handler.log_command:Invoking command in '/home/carsten/Documents/uni/p4/semester_project/hardware/projekt_p4/workspace_pollen/src/tello': PYTHONPATH=/home/carsten/Documents/uni/p4/semester_project/hardware/projekt_p4/workspace_pollen/build/tello/prefix_override:/home/carsten/Documents/uni/p4/semester_project/hardware/projekt_p4/workspace_pollen/install/tello/lib/python3.8/site-packages:${PYTHONPATH} /usr/bin/python3 setup.py egg_info --egg-base ../../build/tello build --build-base /home/carsten/Documents/uni/p4/semester_project/hardware/projekt_p4/workspace_pollen/build/tello/build install --record /home/carsten/Documents/uni/p4/semester_project/hardware/projekt_p4/workspace_pollen/build/tello/install.log --install-scripts $base/lib/tello --single-version-externally-managed
[1.436s] DEBUG:colcon.colcon_core.event_handler.log_command:Invoking command in '/home/carsten/Documents/uni/p4/semester_project/hardware/projekt_p4/workspace_pollen/src/tf2_workshop': PYTHONPATH=/home/carsten/Documents/uni/p4/semester_project/hardware/projekt_p4/workspace_pollen/build/tf2_workshop/prefix_override:/home/carsten/Documents/uni/p4/semester_project/hardware/projekt_p4/workspace_pollen/install/tf2_workshop/lib/python3.8/site-packages:${PYTHONPATH} /usr/bin/python3 setup.py egg_info --egg-base ../../build/tf2_workshop build --build-base /home/carsten/Documents/uni/p4/semester_project/hardware/projekt_p4/workspace_pollen/build/tf2_workshop/build install --record /home/carsten/Documents/uni/p4/semester_project/hardware/projekt_p4/workspace_pollen/build/tf2_workshop/install.log --install-scripts $base/lib/tf2_workshop --single-version-externally-managed
[1.753s] DEBUG:colcon.colcon_core.event_handler.log_command:Invoked command in '/home/carsten/Documents/uni/p4/semester_project/hardware/projekt_p4/workspace_pollen/src/tf2_workshop' returned '0': PYTHONPATH=/home/carsten/Documents/uni/p4/semester_project/hardware/projekt_p4/workspace_pollen/build/tf2_workshop/prefix_override:/home/carsten/Documents/uni/p4/semester_project/hardware/projekt_p4/workspace_pollen/install/tf2_workshop/lib/python3.8/site-packages:${PYTHONPATH} /usr/bin/python3 setup.py egg_info --egg-base ../../build/tf2_workshop build --build-base /home/carsten/Documents/uni/p4/semester_project/hardware/projekt_p4/workspace_pollen/build/tf2_workshop/build install --record /home/carsten/Documents/uni/p4/semester_project/hardware/projekt_p4/workspace_pollen/build/tf2_workshop/install.log --install-scripts $base/lib/tf2_workshop --single-version-externally-managed
[1.761s] Level 1:colcon.colcon_core.environment:checking '/home/carsten/Documents/uni/p4/semester_project/hardware/projekt_p4/workspace_pollen/install/tf2_workshop' for CMake module files
[1.762s] Level 1:colcon.colcon_core.environment:checking '/home/carsten/Documents/uni/p4/semester_project/hardware/projekt_p4/workspace_pollen/install/tf2_workshop' for CMake config files
[1.762s] Level 1:colcon.colcon_core.environment:checking '/home/carsten/Documents/uni/p4/semester_project/hardware/projekt_p4/workspace_pollen/install/tf2_workshop/lib'
[1.763s] Level 1:colcon.colcon_core.environment:checking '/home/carsten/Documents/uni/p4/semester_project/hardware/projekt_p4/workspace_pollen/install/tf2_workshop/bin'
[1.763s] Level 1:colcon.colcon_core.environment:checking '/home/carsten/Documents/uni/p4/semester_project/hardware/projekt_p4/workspace_pollen/install/tf2_workshop/lib/pkgconfig/tf2_workshop.pc'
[1.763s] Level 1:colcon.colcon_core.environment:checking '/home/carsten/Documents/uni/p4/semester_project/hardware/projekt_p4/workspace_pollen/install/tf2_workshop/lib/python3.8/site-packages'
[1.763s] Level 1:colcon.colcon_core.shell:create_environment_hook('tf2_workshop', 'pythonpath')
[1.766s] INFO:colcon.colcon_core.shell:Creating environment hook '/home/carsten/Documents/uni/p4/semester_project/hardware/projekt_p4/workspace_pollen/install/tf2_workshop/share/tf2_workshop/hook/pythonpath.ps1'
[1.766s] INFO:colcon.colcon_core.shell:Creating environment descriptor '/home/carsten/Documents/uni/p4/semester_project/hardware/projekt_p4/workspace_pollen/install/tf2_workshop/share/tf2_workshop/hook/pythonpath.dsv'
[1.766s] INFO:colcon.colcon_core.shell:Creating environment hook '/home/carsten/Documents/uni/p4/semester_project/hardware/projekt_p4/workspace_pollen/install/tf2_workshop/share/tf2_workshop/hook/pythonpath.sh'
[1.767s] Level 1:colcon.colcon_core.environment:checking '/home/carsten/Documents/uni/p4/semester_project/hardware/projekt_p4/workspace_pollen/install/tf2_workshop/bin'
[1.767s] Level 1:colcon.colcon_core.environment:create_environment_scripts_only(tf2_workshop)
[1.770s] INFO:colcon.colcon_core.shell:Creating package script '/home/carsten/Documents/uni/p4/semester_project/hardware/projekt_p4/workspace_pollen/install/tf2_workshop/share/tf2_workshop/package.ps1'
[1.771s] INFO:colcon.colcon_core.shell:Creating package descriptor '/home/carsten/Documents/uni/p4/semester_project/hardware/projekt_p4/workspace_pollen/install/tf2_workshop/share/tf2_workshop/package.dsv'
[1.772s] INFO:colcon.colcon_core.shell:Creating package script '/home/carsten/Documents/uni/p4/semester_project/hardware/projekt_p4/workspace_pollen/install/tf2_workshop/share/tf2_workshop/package.sh'
[1.773s] INFO:colcon.colcon_core.shell:Creating package script '/home/carsten/Documents/uni/p4/semester_project/hardware/projekt_p4/workspace_pollen/install/tf2_workshop/share/tf2_workshop/package.bash'
[1.773s] INFO:colcon.colcon_core.shell:Creating package script '/home/carsten/Documents/uni/p4/semester_project/hardware/projekt_p4/workspace_pollen/install/tf2_workshop/share/tf2_workshop/package.zsh'
[1.774s] Level 1:colcon.colcon_core.environment:create_file_with_runtime_dependencies(/home/carsten/Documents/uni/p4/semester_project/hardware/projekt_p4/workspace_pollen/install/tf2_workshop/share/colcon-core/packages/tf2_workshop)
[1.781s] Level 1:colcon.colcon_core.environment:checking '/home/carsten/Documents/uni/p4/semester_project/hardware/projekt_p4/workspace_pollen/install/tello' for CMake module files
[1.782s] DEBUG:colcon.colcon_core.event_handler.log_command:Invoked command in '/home/carsten/Documents/uni/p4/semester_project/hardware/projekt_p4/workspace_pollen/src/tello' returned '0': PYTHONPATH=/home/carsten/Documents/uni/p4/semester_project/hardware/projekt_p4/workspace_pollen/build/tello/prefix_override:/home/carsten/Documents/uni/p4/semester_project/hardware/projekt_p4/workspace_pollen/install/tello/lib/python3.8/site-packages:${PYTHONPATH} /usr/bin/python3 setup.py egg_info --egg-base ../../build/tello build --build-base /home/carsten/Documents/uni/p4/semester_project/hardware/projekt_p4/workspace_pollen/build/tello/build install --record /home/carsten/Documents/uni/p4/semester_project/hardware/projekt_p4/workspace_pollen/build/tello/install.log --install-scripts $base/lib/tello --single-version-externally-managed
[1.783s] Level 1:colcon.colcon_core.environment:checking '/home/carsten/Documents/uni/p4/semester_project/hardware/projekt_p4/workspace_pollen/install/tello' for CMake config files
[1.783s] Level 1:colcon.colcon_core.environment:checking '/home/carsten/Documents/uni/p4/semester_project/hardware/projekt_p4/workspace_pollen/install/tello/lib'
[1.784s] Level 1:colcon.colcon_core.environment:checking '/home/carsten/Documents/uni/p4/semester_project/hardware/projekt_p4/workspace_pollen/install/tello/bin'
[1.784s] Level 1:colcon.colcon_core.environment:checking '/home/carsten/Documents/uni/p4/semester_project/hardware/projekt_p4/workspace_pollen/install/tello/lib/pkgconfig/tello.pc'
[1.784s] Level 1:colcon.colcon_core.environment:checking '/home/carsten/Documents/uni/p4/semester_project/hardware/projekt_p4/workspace_pollen/install/tello/lib/python3.8/site-packages'
[1.784s] Level 1:colcon.colcon_core.shell:create_environment_hook('tello', 'pythonpath')
[1.788s] INFO:colcon.colcon_core.shell:Creating environment hook '/home/carsten/Documents/uni/p4/semester_project/hardware/projekt_p4/workspace_pollen/install/tello/share/tello/hook/pythonpath.ps1'
[1.788s] INFO:colcon.colcon_core.shell:Creating environment descriptor '/home/carsten/Documents/uni/p4/semester_project/hardware/projekt_p4/workspace_pollen/install/tello/share/tello/hook/pythonpath.dsv'
[1.789s] INFO:colcon.colcon_core.shell:Creating environment hook '/home/carsten/Documents/uni/p4/semester_project/hardware/projekt_p4/workspace_pollen/install/tello/share/tello/hook/pythonpath.sh'
[1.789s] Level 1:colcon.colcon_core.environment:checking '/home/carsten/Documents/uni/p4/semester_project/hardware/projekt_p4/workspace_pollen/install/tello/bin'
[1.789s] Level 1:colcon.colcon_core.environment:create_environment_scripts_only(tello)
[1.793s] INFO:colcon.colcon_core.shell:Creating package script '/home/carsten/Documents/uni/p4/semester_project/hardware/projekt_p4/workspace_pollen/install/tello/share/tello/package.ps1'
[1.794s] INFO:colcon.colcon_core.shell:Creating package descriptor '/home/carsten/Documents/uni/p4/semester_project/hardware/projekt_p4/workspace_pollen/install/tello/share/tello/package.dsv'
[1.794s] INFO:colcon.colcon_core.shell:Creating package script '/home/carsten/Documents/uni/p4/semester_project/hardware/projekt_p4/workspace_pollen/install/tello/share/tello/package.sh'
[1.794s] INFO:colcon.colcon_core.shell:Creating package script '/home/carsten/Documents/uni/p4/semester_project/hardware/projekt_p4/workspace_pollen/install/tello/share/tello/package.bash'
[1.795s] INFO:colcon.colcon_core.shell:Creating package script '/home/carsten/Documents/uni/p4/semester_project/hardware/projekt_p4/workspace_pollen/install/tello/share/tello/package.zsh'
[1.795s] Level 1:colcon.colcon_core.environment:create_file_with_runtime_dependencies(/home/carsten/Documents/uni/p4/semester_project/hardware/projekt_p4/workspace_pollen/install/tello/share/colcon-core/packages/tello)
[1.796s] DEBUG:colcon.colcon_parallel_executor.executor.parallel:closing loop
[1.796s] DEBUG:colcon.colcon_parallel_executor.executor.parallel:loop closed
[1.796s] DEBUG:colcon.colcon_parallel_executor.executor.parallel:run_until_complete finished with '0'
[1.796s] DEBUG:colcon.colcon_core.event_reactor:joining thread
[1.805s] INFO:colcon.colcon_core.plugin_system:Skipping extension 'colcon_notification.desktop_notification.terminal_notifier': Not used on non-Darwin systems
[1.805s] INFO:colcon.colcon_core.plugin_system:Skipping extension 'colcon_notification.desktop_notification.win32': Not used on non-Windows systems
[1.805s] INFO:colcon.colcon_notification.desktop_notification:Sending desktop notification using 'notify2'
[1.832s] DEBUG:colcon.colcon_core.event_reactor:joined thread
[1.838s] INFO:colcon.colcon_core.shell:Creating prefix script '/home/carsten/Documents/uni/p4/semester_project/hardware/projekt_p4/workspace_pollen/install/local_setup.ps1'
[1.840s] INFO:colcon.colcon_core.shell:Creating prefix util module '/home/carsten/Documents/uni/p4/semester_project/hardware/projekt_p4/workspace_pollen/install/_local_setup_util_ps1.py'
[1.841s] INFO:colcon.colcon_core.shell:Creating prefix chain script '/home/carsten/Documents/uni/p4/semester_project/hardware/projekt_p4/workspace_pollen/install/setup.ps1'
[1.843s] INFO:colcon.colcon_core.shell:Creating prefix script '/home/carsten/Documents/uni/p4/semester_project/hardware/projekt_p4/workspace_pollen/install/local_setup.sh'
[1.845s] INFO:colcon.colcon_core.shell:Creating prefix util module '/home/carsten/Documents/uni/p4/semester_project/hardware/projekt_p4/workspace_pollen/install/_local_setup_util_sh.py'
[1.846s] INFO:colcon.colcon_core.shell:Creating prefix chain script '/home/carsten/Documents/uni/p4/semester_project/hardware/projekt_p4/workspace_pollen/install/setup.sh'
[1.848s] INFO:colcon.colcon_core.shell:Creating prefix script '/home/carsten/Documents/uni/p4/semester_project/hardware/projekt_p4/workspace_pollen/install/local_setup.bash'
[1.849s] INFO:colcon.colcon_core.shell:Creating prefix chain script '/home/carsten/Documents/uni/p4/semester_project/hardware/projekt_p4/workspace_pollen/install/setup.bash'
[1.850s] INFO:colcon.colcon_core.shell:Creating prefix script '/home/carsten/Documents/uni/p4/semester_project/hardware/projekt_p4/workspace_pollen/install/local_setup.zsh'
[1.851s] INFO:colcon.colcon_core.shell:Creating prefix chain script '/home/carsten/Documents/uni/p4/semester_project/hardware/projekt_p4/workspace_pollen/install/setup.zsh'
