[0.077s] Invoking command in '/home/ubuntu/turtlebot3_ws/build/realsense2_camera': CMAKE_PREFIX_PATH=/home/ubuntu/turtlebot3_ws/install/realsense2_camera_msgs:/home/ubuntu/turtlebot3_ws/install/turtlebot3:/home/ubuntu/turtlebot3_ws/install/turtlebot3_bringup:/home/ubuntu/turtlebot3_ws/install/turtlebot3_node:/home/ubuntu/turtlebot3_ws/install/turtlebot3_description:/home/ubuntu/turtlebot3_ws/install/realsense2_description:/home/ubuntu/turtlebot3_ws/install/realsense2_camera:/home/ubuntu/turtlebot3_ws/install/ld08_driver:/home/ubuntu/turtlebot3_ws/install/turtlebot3_teleop:/home/ubuntu/turtlebot3_ws/install/turtlebot3_example:/opt/ros/foxy LD_LIBRARY_PATH=/home/ubuntu/turtlebot3_ws/install/realsense2_camera_msgs/lib:/home/ubuntu/turtlebot3_ws/install/realsense2_camera/lib:/opt/ros/foxy/opt/yaml_cpp_vendor/lib:/opt/ros/foxy/opt/rviz_ogre_vendor/lib:/opt/ros/foxy/lib/aarch64-linux-gnu:/opt/ros/foxy/lib PYTHONPATH=/home/ubuntu/turtlebot3_ws/install/realsense2_camera_msgs/lib/python3.8/site-packages:/home/ubuntu/turtlebot3_ws/install/turtlebot3_teleop/lib/python3.8/site-packages:/home/ubuntu/turtlebot3_ws/install/turtlebot3_example/lib/python3.8/site-packages:/opt/ros/foxy/lib/python3.8/site-packages /usr/bin/cmake --build /home/ubuntu/turtlebot3_ws/build/realsense2_camera -- -j4 -l4
[0.641s] [ 13%] Built target realsense2_camera_node
[0.739s] [100%] Built target realsense2_camera
[0.841s] Invoked command in '/home/ubuntu/turtlebot3_ws/build/realsense2_camera' returned '0': CMAKE_PREFIX_PATH=/home/ubuntu/turtlebot3_ws/install/realsense2_camera_msgs:/home/ubuntu/turtlebot3_ws/install/turtlebot3:/home/ubuntu/turtlebot3_ws/install/turtlebot3_bringup:/home/ubuntu/turtlebot3_ws/install/turtlebot3_node:/home/ubuntu/turtlebot3_ws/install/turtlebot3_description:/home/ubuntu/turtlebot3_ws/install/realsense2_description:/home/ubuntu/turtlebot3_ws/install/realsense2_camera:/home/ubuntu/turtlebot3_ws/install/ld08_driver:/home/ubuntu/turtlebot3_ws/install/turtlebot3_teleop:/home/ubuntu/turtlebot3_ws/install/turtlebot3_example:/opt/ros/foxy LD_LIBRARY_PATH=/home/ubuntu/turtlebot3_ws/install/realsense2_camera_msgs/lib:/home/ubuntu/turtlebot3_ws/install/realsense2_camera/lib:/opt/ros/foxy/opt/yaml_cpp_vendor/lib:/opt/ros/foxy/opt/rviz_ogre_vendor/lib:/opt/ros/foxy/lib/aarch64-linux-gnu:/opt/ros/foxy/lib PYTHONPATH=/home/ubuntu/turtlebot3_ws/install/realsense2_camera_msgs/lib/python3.8/site-packages:/home/ubuntu/turtlebot3_ws/install/turtlebot3_teleop/lib/python3.8/site-packages:/home/ubuntu/turtlebot3_ws/install/turtlebot3_example/lib/python3.8/site-packages:/opt/ros/foxy/lib/python3.8/site-packages /usr/bin/cmake --build /home/ubuntu/turtlebot3_ws/build/realsense2_camera -- -j4 -l4
[1.211s] Invoking command in '/home/ubuntu/turtlebot3_ws/build/realsense2_camera': CMAKE_PREFIX_PATH=/home/ubuntu/turtlebot3_ws/install/realsense2_camera_msgs:/home/ubuntu/turtlebot3_ws/install/turtlebot3:/home/ubuntu/turtlebot3_ws/install/turtlebot3_bringup:/home/ubuntu/turtlebot3_ws/install/turtlebot3_node:/home/ubuntu/turtlebot3_ws/install/turtlebot3_description:/home/ubuntu/turtlebot3_ws/install/realsense2_description:/home/ubuntu/turtlebot3_ws/install/realsense2_camera:/home/ubuntu/turtlebot3_ws/install/ld08_driver:/home/ubuntu/turtlebot3_ws/install/turtlebot3_teleop:/home/ubuntu/turtlebot3_ws/install/turtlebot3_example:/opt/ros/foxy LD_LIBRARY_PATH=/home/ubuntu/turtlebot3_ws/install/realsense2_camera_msgs/lib:/home/ubuntu/turtlebot3_ws/install/realsense2_camera/lib:/opt/ros/foxy/opt/yaml_cpp_vendor/lib:/opt/ros/foxy/opt/rviz_ogre_vendor/lib:/opt/ros/foxy/lib/aarch64-linux-gnu:/opt/ros/foxy/lib PYTHONPATH=/home/ubuntu/turtlebot3_ws/install/realsense2_camera_msgs/lib/python3.8/site-packages:/home/ubuntu/turtlebot3_ws/install/turtlebot3_teleop/lib/python3.8/site-packages:/home/ubuntu/turtlebot3_ws/install/turtlebot3_example/lib/python3.8/site-packages:/opt/ros/foxy/lib/python3.8/site-packages /usr/bin/cmake --install /home/ubuntu/turtlebot3_ws/build/realsense2_camera
[1.275s] -- Install configuration: "Release"
[1.277s] -- Up-to-date: /home/ubuntu/turtlebot3_ws/install/realsense2_camera/lib/realsense2_camera/realsense2_camera_node
[1.280s] -- Up-to-date: /home/ubuntu/turtlebot3_ws/install/realsense2_camera/lib/librealsense2_camera.so
[1.282s] -- Up-to-date: /home/ubuntu/turtlebot3_ws/install/realsense2_camera/include
[1.283s] -- Up-to-date: /home/ubuntu/turtlebot3_ws/install/realsense2_camera/include/ros_param_backend.h
[1.284s] -- Up-to-date: /home/ubuntu/turtlebot3_ws/install/realsense2_camera/include/ros_utils.h
[1.285s] -- Up-to-date: /home/ubuntu/turtlebot3_ws/install/realsense2_camera/include/ros_sensor.h
[1.285s] -- Up-to-date: /home/ubuntu/turtlebot3_ws/install/realsense2_camera/include/realsense_node_factory.h
[1.287s] -- Up-to-date: /home/ubuntu/turtlebot3_ws/install/realsense2_camera/include/base_realsense_node.h
[1.288s] -- Up-to-date: /home/ubuntu/turtlebot3_ws/install/realsense2_camera/include/sensor_params.h
[1.289s] -- Up-to-date: /home/ubuntu/turtlebot3_ws/install/realsense2_camera/include/named_filter.h
[1.290s] -- Up-to-date: /home/ubuntu/turtlebot3_ws/install/realsense2_camera/include/constants.h
[1.291s] -- Up-to-date: /home/ubuntu/turtlebot3_ws/install/realsense2_camera/include/dynamic_params.h
[1.292s] -- Up-to-date: /home/ubuntu/turtlebot3_ws/install/realsense2_camera/include/profile_manager.h
[1.293s] -- Up-to-date: /home/ubuntu/turtlebot3_ws/install/realsense2_camera/include/image_publisher.h
[1.293s] -- Up-to-date: /home/ubuntu/turtlebot3_ws/install/realsense2_camera/share/realsense2_camera/launch
[1.294s] -- Up-to-date: /home/ubuntu/turtlebot3_ws/install/realsense2_camera/share/realsense2_camera/launch/default.rviz
[1.294s] -- Up-to-date: /home/ubuntu/turtlebot3_ws/install/realsense2_camera/share/realsense2_camera/launch/rs_launch.py
[1.295s] -- Up-to-date: /home/ubuntu/turtlebot3_ws/install/realsense2_camera/share/realsense2_camera/launch/rs_intra_process_demo_launch.py
[1.296s] -- Up-to-date: /home/ubuntu/turtlebot3_ws/install/realsense2_camera/share/realsense2_camera/launch/rs_multi_camera_launch.py
[1.297s] -- Up-to-date: /home/ubuntu/turtlebot3_ws/install/realsense2_camera/share/realsense2_camera/environment/library_path.sh
[1.298s] -- Up-to-date: /home/ubuntu/turtlebot3_ws/install/realsense2_camera/share/realsense2_camera/environment/library_path.dsv
[1.299s] -- Up-to-date: /home/ubuntu/turtlebot3_ws/install/realsense2_camera/share/ament_index/resource_index/package_run_dependencies/realsense2_camera
[1.300s] -- Up-to-date: /home/ubuntu/turtlebot3_ws/install/realsense2_camera/share/ament_index/resource_index/parent_prefix_path/realsense2_camera
[1.301s] -- Up-to-date: /home/ubuntu/turtlebot3_ws/install/realsense2_camera/share/realsense2_camera/environment/ament_prefix_path.sh
[1.301s] -- Up-to-date: /home/ubuntu/turtlebot3_ws/install/realsense2_camera/share/realsense2_camera/environment/ament_prefix_path.dsv
[1.302s] -- Up-to-date: /home/ubuntu/turtlebot3_ws/install/realsense2_camera/share/realsense2_camera/environment/path.sh
[1.303s] -- Up-to-date: /home/ubuntu/turtlebot3_ws/install/realsense2_camera/share/realsense2_camera/environment/path.dsv
[1.303s] -- Up-to-date: /home/ubuntu/turtlebot3_ws/install/realsense2_camera/share/realsense2_camera/local_setup.bash
[1.304s] -- Up-to-date: /home/ubuntu/turtlebot3_ws/install/realsense2_camera/share/realsense2_camera/local_setup.sh
[1.305s] -- Up-to-date: /home/ubuntu/turtlebot3_ws/install/realsense2_camera/share/realsense2_camera/local_setup.zsh
[1.325s] -- Up-to-date: /home/ubuntu/turtlebot3_ws/install/realsense2_camera/share/realsense2_camera/local_setup.dsv
[1.326s] -- Installing: /home/ubuntu/turtlebot3_ws/install/realsense2_camera/share/realsense2_camera/package.dsv
[1.327s] -- Up-to-date: /home/ubuntu/turtlebot3_ws/install/realsense2_camera/share/ament_index/resource_index/packages/realsense2_camera
[1.327s] -- Up-to-date: /home/ubuntu/turtlebot3_ws/install/realsense2_camera/share/ament_index/resource_index/rclcpp_components/realsense2_camera
[1.328s] -- Up-to-date: /home/ubuntu/turtlebot3_ws/install/realsense2_camera/share/realsense2_camera/cmake/ament_cmake_export_include_directories-extras.cmake
[1.329s] -- Up-to-date: /home/ubuntu/turtlebot3_ws/install/realsense2_camera/share/realsense2_camera/cmake/ament_cmake_export_libraries-extras.cmake
[1.330s] -- Up-to-date: /home/ubuntu/turtlebot3_ws/install/realsense2_camera/share/realsense2_camera/cmake/ament_cmake_export_dependencies-extras.cmake
[1.330s] -- Up-to-date: /home/ubuntu/turtlebot3_ws/install/realsense2_camera/share/realsense2_camera/cmake/realsense2_cameraConfig.cmake
[1.331s] -- Up-to-date: /home/ubuntu/turtlebot3_ws/install/realsense2_camera/share/realsense2_camera/cmake/realsense2_cameraConfig-version.cmake
[1.332s] -- Up-to-date: /home/ubuntu/turtlebot3_ws/install/realsense2_camera/share/realsense2_camera/package.xml
[1.333s] Invoked command in '/home/ubuntu/turtlebot3_ws/build/realsense2_camera' returned '0': CMAKE_PREFIX_PATH=/home/ubuntu/turtlebot3_ws/install/realsense2_camera_msgs:/home/ubuntu/turtlebot3_ws/install/turtlebot3:/home/ubuntu/turtlebot3_ws/install/turtlebot3_bringup:/home/ubuntu/turtlebot3_ws/install/turtlebot3_node:/home/ubuntu/turtlebot3_ws/install/turtlebot3_description:/home/ubuntu/turtlebot3_ws/install/realsense2_description:/home/ubuntu/turtlebot3_ws/install/realsense2_camera:/home/ubuntu/turtlebot3_ws/install/ld08_driver:/home/ubuntu/turtlebot3_ws/install/turtlebot3_teleop:/home/ubuntu/turtlebot3_ws/install/turtlebot3_example:/opt/ros/foxy LD_LIBRARY_PATH=/home/ubuntu/turtlebot3_ws/install/realsense2_camera_msgs/lib:/home/ubuntu/turtlebot3_ws/install/realsense2_camera/lib:/opt/ros/foxy/opt/yaml_cpp_vendor/lib:/opt/ros/foxy/opt/rviz_ogre_vendor/lib:/opt/ros/foxy/lib/aarch64-linux-gnu:/opt/ros/foxy/lib PYTHONPATH=/home/ubuntu/turtlebot3_ws/install/realsense2_camera_msgs/lib/python3.8/site-packages:/home/ubuntu/turtlebot3_ws/install/turtlebot3_teleop/lib/python3.8/site-packages:/home/ubuntu/turtlebot3_ws/install/turtlebot3_example/lib/python3.8/site-packages:/opt/ros/foxy/lib/python3.8/site-packages /usr/bin/cmake --install /home/ubuntu/turtlebot3_ws/build/realsense2_camera
