[0.225s] Invoking command in '/home/ubuntu/turtlebot3_ws/build/realsense2_camera_msgs': CMAKE_PREFIX_PATH=${CMAKE_PREFIX_PATH}:/home/ubuntu/turtlebot3_ws/install/turtlebot3_teleop:/home/ubuntu/turtlebot3_ws/install/turtlebot3_example:/opt/ros/foxy /usr/bin/cmake --build /home/ubuntu/turtlebot3_ws/build/realsense2_camera_msgs -- -j4 -l4
[0.562s] [  1%] Built target realsense2_camera_msgs__cpp
[0.590s] [ 12%] Built target realsense2_camera_msgs__rosidl_generator_c
[0.762s] [ 23%] Built target realsense2_camera_msgs__rosidl_typesupport_cpp
[0.854s] [ 34%] Built target realsense2_camera_msgs__rosidl_typesupport_introspection_cpp
[0.880s] [ 45%] Built target realsense2_camera_msgs__rosidl_typesupport_introspection_c
[0.889s] [ 56%] Built target realsense2_camera_msgs__rosidl_typesupport_fastrtps_cpp
[0.931s] [ 67%] Built target realsense2_camera_msgs__rosidl_typesupport_c
[1.073s] [ 78%] Built target realsense2_camera_msgs__rosidl_typesupport_fastrtps_c
[1.170s] [ 78%] Built target realsense2_camera_msgs
[1.275s] [ 80%] Built target realsense2_camera_msgs__py
[1.455s] [ 89%] Built target realsense2_camera_msgs__python
[1.659s] [ 92%] Built target realsense2_camera_msgs__rosidl_typesupport_c__pyext
[1.669s] [ 96%] Built target realsense2_camera_msgs__rosidl_typesupport_fastrtps_c__pyext
[1.670s] [100%] Built target realsense2_camera_msgs__rosidl_typesupport_introspection_c__pyext
[1.741s] Invoked command in '/home/ubuntu/turtlebot3_ws/build/realsense2_camera_msgs' returned '0': CMAKE_PREFIX_PATH=${CMAKE_PREFIX_PATH}:/home/ubuntu/turtlebot3_ws/install/turtlebot3_teleop:/home/ubuntu/turtlebot3_ws/install/turtlebot3_example:/opt/ros/foxy /usr/bin/cmake --build /home/ubuntu/turtlebot3_ws/build/realsense2_camera_msgs -- -j4 -l4
[3.595s] Invoking command in '/home/ubuntu/turtlebot3_ws/build/realsense2_camera_msgs': CMAKE_PREFIX_PATH=${CMAKE_PREFIX_PATH}:/home/ubuntu/turtlebot3_ws/install/turtlebot3_teleop:/home/ubuntu/turtlebot3_ws/install/turtlebot3_example:/opt/ros/foxy /usr/bin/cmake --install /home/ubuntu/turtlebot3_ws/build/realsense2_camera_msgs
[3.655s] -- Install configuration: ""
[3.659s] -- Up-to-date: /home/ubuntu/turtlebot3_ws/install/realsense2_camera_msgs/share/ament_index/resource_index/rosidl_interfaces/realsense2_camera_msgs
[3.660s] -- Up-to-date: /home/ubuntu/turtlebot3_ws/install/realsense2_camera_msgs/include/realsense2_camera_msgs
[3.661s] -- Up-to-date: /home/ubuntu/turtlebot3_ws/install/realsense2_camera_msgs/include/realsense2_camera_msgs/msg
[3.662s] -- Up-to-date: /home/ubuntu/turtlebot3_ws/install/realsense2_camera_msgs/include/realsense2_camera_msgs/msg/extrinsics.h
[3.665s] -- Up-to-date: /home/ubuntu/turtlebot3_ws/install/realsense2_camera_msgs/include/realsense2_camera_msgs/msg/imu_info.h
[3.668s] -- Up-to-date: /home/ubuntu/turtlebot3_ws/install/realsense2_camera_msgs/include/realsense2_camera_msgs/msg/metadata.h
[3.671s] -- Up-to-date: /home/ubuntu/turtlebot3_ws/install/realsense2_camera_msgs/include/realsense2_camera_msgs/msg/detail
[3.674s] -- Up-to-date: /home/ubuntu/turtlebot3_ws/install/realsense2_camera_msgs/include/realsense2_camera_msgs/msg/detail/metadata__type_support.h
[3.680s] -- Up-to-date: /home/ubuntu/turtlebot3_ws/install/realsense2_camera_msgs/include/realsense2_camera_msgs/msg/detail/imu_info__struct.h
[3.681s] -- Up-to-date: /home/ubuntu/turtlebot3_ws/install/realsense2_camera_msgs/include/realsense2_camera_msgs/msg/detail/extrinsics__functions.c
[3.682s] -- Up-to-date: /home/ubuntu/turtlebot3_ws/install/realsense2_camera_msgs/include/realsense2_camera_msgs/msg/detail/imu_info__functions.c
[3.682s] -- Up-to-date: /home/ubuntu/turtlebot3_ws/install/realsense2_camera_msgs/include/realsense2_camera_msgs/msg/detail/imu_info__functions.h
[3.683s] -- Up-to-date: /home/ubuntu/turtlebot3_ws/install/realsense2_camera_msgs/include/realsense2_camera_msgs/msg/detail/metadata__functions.c
[3.683s] -- Up-to-date: /home/ubuntu/turtlebot3_ws/install/realsense2_camera_msgs/include/realsense2_camera_msgs/msg/detail/extrinsics__struct.h
[3.684s] -- Up-to-date: /home/ubuntu/turtlebot3_ws/install/realsense2_camera_msgs/include/realsense2_camera_msgs/msg/detail/metadata__struct.h
[3.685s] -- Up-to-date: /home/ubuntu/turtlebot3_ws/install/realsense2_camera_msgs/include/realsense2_camera_msgs/msg/detail/metadata__functions.h
[3.685s] -- Up-to-date: /home/ubuntu/turtlebot3_ws/install/realsense2_camera_msgs/include/realsense2_camera_msgs/msg/detail/imu_info__type_support.h
[3.697s] -- Up-to-date: /home/ubuntu/turtlebot3_ws/install/realsense2_camera_msgs/include/realsense2_camera_msgs/msg/detail/extrinsics__type_support.h
[3.703s] -- Up-to-date: /home/ubuntu/turtlebot3_ws/install/realsense2_camera_msgs/include/realsense2_camera_msgs/msg/detail/extrinsics__functions.h
[3.703s] -- Up-to-date: /home/ubuntu/turtlebot3_ws/install/realsense2_camera_msgs/include/realsense2_camera_msgs/msg/rosidl_generator_c__visibility_control.h
[3.705s] -- Up-to-date: /home/ubuntu/turtlebot3_ws/install/realsense2_camera_msgs/include/realsense2_camera_msgs/srv
[3.705s] -- Up-to-date: /home/ubuntu/turtlebot3_ws/install/realsense2_camera_msgs/include/realsense2_camera_msgs/srv/detail
[3.706s] -- Up-to-date: /home/ubuntu/turtlebot3_ws/install/realsense2_camera_msgs/include/realsense2_camera_msgs/srv/detail/device_info__functions.c
[3.707s] -- Up-to-date: /home/ubuntu/turtlebot3_ws/install/realsense2_camera_msgs/include/realsense2_camera_msgs/srv/detail/device_info__type_support.h
[3.707s] -- Up-to-date: /home/ubuntu/turtlebot3_ws/install/realsense2_camera_msgs/include/realsense2_camera_msgs/srv/detail/device_info__struct.h
[3.708s] -- Up-to-date: /home/ubuntu/turtlebot3_ws/install/realsense2_camera_msgs/include/realsense2_camera_msgs/srv/detail/device_info__functions.h
[3.709s] -- Up-to-date: /home/ubuntu/turtlebot3_ws/install/realsense2_camera_msgs/include/realsense2_camera_msgs/srv/device_info.h
[3.710s] -- Up-to-date: /home/ubuntu/turtlebot3_ws/install/realsense2_camera_msgs/share/realsense2_camera_msgs/environment/library_path.sh
[3.710s] -- Up-to-date: /home/ubuntu/turtlebot3_ws/install/realsense2_camera_msgs/share/realsense2_camera_msgs/environment/library_path.dsv
[3.711s] -- Up-to-date: /home/ubuntu/turtlebot3_ws/install/realsense2_camera_msgs/lib/librealsense2_camera_msgs__rosidl_generator_c.so
[3.717s] -- Up-to-date: /home/ubuntu/turtlebot3_ws/install/realsense2_camera_msgs/include/realsense2_camera_msgs
[3.718s] -- Up-to-date: /home/ubuntu/turtlebot3_ws/install/realsense2_camera_msgs/include/realsense2_camera_msgs/msg
[3.719s] -- Up-to-date: /home/ubuntu/turtlebot3_ws/install/realsense2_camera_msgs/include/realsense2_camera_msgs/msg/detail
[3.720s] -- Up-to-date: /home/ubuntu/turtlebot3_ws/install/realsense2_camera_msgs/include/realsense2_camera_msgs/msg/detail/extrinsics__rosidl_typesupport_fastrtps_c.h
[3.721s] -- Up-to-date: /home/ubuntu/turtlebot3_ws/install/realsense2_camera_msgs/include/realsense2_camera_msgs/msg/detail/metadata__rosidl_typesupport_fastrtps_c.h
[3.722s] -- Up-to-date: /home/ubuntu/turtlebot3_ws/install/realsense2_camera_msgs/include/realsense2_camera_msgs/msg/detail/imu_info__rosidl_typesupport_fastrtps_c.h
[3.724s] -- Up-to-date: /home/ubuntu/turtlebot3_ws/install/realsense2_camera_msgs/include/realsense2_camera_msgs/msg/rosidl_typesupport_fastrtps_c__visibility_control.h
[3.725s] -- Up-to-date: /home/ubuntu/turtlebot3_ws/install/realsense2_camera_msgs/include/realsense2_camera_msgs/srv
[3.734s] -- Up-to-date: /home/ubuntu/turtlebot3_ws/install/realsense2_camera_msgs/include/realsense2_camera_msgs/srv/detail
[3.736s] -- Up-to-date: /home/ubuntu/turtlebot3_ws/install/realsense2_camera_msgs/include/realsense2_camera_msgs/srv/detail/device_info__rosidl_typesupport_fastrtps_c.h
[3.738s] -- Up-to-date: /home/ubuntu/turtlebot3_ws/install/realsense2_camera_msgs/lib/librealsense2_camera_msgs__rosidl_typesupport_fastrtps_c.so
[3.739s] -- Up-to-date: /home/ubuntu/turtlebot3_ws/install/realsense2_camera_msgs/include/realsense2_camera_msgs
[3.740s] -- Up-to-date: /home/ubuntu/turtlebot3_ws/install/realsense2_camera_msgs/include/realsense2_camera_msgs/msg
[3.740s] -- Up-to-date: /home/ubuntu/turtlebot3_ws/install/realsense2_camera_msgs/include/realsense2_camera_msgs/msg/detail
[3.743s] -- Up-to-date: /home/ubuntu/turtlebot3_ws/install/realsense2_camera_msgs/include/realsense2_camera_msgs/msg/detail/extrinsics__rosidl_typesupport_fastrtps_cpp.hpp
[3.743s] -- Up-to-date: /home/ubuntu/turtlebot3_ws/install/realsense2_camera_msgs/include/realsense2_camera_msgs/msg/detail/dds_fastrtps
[3.744s] -- Up-to-date: /home/ubuntu/turtlebot3_ws/install/realsense2_camera_msgs/include/realsense2_camera_msgs/msg/detail/imu_info__rosidl_typesupport_fastrtps_cpp.hpp
[3.745s] -- Up-to-date: /home/ubuntu/turtlebot3_ws/install/realsense2_camera_msgs/include/realsense2_camera_msgs/msg/detail/metadata__rosidl_typesupport_fastrtps_cpp.hpp
[3.745s] -- Up-to-date: /home/ubuntu/turtlebot3_ws/install/realsense2_camera_msgs/include/realsense2_camera_msgs/msg/rosidl_typesupport_fastrtps_cpp__visibility_control.h
[3.746s] -- Up-to-date: /home/ubuntu/turtlebot3_ws/install/realsense2_camera_msgs/include/realsense2_camera_msgs/srv
[3.747s] -- Up-to-date: /home/ubuntu/turtlebot3_ws/install/realsense2_camera_msgs/include/realsense2_camera_msgs/srv/detail
[3.747s] -- Up-to-date: /home/ubuntu/turtlebot3_ws/install/realsense2_camera_msgs/include/realsense2_camera_msgs/srv/detail/dds_fastrtps
[3.748s] -- Up-to-date: /home/ubuntu/turtlebot3_ws/install/realsense2_camera_msgs/include/realsense2_camera_msgs/srv/detail/device_info__rosidl_typesupport_fastrtps_cpp.hpp
[3.749s] -- Up-to-date: /home/ubuntu/turtlebot3_ws/install/realsense2_camera_msgs/lib/librealsense2_camera_msgs__rosidl_typesupport_fastrtps_cpp.so
[3.750s] -- Up-to-date: /home/ubuntu/turtlebot3_ws/install/realsense2_camera_msgs/include/realsense2_camera_msgs
[3.750s] -- Up-to-date: /home/ubuntu/turtlebot3_ws/install/realsense2_camera_msgs/include/realsense2_camera_msgs/msg
[3.751s] -- Up-to-date: /home/ubuntu/turtlebot3_ws/install/realsense2_camera_msgs/include/realsense2_camera_msgs/msg/detail
[3.752s] -- Up-to-date: /home/ubuntu/turtlebot3_ws/install/realsense2_camera_msgs/include/realsense2_camera_msgs/msg/detail/extrinsics__rosidl_typesupport_introspection_c.h
[3.752s] -- Up-to-date: /home/ubuntu/turtlebot3_ws/install/realsense2_camera_msgs/include/realsense2_camera_msgs/msg/detail/imu_info__rosidl_typesupport_introspection_c.h
[3.753s] -- Up-to-date: /home/ubuntu/turtlebot3_ws/install/realsense2_camera_msgs/include/realsense2_camera_msgs/msg/detail/imu_info__type_support.c
[3.754s] -- Up-to-date: /home/ubuntu/turtlebot3_ws/install/realsense2_camera_msgs/include/realsense2_camera_msgs/msg/detail/metadata__rosidl_typesupport_introspection_c.h
[3.754s] -- Up-to-date: /home/ubuntu/turtlebot3_ws/install/realsense2_camera_msgs/include/realsense2_camera_msgs/msg/detail/extrinsics__type_support.c
[3.755s] -- Up-to-date: /home/ubuntu/turtlebot3_ws/install/realsense2_camera_msgs/include/realsense2_camera_msgs/msg/detail/metadata__type_support.c
[3.756s] -- Up-to-date: /home/ubuntu/turtlebot3_ws/install/realsense2_camera_msgs/include/realsense2_camera_msgs/msg/rosidl_typesupport_introspection_c__visibility_control.h
[3.757s] -- Up-to-date: /home/ubuntu/turtlebot3_ws/install/realsense2_camera_msgs/include/realsense2_camera_msgs/srv
[3.759s] -- Up-to-date: /home/ubuntu/turtlebot3_ws/install/realsense2_camera_msgs/include/realsense2_camera_msgs/srv/detail
[3.759s] -- Up-to-date: /home/ubuntu/turtlebot3_ws/install/realsense2_camera_msgs/include/realsense2_camera_msgs/srv/detail/device_info__rosidl_typesupport_introspection_c.h
[3.760s] -- Up-to-date: /home/ubuntu/turtlebot3_ws/install/realsense2_camera_msgs/include/realsense2_camera_msgs/srv/detail/device_info__type_support.c
[3.761s] -- Up-to-date: /home/ubuntu/turtlebot3_ws/install/realsense2_camera_msgs/lib/librealsense2_camera_msgs__rosidl_typesupport_introspection_c.so
[3.761s] -- Up-to-date: /home/ubuntu/turtlebot3_ws/install/realsense2_camera_msgs/lib/librealsense2_camera_msgs__rosidl_typesupport_c.so
[3.762s] -- Up-to-date: /home/ubuntu/turtlebot3_ws/install/realsense2_camera_msgs/include/realsense2_camera_msgs
[3.762s] -- Up-to-date: /home/ubuntu/turtlebot3_ws/install/realsense2_camera_msgs/include/realsense2_camera_msgs/msg
[3.763s] -- Up-to-date: /home/ubuntu/turtlebot3_ws/install/realsense2_camera_msgs/include/realsense2_camera_msgs/msg/imu_info.hpp
[3.764s] -- Up-to-date: /home/ubuntu/turtlebot3_ws/install/realsense2_camera_msgs/include/realsense2_camera_msgs/msg/detail
[3.764s] -- Up-to-date: /home/ubuntu/turtlebot3_ws/install/realsense2_camera_msgs/include/realsense2_camera_msgs/msg/detail/extrinsics__builder.hpp
[3.765s] -- Up-to-date: /home/ubuntu/turtlebot3_ws/install/realsense2_camera_msgs/include/realsense2_camera_msgs/msg/detail/metadata__builder.hpp
[3.767s] -- Up-to-date: /home/ubuntu/turtlebot3_ws/install/realsense2_camera_msgs/include/realsense2_camera_msgs/msg/detail/imu_info__struct.hpp
[3.768s] -- Up-to-date: /home/ubuntu/turtlebot3_ws/install/realsense2_camera_msgs/include/realsense2_camera_msgs/msg/detail/extrinsics__traits.hpp
[3.781s] -- Up-to-date: /home/ubuntu/turtlebot3_ws/install/realsense2_camera_msgs/include/realsense2_camera_msgs/msg/detail/extrinsics__struct.hpp
[3.781s] -- Up-to-date: /home/ubuntu/turtlebot3_ws/install/realsense2_camera_msgs/include/realsense2_camera_msgs/msg/detail/imu_info__builder.hpp
[3.782s] -- Up-to-date: /home/ubuntu/turtlebot3_ws/install/realsense2_camera_msgs/include/realsense2_camera_msgs/msg/detail/imu_info__traits.hpp
[3.783s] -- Up-to-date: /home/ubuntu/turtlebot3_ws/install/realsense2_camera_msgs/include/realsense2_camera_msgs/msg/detail/metadata__struct.hpp
[3.783s] -- Up-to-date: /home/ubuntu/turtlebot3_ws/install/realsense2_camera_msgs/include/realsense2_camera_msgs/msg/detail/metadata__traits.hpp
[3.784s] -- Up-to-date: /home/ubuntu/turtlebot3_ws/install/realsense2_camera_msgs/include/realsense2_camera_msgs/msg/extrinsics.hpp
[3.784s] -- Up-to-date: /home/ubuntu/turtlebot3_ws/install/realsense2_camera_msgs/include/realsense2_camera_msgs/msg/metadata.hpp
[3.785s] -- Up-to-date: /home/ubuntu/turtlebot3_ws/install/realsense2_camera_msgs/include/realsense2_camera_msgs/srv
[3.786s] -- Up-to-date: /home/ubuntu/turtlebot3_ws/install/realsense2_camera_msgs/include/realsense2_camera_msgs/srv/detail
[3.786s] -- Up-to-date: /home/ubuntu/turtlebot3_ws/install/realsense2_camera_msgs/include/realsense2_camera_msgs/srv/detail/device_info__builder.hpp
[3.787s] -- Up-to-date: /home/ubuntu/turtlebot3_ws/install/realsense2_camera_msgs/include/realsense2_camera_msgs/srv/detail/device_info__traits.hpp
[3.788s] -- Up-to-date: /home/ubuntu/turtlebot3_ws/install/realsense2_camera_msgs/include/realsense2_camera_msgs/srv/detail/device_info__struct.hpp
[3.788s] -- Up-to-date: /home/ubuntu/turtlebot3_ws/install/realsense2_camera_msgs/include/realsense2_camera_msgs/srv/device_info.hpp
[3.789s] -- Up-to-date: /home/ubuntu/turtlebot3_ws/install/realsense2_camera_msgs/include/realsense2_camera_msgs
[3.790s] -- Up-to-date: /home/ubuntu/turtlebot3_ws/install/realsense2_camera_msgs/include/realsense2_camera_msgs/msg
[3.790s] -- Up-to-date: /home/ubuntu/turtlebot3_ws/install/realsense2_camera_msgs/include/realsense2_camera_msgs/msg/detail
[3.791s] -- Up-to-date: /home/ubuntu/turtlebot3_ws/install/realsense2_camera_msgs/include/realsense2_camera_msgs/msg/detail/metadata__type_support.cpp
[3.791s] -- Up-to-date: /home/ubuntu/turtlebot3_ws/install/realsense2_camera_msgs/include/realsense2_camera_msgs/msg/detail/extrinsics__type_support.cpp
[3.792s] -- Up-to-date: /home/ubuntu/turtlebot3_ws/install/realsense2_camera_msgs/include/realsense2_camera_msgs/msg/detail/imu_info__type_support.cpp
[3.805s] -- Up-to-date: /home/ubuntu/turtlebot3_ws/install/realsense2_camera_msgs/include/realsense2_camera_msgs/msg/detail/extrinsics__rosidl_typesupport_introspection_cpp.hpp
[3.805s] -- Up-to-date: /home/ubuntu/turtlebot3_ws/install/realsense2_camera_msgs/include/realsense2_camera_msgs/msg/detail/imu_info__rosidl_typesupport_introspection_cpp.hpp
[3.806s] -- Up-to-date: /home/ubuntu/turtlebot3_ws/install/realsense2_camera_msgs/include/realsense2_camera_msgs/msg/detail/metadata__rosidl_typesupport_introspection_cpp.hpp
[3.807s] -- Up-to-date: /home/ubuntu/turtlebot3_ws/install/realsense2_camera_msgs/include/realsense2_camera_msgs/srv
[3.808s] -- Up-to-date: /home/ubuntu/turtlebot3_ws/install/realsense2_camera_msgs/include/realsense2_camera_msgs/srv/detail
[3.808s] -- Up-to-date: /home/ubuntu/turtlebot3_ws/install/realsense2_camera_msgs/include/realsense2_camera_msgs/srv/detail/device_info__rosidl_typesupport_introspection_cpp.hpp
[3.809s] -- Up-to-date: /home/ubuntu/turtlebot3_ws/install/realsense2_camera_msgs/include/realsense2_camera_msgs/srv/detail/device_info__type_support.cpp
[3.810s] -- Up-to-date: /home/ubuntu/turtlebot3_ws/install/realsense2_camera_msgs/lib/librealsense2_camera_msgs__rosidl_typesupport_introspection_cpp.so
[3.810s] -- Up-to-date: /home/ubuntu/turtlebot3_ws/install/realsense2_camera_msgs/lib/librealsense2_camera_msgs__rosidl_typesupport_cpp.so
[3.811s] -- Up-to-date: /home/ubuntu/turtlebot3_ws/install/realsense2_camera_msgs/share/realsense2_camera_msgs/environment/pythonpath.sh
[3.811s] -- Up-to-date: /home/ubuntu/turtlebot3_ws/install/realsense2_camera_msgs/share/realsense2_camera_msgs/environment/pythonpath.dsv
[3.812s] -- Up-to-date: /home/ubuntu/turtlebot3_ws/install/realsense2_camera_msgs/lib/python3.8/site-packages/realsense2_camera_msgs/__init__.py
[3.940s] -- Up-to-date: /home/ubuntu/turtlebot3_ws/install/realsense2_camera_msgs/lib/python3.8/site-packages/realsense2_camera_msgs/msg
[3.942s] -- Up-to-date: /home/ubuntu/turtlebot3_ws/install/realsense2_camera_msgs/lib/python3.8/site-packages/realsense2_camera_msgs/msg/__init__.py
[3.945s] -- Up-to-date: /home/ubuntu/turtlebot3_ws/install/realsense2_camera_msgs/lib/python3.8/site-packages/realsense2_camera_msgs/msg/_extrinsics_s.c
[3.945s] -- Up-to-date: /home/ubuntu/turtlebot3_ws/install/realsense2_camera_msgs/lib/python3.8/site-packages/realsense2_camera_msgs/msg/_imu_info_s.c
[3.946s] -- Up-to-date: /home/ubuntu/turtlebot3_ws/install/realsense2_camera_msgs/lib/python3.8/site-packages/realsense2_camera_msgs/msg/_extrinsics.py
[3.947s] -- Up-to-date: /home/ubuntu/turtlebot3_ws/install/realsense2_camera_msgs/lib/python3.8/site-packages/realsense2_camera_msgs/msg/_metadata_s.c
[3.948s] -- Up-to-date: /home/ubuntu/turtlebot3_ws/install/realsense2_camera_msgs/lib/python3.8/site-packages/realsense2_camera_msgs/msg/_metadata.py
[3.948s] -- Up-to-date: /home/ubuntu/turtlebot3_ws/install/realsense2_camera_msgs/lib/python3.8/site-packages/realsense2_camera_msgs/msg/_imu_info.py
[3.949s] -- Up-to-date: /home/ubuntu/turtlebot3_ws/install/realsense2_camera_msgs/lib/python3.8/site-packages/realsense2_camera_msgs/srv
[3.949s] -- Up-to-date: /home/ubuntu/turtlebot3_ws/install/realsense2_camera_msgs/lib/python3.8/site-packages/realsense2_camera_msgs/srv/__init__.py
[3.950s] -- Up-to-date: /home/ubuntu/turtlebot3_ws/install/realsense2_camera_msgs/lib/python3.8/site-packages/realsense2_camera_msgs/srv/_device_info.py
[3.950s] -- Up-to-date: /home/ubuntu/turtlebot3_ws/install/realsense2_camera_msgs/lib/python3.8/site-packages/realsense2_camera_msgs/srv/_device_info_s.c
[3.951s] -- Up-to-date: /home/ubuntu/turtlebot3_ws/install/realsense2_camera_msgs/lib/python3.8/site-packages/realsense2_camera_msgs/realsense2_camera_msgs_s__rosidl_typesupport_fastrtps_c.cpython-38-aarch64-linux-gnu.so
[3.952s] -- Up-to-date: /home/ubuntu/turtlebot3_ws/install/realsense2_camera_msgs/lib/python3.8/site-packages/realsense2_camera_msgs/realsense2_camera_msgs_s__rosidl_typesupport_introspection_c.cpython-38-aarch64-linux-gnu.so
[3.955s] -- Up-to-date: /home/ubuntu/turtlebot3_ws/install/realsense2_camera_msgs/lib/python3.8/site-packages/realsense2_camera_msgs/realsense2_camera_msgs_s__rosidl_typesupport_c.cpython-38-aarch64-linux-gnu.so
[3.959s] -- Up-to-date: /home/ubuntu/turtlebot3_ws/install/realsense2_camera_msgs/lib/librealsense2_camera_msgs__python.so
[3.962s] -- Up-to-date: /home/ubuntu/turtlebot3_ws/install/realsense2_camera_msgs/share/realsense2_camera_msgs/msg/IMUInfo.idl
[3.963s] -- Up-to-date: /home/ubuntu/turtlebot3_ws/install/realsense2_camera_msgs/share/realsense2_camera_msgs/msg/Extrinsics.idl
[3.964s] -- Up-to-date: /home/ubuntu/turtlebot3_ws/install/realsense2_camera_msgs/share/realsense2_camera_msgs/msg/Metadata.idl
[3.966s] -- Up-to-date: /home/ubuntu/turtlebot3_ws/install/realsense2_camera_msgs/share/realsense2_camera_msgs/srv/DeviceInfo.idl
[3.967s] -- Up-to-date: /home/ubuntu/turtlebot3_ws/install/realsense2_camera_msgs/share/realsense2_camera_msgs/msg/IMUInfo.msg
[3.974s] -- Up-to-date: /home/ubuntu/turtlebot3_ws/install/realsense2_camera_msgs/share/realsense2_camera_msgs/msg/Extrinsics.msg
[3.975s] -- Up-to-date: /home/ubuntu/turtlebot3_ws/install/realsense2_camera_msgs/share/realsense2_camera_msgs/msg/Metadata.msg
[3.975s] -- Up-to-date: /home/ubuntu/turtlebot3_ws/install/realsense2_camera_msgs/share/realsense2_camera_msgs/srv/DeviceInfo.srv
[3.976s] -- Up-to-date: /home/ubuntu/turtlebot3_ws/install/realsense2_camera_msgs/share/realsense2_camera_msgs/srv/DeviceInfo_Request.msg
[3.977s] -- Up-to-date: /home/ubuntu/turtlebot3_ws/install/realsense2_camera_msgs/share/realsense2_camera_msgs/srv/DeviceInfo_Response.msg
[3.978s] -- Up-to-date: /home/ubuntu/turtlebot3_ws/install/realsense2_camera_msgs/share/ament_index/resource_index/package_run_dependencies/realsense2_camera_msgs
[3.978s] -- Up-to-date: /home/ubuntu/turtlebot3_ws/install/realsense2_camera_msgs/share/ament_index/resource_index/parent_prefix_path/realsense2_camera_msgs
[3.979s] -- Up-to-date: /home/ubuntu/turtlebot3_ws/install/realsense2_camera_msgs/share/realsense2_camera_msgs/environment/ament_prefix_path.sh
[3.980s] -- Up-to-date: /home/ubuntu/turtlebot3_ws/install/realsense2_camera_msgs/share/realsense2_camera_msgs/environment/ament_prefix_path.dsv
[3.981s] -- Up-to-date: /home/ubuntu/turtlebot3_ws/install/realsense2_camera_msgs/share/realsense2_camera_msgs/environment/path.sh
[3.982s] -- Up-to-date: /home/ubuntu/turtlebot3_ws/install/realsense2_camera_msgs/share/realsense2_camera_msgs/environment/path.dsv
[3.983s] -- Up-to-date: /home/ubuntu/turtlebot3_ws/install/realsense2_camera_msgs/share/realsense2_camera_msgs/local_setup.bash
[3.983s] -- Up-to-date: /home/ubuntu/turtlebot3_ws/install/realsense2_camera_msgs/share/realsense2_camera_msgs/local_setup.sh
[3.984s] -- Up-to-date: /home/ubuntu/turtlebot3_ws/install/realsense2_camera_msgs/share/realsense2_camera_msgs/local_setup.zsh
[3.986s] -- Up-to-date: /home/ubuntu/turtlebot3_ws/install/realsense2_camera_msgs/share/realsense2_camera_msgs/local_setup.dsv
[3.987s] -- Installing: /home/ubuntu/turtlebot3_ws/install/realsense2_camera_msgs/share/realsense2_camera_msgs/package.dsv
[3.988s] -- Up-to-date: /home/ubuntu/turtlebot3_ws/install/realsense2_camera_msgs/share/ament_index/resource_index/packages/realsense2_camera_msgs
[3.988s] -- Up-to-date: /home/ubuntu/turtlebot3_ws/install/realsense2_camera_msgs/share/realsense2_camera_msgs/cmake/realsense2_camera_msgs__rosidl_generator_cExport.cmake
[3.989s] -- Up-to-date: /home/ubuntu/turtlebot3_ws/install/realsense2_camera_msgs/share/realsense2_camera_msgs/cmake/realsense2_camera_msgs__rosidl_generator_cExport-noconfig.cmake
[3.990s] -- Up-to-date: /home/ubuntu/turtlebot3_ws/install/realsense2_camera_msgs/share/realsense2_camera_msgs/cmake/realsense2_camera_msgs__rosidl_typesupport_introspection_cExport.cmake
[3.990s] -- Up-to-date: /home/ubuntu/turtlebot3_ws/install/realsense2_camera_msgs/share/realsense2_camera_msgs/cmake/realsense2_camera_msgs__rosidl_typesupport_introspection_cExport-noconfig.cmake
[3.993s] -- Up-to-date: /home/ubuntu/turtlebot3_ws/install/realsense2_camera_msgs/share/realsense2_camera_msgs/cmake/realsense2_camera_msgs__rosidl_typesupport_cExport.cmake
[3.994s] -- Up-to-date: /home/ubuntu/turtlebot3_ws/install/realsense2_camera_msgs/share/realsense2_camera_msgs/cmake/realsense2_camera_msgs__rosidl_typesupport_cExport-noconfig.cmake
[3.995s] -- Up-to-date: /home/ubuntu/turtlebot3_ws/install/realsense2_camera_msgs/share/realsense2_camera_msgs/cmake/realsense2_camera_msgs__rosidl_generator_cppExport.cmake
[3.999s] -- Up-to-date: /home/ubuntu/turtlebot3_ws/install/realsense2_camera_msgs/share/realsense2_camera_msgs/cmake/realsense2_camera_msgs__rosidl_typesupport_introspection_cppExport.cmake
[4.000s] -- Up-to-date: /home/ubuntu/turtlebot3_ws/install/realsense2_camera_msgs/share/realsense2_camera_msgs/cmake/realsense2_camera_msgs__rosidl_typesupport_introspection_cppExport-noconfig.cmake
[4.011s] -- Up-to-date: /home/ubuntu/turtlebot3_ws/install/realsense2_camera_msgs/share/realsense2_camera_msgs/cmake/realsense2_camera_msgs__rosidl_typesupport_cppExport.cmake
[4.012s] -- Up-to-date: /home/ubuntu/turtlebot3_ws/install/realsense2_camera_msgs/share/realsense2_camera_msgs/cmake/realsense2_camera_msgs__rosidl_typesupport_cppExport-noconfig.cmake
[4.012s] -- Up-to-date: /home/ubuntu/turtlebot3_ws/install/realsense2_camera_msgs/share/realsense2_camera_msgs/cmake/rosidl_cmake-extras.cmake
[4.013s] -- Up-to-date: /home/ubuntu/turtlebot3_ws/install/realsense2_camera_msgs/share/realsense2_camera_msgs/cmake/ament_cmake_export_dependencies-extras.cmake
[4.014s] -- Up-to-date: /home/ubuntu/turtlebot3_ws/install/realsense2_camera_msgs/share/realsense2_camera_msgs/cmake/ament_cmake_export_libraries-extras.cmake
[4.014s] -- Up-to-date: /home/ubuntu/turtlebot3_ws/install/realsense2_camera_msgs/share/realsense2_camera_msgs/cmake/ament_cmake_export_targets-extras.cmake
[4.015s] -- Up-to-date: /home/ubuntu/turtlebot3_ws/install/realsense2_camera_msgs/share/realsense2_camera_msgs/cmake/ament_cmake_export_include_directories-extras.cmake
[4.016s] -- Up-to-date: /home/ubuntu/turtlebot3_ws/install/realsense2_camera_msgs/share/realsense2_camera_msgs/cmake/rosidl_cmake_export_typesupport_libraries-extras.cmake
[4.016s] -- Up-to-date: /home/ubuntu/turtlebot3_ws/install/realsense2_camera_msgs/share/realsense2_camera_msgs/cmake/rosidl_cmake_export_typesupport_targets-extras.cmake
[4.017s] -- Up-to-date: /home/ubuntu/turtlebot3_ws/install/realsense2_camera_msgs/share/realsense2_camera_msgs/cmake/realsense2_camera_msgsConfig.cmake
[4.018s] -- Up-to-date: /home/ubuntu/turtlebot3_ws/install/realsense2_camera_msgs/share/realsense2_camera_msgs/cmake/realsense2_camera_msgsConfig-version.cmake
[4.019s] -- Up-to-date: /home/ubuntu/turtlebot3_ws/install/realsense2_camera_msgs/share/realsense2_camera_msgs/package.xml
[4.042s] Invoked command in '/home/ubuntu/turtlebot3_ws/build/realsense2_camera_msgs' returned '0': CMAKE_PREFIX_PATH=${CMAKE_PREFIX_PATH}:/home/ubuntu/turtlebot3_ws/install/turtlebot3_teleop:/home/ubuntu/turtlebot3_ws/install/turtlebot3_example:/opt/ros/foxy /usr/bin/cmake --install /home/ubuntu/turtlebot3_ws/build/realsense2_camera_msgs
