[0.239s] Invoking command in '/home/ubuntu/turtlebot3_ws/build/realsense2_camera_msgs': CMAKE_PREFIX_PATH=${CMAKE_PREFIX_PATH}:/home/ubuntu/turtlebot3_ws/install/turtlebot3_teleop:/home/ubuntu/turtlebot3_ws/install/turtlebot3_example:/opt/ros/foxy /usr/bin/cmake /home/ubuntu/turtlebot3_ws/src/realsense-ros/realsense2_camera_msgs -DCMAKE_INSTALL_PREFIX=/home/ubuntu/turtlebot3_ws/install/realsense2_camera_msgs
[1.598s] -- The C compiler identification is GNU 9.4.0
[2.959s] -- The CXX compiler identification is GNU 9.4.0
[2.986s] -- Check for working C compiler: /usr/bin/cc
[3.365s] -- Check for working C compiler: /usr/bin/cc -- works
[3.366s] -- Detecting C compiler ABI info
[3.744s] -- Detecting C compiler ABI info - done
[3.791s] -- Detecting C compile features
[3.795s] -- Detecting C compile features - done
[3.810s] -- Check for working CXX compiler: /usr/bin/c++
[4.198s] -- Check for working CXX compiler: /usr/bin/c++ -- works
[4.203s] -- Detecting CXX compiler ABI info
[4.645s] -- Detecting CXX compiler ABI info - done
[4.705s] -- Detecting CXX compile features
[4.709s] -- Detecting CXX compile features - done
[4.747s] -- Found ament_cmake: 0.9.11 (/opt/ros/foxy/share/ament_cmake/cmake)
[4.973s] -- Found PythonInterp: /usr/bin/python3 (found suitable version "3.8.10", minimum required is "3") 
[4.974s] -- Using PYTHON_EXECUTABLE: /usr/bin/python3
[6.395s] -- Found rosidl_default_generators: 1.0.1 (/opt/ros/foxy/share/rosidl_default_generators/cmake)
[6.438s] -- Using all available rosidl_typesupport_c: rosidl_typesupport_fastrtps_c;rosidl_typesupport_introspection_c
[6.525s] -- Found rosidl_adapter: 1.3.0 (/opt/ros/foxy/share/rosidl_adapter/cmake)
[7.502s] -- Found OpenSSL: /usr/lib/aarch64-linux-gnu/libcrypto.so (found version "1.1.1f")  
[7.829s] -- Found FastRTPS: /opt/ros/foxy/include  
[8.626s] -- Using all available rosidl_typesupport_cpp: rosidl_typesupport_fastrtps_cpp;rosidl_typesupport_introspection_cpp
[8.848s] -- Found builtin_interfaces: 1.0.0 (/opt/ros/foxy/share/builtin_interfaces/cmake)
[8.955s] -- Found std_msgs: 2.0.5 (/opt/ros/foxy/share/std_msgs/cmake)
[9.215s] -- Found PythonInterp: /usr/bin/python3 (found version "3.8.10") 
[10.364s] -- Found ament_cmake_cppcheck: 0.9.7 (/opt/ros/foxy/share/ament_cmake_cppcheck/cmake)
[10.396s] -- Found ament_cmake_cpplint: 0.9.7 (/opt/ros/foxy/share/ament_cmake_cpplint/cmake)
[10.434s] -- Found ament_cmake_uncrustify: 0.9.7 (/opt/ros/foxy/share/ament_cmake_uncrustify/cmake)
[10.471s] -- Found ament_cmake_ros: 0.9.2 (/opt/ros/foxy/share/ament_cmake_ros/cmake)
[12.043s] -- Using all available rosidl_typesupport_c: rosidl_typesupport_fastrtps_c;rosidl_typesupport_introspection_c
[12.410s] -- Using all available rosidl_typesupport_cpp: rosidl_typesupport_fastrtps_cpp;rosidl_typesupport_introspection_cpp
[12.581s] -- Found PythonInterp: /usr/bin/python3 (found suitable version "3.8.10", minimum required is "3.5") 
[12.606s] -- Found python_cmake_module: 0.8.1 (/opt/ros/foxy/share/python_cmake_module/cmake)
[12.779s] -- Found PythonLibs: /usr/lib/aarch64-linux-gnu/libpython3.8.so (found suitable version "3.8.10", minimum required is "3.5") 
[12.780s] -- Using PYTHON_EXECUTABLE: /usr/bin/python3
[12.781s] -- Using PYTHON_INCLUDE_DIRS: /usr/include/python3.8
[12.781s] -- Using PYTHON_LIBRARIES: /usr/lib/aarch64-linux-gnu/libpython3.8.so
[12.921s] -- Found PythonExtra: .so  
[13.335s] -- Found ament_cmake_flake8: 0.9.7 (/opt/ros/foxy/share/ament_cmake_flake8/cmake)
[13.372s] -- Found ament_cmake_pep257: 0.9.7 (/opt/ros/foxy/share/ament_cmake_pep257/cmake)
[13.471s] -- Configuring done
[13.815s] -- Generating done
[13.832s] -- Build files have been written to: /home/ubuntu/turtlebot3_ws/build/realsense2_camera_msgs
[13.873s] Invoked command in '/home/ubuntu/turtlebot3_ws/build/realsense2_camera_msgs' returned '0': CMAKE_PREFIX_PATH=${CMAKE_PREFIX_PATH}:/home/ubuntu/turtlebot3_ws/install/turtlebot3_teleop:/home/ubuntu/turtlebot3_ws/install/turtlebot3_example:/opt/ros/foxy /usr/bin/cmake /home/ubuntu/turtlebot3_ws/src/realsense-ros/realsense2_camera_msgs -DCMAKE_INSTALL_PREFIX=/home/ubuntu/turtlebot3_ws/install/realsense2_camera_msgs
[13.883s] Invoking command in '/home/ubuntu/turtlebot3_ws/build/realsense2_camera_msgs': CMAKE_PREFIX_PATH=${CMAKE_PREFIX_PATH}:/home/ubuntu/turtlebot3_ws/install/turtlebot3_teleop:/home/ubuntu/turtlebot3_ws/install/turtlebot3_example:/opt/ros/foxy /usr/bin/cmake --build /home/ubuntu/turtlebot3_ws/build/realsense2_camera_msgs -- -j4 -l4
[14.087s] [35m[1mScanning dependencies of target realsense2_camera_msgs__cpp[0m
[14.108s] [  1%] [34m[1mGenerating C code for ROS interfaces[0m
[14.147s] [  3%] [34m[1mGenerating C++ code for ROS interfaces[0m
[16.411s] [  3%] Built target realsense2_camera_msgs__cpp
[16.495s] [  5%] [34m[1mGenerating C++ type support dispatch for ROS interfaces[0m
[16.602s] [  7%] [34m[1mGenerating C++ type support for eProsima Fast-RTPS[0m
[16.660s] [  9%] [34m[1mGenerating C++ introspection for ROS interfaces[0m
[16.800s] [35m[1mScanning dependencies of target realsense2_camera_msgs__rosidl_generator_c[0m
[16.954s] [ 10%] [32mBuilding C object CMakeFiles/realsense2_camera_msgs__rosidl_generator_c.dir/rosidl_generator_c/realsense2_camera_msgs/msg/detail/imu_info__functions.c.o[0m
[17.442s] [ 12%] [32mBuilding C object CMakeFiles/realsense2_camera_msgs__rosidl_generator_c.dir/rosidl_generator_c/realsense2_camera_msgs/msg/detail/extrinsics__functions.c.o[0m
[17.678s] [ 14%] [32mBuilding C object CMakeFiles/realsense2_camera_msgs__rosidl_generator_c.dir/rosidl_generator_c/realsense2_camera_msgs/msg/detail/metadata__functions.c.o[0m
[17.933s] [ 16%] [32mBuilding C object CMakeFiles/realsense2_camera_msgs__rosidl_generator_c.dir/rosidl_generator_c/realsense2_camera_msgs/srv/detail/device_info__functions.c.o[0m
[18.278s] [ 18%] [32m[1mLinking C shared library librealsense2_camera_msgs__rosidl_generator_c.so[0m
[18.295s] [35m[1mScanning dependencies of target realsense2_camera_msgs__rosidl_typesupport_cpp[0m
[18.386s] [ 20%] [32mBuilding CXX object CMakeFiles/realsense2_camera_msgs__rosidl_typesupport_cpp.dir/rosidl_typesupport_cpp/realsense2_camera_msgs/msg/imu_info__type_support.cpp.o[0m
[18.521s] [ 20%] Built target realsense2_camera_msgs__rosidl_generator_c
[18.588s] [ 21%] [34m[1mGenerating C introspection for ROS interfaces[0m
[18.818s] [35m[1mScanning dependencies of target realsense2_camera_msgs__rosidl_typesupport_introspection_cpp[0m
[18.913s] [ 23%] [32mBuilding CXX object CMakeFiles/realsense2_camera_msgs__rosidl_typesupport_introspection_cpp.dir/rosidl_typesupport_introspection_cpp/realsense2_camera_msgs/msg/detail/imu_info__type_support.cpp.o[0m
[19.087s] [35m[1mScanning dependencies of target realsense2_camera_msgs__rosidl_typesupport_fastrtps_cpp[0m
[19.251s] [ 25%] [32mBuilding CXX object CMakeFiles/realsense2_camera_msgs__rosidl_typesupport_fastrtps_cpp.dir/rosidl_typesupport_fastrtps_cpp/realsense2_camera_msgs/msg/detail/dds_fastrtps/imu_info__type_support.cpp.o[0m
[20.309s] [ 27%] [32mBuilding CXX object CMakeFiles/realsense2_camera_msgs__rosidl_typesupport_cpp.dir/rosidl_typesupport_cpp/realsense2_camera_msgs/msg/extrinsics__type_support.cpp.o[0m
[20.669s] [ 29%] [32mBuilding CXX object CMakeFiles/realsense2_camera_msgs__rosidl_typesupport_introspection_cpp.dir/rosidl_typesupport_introspection_cpp/realsense2_camera_msgs/msg/detail/extrinsics__type_support.cpp.o[0m
[20.890s] [35m[1mScanning dependencies of target realsense2_camera_msgs__rosidl_typesupport_introspection_c[0m
[20.988s] [ 30%] [32mBuilding C object CMakeFiles/realsense2_camera_msgs__rosidl_typesupport_introspection_c.dir/rosidl_typesupport_introspection_c/realsense2_camera_msgs/msg/detail/imu_info__type_support.c.o[0m
[21.187s] [ 32%] [32mBuilding C object CMakeFiles/realsense2_camera_msgs__rosidl_typesupport_introspection_c.dir/rosidl_typesupport_introspection_c/realsense2_camera_msgs/msg/detail/extrinsics__type_support.c.o[0m
[21.377s] [ 34%] [32mBuilding C object CMakeFiles/realsense2_camera_msgs__rosidl_typesupport_introspection_c.dir/rosidl_typesupport_introspection_c/realsense2_camera_msgs/msg/detail/metadata__type_support.c.o[0m
[21.606s] [ 36%] [32mBuilding C object CMakeFiles/realsense2_camera_msgs__rosidl_typesupport_introspection_c.dir/rosidl_typesupport_introspection_c/realsense2_camera_msgs/srv/detail/device_info__type_support.c.o[0m
[21.812s] [ 38%] [32m[1mLinking C shared library librealsense2_camera_msgs__rosidl_typesupport_introspection_c.so[0m
[22.001s] [ 38%] Built target realsense2_camera_msgs__rosidl_typesupport_introspection_c
[22.035s] [ 40%] [32mBuilding CXX object CMakeFiles/realsense2_camera_msgs__rosidl_typesupport_fastrtps_cpp.dir/rosidl_typesupport_fastrtps_cpp/realsense2_camera_msgs/msg/detail/dds_fastrtps/extrinsics__type_support.cpp.o[0m
[22.041s] [ 41%] [32mBuilding CXX object CMakeFiles/realsense2_camera_msgs__rosidl_typesupport_cpp.dir/rosidl_typesupport_cpp/realsense2_camera_msgs/msg/metadata__type_support.cpp.o[0m
[22.056s] [ 43%] [32mBuilding CXX object CMakeFiles/realsense2_camera_msgs__rosidl_typesupport_cpp.dir/rosidl_typesupport_cpp/realsense2_camera_msgs/srv/device_info__type_support.cpp.o[0m
[22.477s] [ 45%] [32mBuilding CXX object CMakeFiles/realsense2_camera_msgs__rosidl_typesupport_introspection_cpp.dir/rosidl_typesupport_introspection_cpp/realsense2_camera_msgs/msg/detail/metadata__type_support.cpp.o[0m
[23.634s] [ 47%] [32mBuilding CXX object CMakeFiles/realsense2_camera_msgs__rosidl_typesupport_fastrtps_cpp.dir/rosidl_typesupport_fastrtps_cpp/realsense2_camera_msgs/msg/detail/dds_fastrtps/metadata__type_support.cpp.o[0m
[23.741s] [ 49%] [32m[1mLinking CXX shared library librealsense2_camera_msgs__rosidl_typesupport_cpp.so[0m
[23.960s] [ 49%] Built target realsense2_camera_msgs__rosidl_typesupport_cpp
[24.021s] [ 50%] [32mBuilding CXX object CMakeFiles/realsense2_camera_msgs__rosidl_typesupport_introspection_cpp.dir/rosidl_typesupport_introspection_cpp/realsense2_camera_msgs/srv/detail/device_info__type_support.cpp.o[0m
[24.259s] [ 52%] [32mBuilding CXX object CMakeFiles/realsense2_camera_msgs__rosidl_typesupport_fastrtps_cpp.dir/rosidl_typesupport_fastrtps_cpp/realsense2_camera_msgs/srv/detail/dds_fastrtps/device_info__type_support.cpp.o[0m
[24.524s] [ 54%] [34m[1mGenerating C type support dispatch for ROS interfaces[0m
[25.820s] [ 56%] [32m[1mLinking CXX shared library librealsense2_camera_msgs__rosidl_typesupport_introspection_cpp.so[0m
[26.187s] [ 56%] Built target realsense2_camera_msgs__rosidl_typesupport_introspection_cpp
[26.349s] [35m[1mScanning dependencies of target realsense2_camera_msgs__rosidl_typesupport_c[0m
[26.426s] [ 58%] [32mBuilding CXX object CMakeFiles/realsense2_camera_msgs__rosidl_typesupport_c.dir/rosidl_typesupport_c/realsense2_camera_msgs/msg/imu_info__type_support.cpp.o[0m
[26.427s] [ 60%] [32mBuilding CXX object CMakeFiles/realsense2_camera_msgs__rosidl_typesupport_c.dir/rosidl_typesupport_c/realsense2_camera_msgs/msg/extrinsics__type_support.cpp.o[0m
[26.435s] [ 61%] [32mBuilding CXX object CMakeFiles/realsense2_camera_msgs__rosidl_typesupport_c.dir/rosidl_typesupport_c/realsense2_camera_msgs/msg/metadata__type_support.cpp.o[0m
[26.608s] [ 63%] [32mBuilding CXX object CMakeFiles/realsense2_camera_msgs__rosidl_typesupport_c.dir/rosidl_typesupport_c/realsense2_camera_msgs/srv/device_info__type_support.cpp.o[0m
[26.762s] [ 65%] [32m[1mLinking CXX shared library librealsense2_camera_msgs__rosidl_typesupport_c.so[0m
[26.926s] [ 67%] [32m[1mLinking CXX shared library librealsense2_camera_msgs__rosidl_typesupport_fastrtps_cpp.so[0m
[26.939s] [ 67%] Built target realsense2_camera_msgs__rosidl_typesupport_c
[27.281s] [ 67%] Built target realsense2_camera_msgs__rosidl_typesupport_fastrtps_cpp
[27.333s] [ 69%] [34m[1mGenerating C type support for eProsima Fast-RTPS[0m
[28.976s] [35m[1mScanning dependencies of target realsense2_camera_msgs__rosidl_typesupport_fastrtps_c[0m
[29.094s] [ 70%] [32mBuilding CXX object CMakeFiles/realsense2_camera_msgs__rosidl_typesupport_fastrtps_c.dir/rosidl_typesupport_fastrtps_c/realsense2_camera_msgs/msg/detail/imu_info__type_support_c.cpp.o[0m
[29.096s] [ 72%] [32mBuilding CXX object CMakeFiles/realsense2_camera_msgs__rosidl_typesupport_fastrtps_c.dir/rosidl_typesupport_fastrtps_c/realsense2_camera_msgs/msg/detail/extrinsics__type_support_c.cpp.o[0m
[29.100s] [ 74%] [32mBuilding CXX object CMakeFiles/realsense2_camera_msgs__rosidl_typesupport_fastrtps_c.dir/rosidl_typesupport_fastrtps_c/realsense2_camera_msgs/msg/detail/metadata__type_support_c.cpp.o[0m
[29.130s] [ 76%] [32mBuilding CXX object CMakeFiles/realsense2_camera_msgs__rosidl_typesupport_fastrtps_c.dir/rosidl_typesupport_fastrtps_c/realsense2_camera_msgs/srv/detail/device_info__type_support_c.cpp.o[0m
[31.338s] [ 78%] [32m[1mLinking CXX shared library librealsense2_camera_msgs__rosidl_typesupport_fastrtps_c.so[0m
[31.682s] [ 78%] Built target realsense2_camera_msgs__rosidl_typesupport_fastrtps_c
[31.728s] [35m[1mScanning dependencies of target realsense2_camera_msgs[0m
[31.779s] [ 78%] Built target realsense2_camera_msgs
[31.824s] [35m[1mScanning dependencies of target realsense2_camera_msgs__py[0m
[31.873s] [ 80%] [34m[1mGenerating Python code for ROS interfaces[0m
[35.594s] [ 80%] Built target realsense2_camera_msgs__py
[35.641s] [35m[1mScanning dependencies of target realsense2_camera_msgs__python[0m
[35.860s] [ 81%] [32mBuilding C object CMakeFiles/realsense2_camera_msgs__python.dir/rosidl_generator_py/realsense2_camera_msgs/msg/_extrinsics_s.c.o[0m
[35.873s] [ 83%] [32mBuilding C object CMakeFiles/realsense2_camera_msgs__python.dir/rosidl_generator_py/realsense2_camera_msgs/srv/_device_info_s.c.o[0m
[35.874s] [ 85%] [32mBuilding C object CMakeFiles/realsense2_camera_msgs__python.dir/rosidl_generator_py/realsense2_camera_msgs/msg/_imu_info_s.c.o[0m
[35.885s] [ 87%] [32mBuilding C object CMakeFiles/realsense2_camera_msgs__python.dir/rosidl_generator_py/realsense2_camera_msgs/msg/_metadata_s.c.o[0m
[36.492s] [ 89%] [32m[1mLinking C shared library rosidl_generator_py/realsense2_camera_msgs/librealsense2_camera_msgs__python.so[0m
[36.710s] [ 89%] Built target realsense2_camera_msgs__python
[36.757s] [35m[1mScanning dependencies of target realsense2_camera_msgs__rosidl_typesupport_c__pyext[0m
[36.758s] [35m[1mScanning dependencies of target realsense2_camera_msgs__rosidl_typesupport_introspection_c__pyext[0m
[36.759s] [35m[1mScanning dependencies of target realsense2_camera_msgs__rosidl_typesupport_fastrtps_c__pyext[0m
[36.869s] [ 90%] [32mBuilding C object CMakeFiles/realsense2_camera_msgs__rosidl_typesupport_c__pyext.dir/rosidl_generator_py/realsense2_camera_msgs/_realsense2_camera_msgs_s.ep.rosidl_typesupport_c.c.o[0m
[36.873s] [ 92%] [32mBuilding C object CMakeFiles/realsense2_camera_msgs__rosidl_typesupport_introspection_c__pyext.dir/rosidl_generator_py/realsense2_camera_msgs/_realsense2_camera_msgs_s.ep.rosidl_typesupport_introspection_c.c.o[0m
[36.894s] [ 94%] [32mBuilding C object CMakeFiles/realsense2_camera_msgs__rosidl_typesupport_fastrtps_c__pyext.dir/rosidl_generator_py/realsense2_camera_msgs/_realsense2_camera_msgs_s.ep.rosidl_typesupport_fastrtps_c.c.o[0m
[37.340s] [ 96%] [32m[1mLinking C shared library rosidl_generator_py/realsense2_camera_msgs/realsense2_camera_msgs_s__rosidl_typesupport_c.cpython-38-aarch64-linux-gnu.so[0m
[37.345s] [ 98%] [32m[1mLinking C shared library rosidl_generator_py/realsense2_camera_msgs/realsense2_camera_msgs_s__rosidl_typesupport_introspection_c.cpython-38-aarch64-linux-gnu.so[0m
[37.394s] [100%] [32m[1mLinking CXX shared library rosidl_generator_py/realsense2_camera_msgs/realsense2_camera_msgs_s__rosidl_typesupport_fastrtps_c.cpython-38-aarch64-linux-gnu.so[0m
[37.573s] [100%] Built target realsense2_camera_msgs__rosidl_typesupport_c__pyext
[37.582s] [100%] Built target realsense2_camera_msgs__rosidl_typesupport_introspection_c__pyext
[37.736s] [100%] Built target realsense2_camera_msgs__rosidl_typesupport_fastrtps_c__pyext
[37.784s] Invoked command in '/home/ubuntu/turtlebot3_ws/build/realsense2_camera_msgs' returned '0': CMAKE_PREFIX_PATH=${CMAKE_PREFIX_PATH}:/home/ubuntu/turtlebot3_ws/install/turtlebot3_teleop:/home/ubuntu/turtlebot3_ws/install/turtlebot3_example:/opt/ros/foxy /usr/bin/cmake --build /home/ubuntu/turtlebot3_ws/build/realsense2_camera_msgs -- -j4 -l4
[38.448s] Invoking command in '/home/ubuntu/turtlebot3_ws/build/realsense2_camera_msgs': CMAKE_PREFIX_PATH=${CMAKE_PREFIX_PATH}:/home/ubuntu/turtlebot3_ws/install/turtlebot3_teleop:/home/ubuntu/turtlebot3_ws/install/turtlebot3_example:/opt/ros/foxy /usr/bin/cmake --install /home/ubuntu/turtlebot3_ws/build/realsense2_camera_msgs
[38.484s] -- Install configuration: ""
[38.485s] -- Installing: /home/ubuntu/turtlebot3_ws/install/realsense2_camera_msgs/share/ament_index/resource_index/rosidl_interfaces/realsense2_camera_msgs
[38.486s] -- Installing: /home/ubuntu/turtlebot3_ws/install/realsense2_camera_msgs/include/realsense2_camera_msgs
[38.487s] -- Installing: /home/ubuntu/turtlebot3_ws/install/realsense2_camera_msgs/include/realsense2_camera_msgs/msg
[38.488s] -- Installing: /home/ubuntu/turtlebot3_ws/install/realsense2_camera_msgs/include/realsense2_camera_msgs/msg/extrinsics.h
[38.489s] -- Installing: /home/ubuntu/turtlebot3_ws/install/realsense2_camera_msgs/include/realsense2_camera_msgs/msg/imu_info.h
[38.490s] -- Installing: /home/ubuntu/turtlebot3_ws/install/realsense2_camera_msgs/include/realsense2_camera_msgs/msg/metadata.h
[38.490s] -- Installing: /home/ubuntu/turtlebot3_ws/install/realsense2_camera_msgs/include/realsense2_camera_msgs/msg/detail
[38.491s] -- Installing: /home/ubuntu/turtlebot3_ws/install/realsense2_camera_msgs/include/realsense2_camera_msgs/msg/detail/metadata__type_support.h
[38.492s] -- Installing: /home/ubuntu/turtlebot3_ws/install/realsense2_camera_msgs/include/realsense2_camera_msgs/msg/detail/imu_info__struct.h
[38.493s] -- Installing: /home/ubuntu/turtlebot3_ws/install/realsense2_camera_msgs/include/realsense2_camera_msgs/msg/detail/extrinsics__functions.c
[38.494s] -- Installing: /home/ubuntu/turtlebot3_ws/install/realsense2_camera_msgs/include/realsense2_camera_msgs/msg/detail/imu_info__functions.c
[38.496s] -- Installing: /home/ubuntu/turtlebot3_ws/install/realsense2_camera_msgs/include/realsense2_camera_msgs/msg/detail/imu_info__functions.h
[38.497s] -- Installing: /home/ubuntu/turtlebot3_ws/install/realsense2_camera_msgs/include/realsense2_camera_msgs/msg/detail/metadata__functions.c
[38.498s] -- Installing: /home/ubuntu/turtlebot3_ws/install/realsense2_camera_msgs/include/realsense2_camera_msgs/msg/detail/extrinsics__struct.h
[38.499s] -- Installing: /home/ubuntu/turtlebot3_ws/install/realsense2_camera_msgs/include/realsense2_camera_msgs/msg/detail/metadata__struct.h
[38.500s] -- Installing: /home/ubuntu/turtlebot3_ws/install/realsense2_camera_msgs/include/realsense2_camera_msgs/msg/detail/metadata__functions.h
[38.501s] -- Installing: /home/ubuntu/turtlebot3_ws/install/realsense2_camera_msgs/include/realsense2_camera_msgs/msg/detail/imu_info__type_support.h
[38.502s] -- Installing: /home/ubuntu/turtlebot3_ws/install/realsense2_camera_msgs/include/realsense2_camera_msgs/msg/detail/extrinsics__type_support.h
[38.503s] -- Installing: /home/ubuntu/turtlebot3_ws/install/realsense2_camera_msgs/include/realsense2_camera_msgs/msg/detail/extrinsics__functions.h
[38.504s] -- Installing: /home/ubuntu/turtlebot3_ws/install/realsense2_camera_msgs/include/realsense2_camera_msgs/msg/rosidl_generator_c__visibility_control.h
[38.505s] -- Installing: /home/ubuntu/turtlebot3_ws/install/realsense2_camera_msgs/include/realsense2_camera_msgs/srv
[38.505s] -- Installing: /home/ubuntu/turtlebot3_ws/install/realsense2_camera_msgs/include/realsense2_camera_msgs/srv/detail
[38.506s] -- Installing: /home/ubuntu/turtlebot3_ws/install/realsense2_camera_msgs/include/realsense2_camera_msgs/srv/detail/device_info__functions.c
[38.507s] -- Installing: /home/ubuntu/turtlebot3_ws/install/realsense2_camera_msgs/include/realsense2_camera_msgs/srv/detail/device_info__type_support.h
[38.508s] -- Installing: /home/ubuntu/turtlebot3_ws/install/realsense2_camera_msgs/include/realsense2_camera_msgs/srv/detail/device_info__struct.h
[38.509s] -- Installing: /home/ubuntu/turtlebot3_ws/install/realsense2_camera_msgs/include/realsense2_camera_msgs/srv/detail/device_info__functions.h
[38.510s] -- Installing: /home/ubuntu/turtlebot3_ws/install/realsense2_camera_msgs/include/realsense2_camera_msgs/srv/device_info.h
[38.512s] -- Installing: /home/ubuntu/turtlebot3_ws/install/realsense2_camera_msgs/share/realsense2_camera_msgs/environment/library_path.sh
[38.513s] -- Installing: /home/ubuntu/turtlebot3_ws/install/realsense2_camera_msgs/share/realsense2_camera_msgs/environment/library_path.dsv
[38.515s] -- Installing: /home/ubuntu/turtlebot3_ws/install/realsense2_camera_msgs/lib/librealsense2_camera_msgs__rosidl_generator_c.so
[38.518s] -- Set runtime path of "/home/ubuntu/turtlebot3_ws/install/realsense2_camera_msgs/lib/librealsense2_camera_msgs__rosidl_generator_c.so" to ""
[38.518s] -- Up-to-date: /home/ubuntu/turtlebot3_ws/install/realsense2_camera_msgs/include/realsense2_camera_msgs
[38.519s] -- Up-to-date: /home/ubuntu/turtlebot3_ws/install/realsense2_camera_msgs/include/realsense2_camera_msgs/msg
[38.520s] -- Up-to-date: /home/ubuntu/turtlebot3_ws/install/realsense2_camera_msgs/include/realsense2_camera_msgs/msg/detail
[38.520s] -- Installing: /home/ubuntu/turtlebot3_ws/install/realsense2_camera_msgs/include/realsense2_camera_msgs/msg/detail/extrinsics__rosidl_typesupport_fastrtps_c.h
[38.521s] -- Installing: /home/ubuntu/turtlebot3_ws/install/realsense2_camera_msgs/include/realsense2_camera_msgs/msg/detail/metadata__rosidl_typesupport_fastrtps_c.h
[38.522s] -- Installing: /home/ubuntu/turtlebot3_ws/install/realsense2_camera_msgs/include/realsense2_camera_msgs/msg/detail/imu_info__rosidl_typesupport_fastrtps_c.h
[38.523s] -- Installing: /home/ubuntu/turtlebot3_ws/install/realsense2_camera_msgs/include/realsense2_camera_msgs/msg/rosidl_typesupport_fastrtps_c__visibility_control.h
[38.524s] -- Up-to-date: /home/ubuntu/turtlebot3_ws/install/realsense2_camera_msgs/include/realsense2_camera_msgs/srv
[38.525s] -- Up-to-date: /home/ubuntu/turtlebot3_ws/install/realsense2_camera_msgs/include/realsense2_camera_msgs/srv/detail
[38.525s] -- Installing: /home/ubuntu/turtlebot3_ws/install/realsense2_camera_msgs/include/realsense2_camera_msgs/srv/detail/device_info__rosidl_typesupport_fastrtps_c.h
[38.527s] -- Installing: /home/ubuntu/turtlebot3_ws/install/realsense2_camera_msgs/lib/librealsense2_camera_msgs__rosidl_typesupport_fastrtps_c.so
[38.530s] -- Set runtime path of "/home/ubuntu/turtlebot3_ws/install/realsense2_camera_msgs/lib/librealsense2_camera_msgs__rosidl_typesupport_fastrtps_c.so" to ""
[38.530s] -- Up-to-date: /home/ubuntu/turtlebot3_ws/install/realsense2_camera_msgs/include/realsense2_camera_msgs
[38.531s] -- Up-to-date: /home/ubuntu/turtlebot3_ws/install/realsense2_camera_msgs/include/realsense2_camera_msgs/msg
[38.531s] -- Up-to-date: /home/ubuntu/turtlebot3_ws/install/realsense2_camera_msgs/include/realsense2_camera_msgs/msg/detail
[38.531s] -- Installing: /home/ubuntu/turtlebot3_ws/install/realsense2_camera_msgs/include/realsense2_camera_msgs/msg/detail/extrinsics__rosidl_typesupport_fastrtps_cpp.hpp
[38.532s] -- Installing: /home/ubuntu/turtlebot3_ws/install/realsense2_camera_msgs/include/realsense2_camera_msgs/msg/detail/dds_fastrtps
[38.533s] -- Installing: /home/ubuntu/turtlebot3_ws/install/realsense2_camera_msgs/include/realsense2_camera_msgs/msg/detail/imu_info__rosidl_typesupport_fastrtps_cpp.hpp
[38.534s] -- Installing: /home/ubuntu/turtlebot3_ws/install/realsense2_camera_msgs/include/realsense2_camera_msgs/msg/detail/metadata__rosidl_typesupport_fastrtps_cpp.hpp
[38.535s] -- Installing: /home/ubuntu/turtlebot3_ws/install/realsense2_camera_msgs/include/realsense2_camera_msgs/msg/rosidl_typesupport_fastrtps_cpp__visibility_control.h
[38.536s] -- Up-to-date: /home/ubuntu/turtlebot3_ws/install/realsense2_camera_msgs/include/realsense2_camera_msgs/srv
[38.537s] -- Up-to-date: /home/ubuntu/turtlebot3_ws/install/realsense2_camera_msgs/include/realsense2_camera_msgs/srv/detail
[38.537s] -- Installing: /home/ubuntu/turtlebot3_ws/install/realsense2_camera_msgs/include/realsense2_camera_msgs/srv/detail/dds_fastrtps
[38.538s] -- Installing: /home/ubuntu/turtlebot3_ws/install/realsense2_camera_msgs/include/realsense2_camera_msgs/srv/detail/device_info__rosidl_typesupport_fastrtps_cpp.hpp
[38.540s] -- Installing: /home/ubuntu/turtlebot3_ws/install/realsense2_camera_msgs/lib/librealsense2_camera_msgs__rosidl_typesupport_fastrtps_cpp.so
[38.543s] -- Set runtime path of "/home/ubuntu/turtlebot3_ws/install/realsense2_camera_msgs/lib/librealsense2_camera_msgs__rosidl_typesupport_fastrtps_cpp.so" to ""
[38.543s] -- Up-to-date: /home/ubuntu/turtlebot3_ws/install/realsense2_camera_msgs/include/realsense2_camera_msgs
[38.543s] -- Up-to-date: /home/ubuntu/turtlebot3_ws/install/realsense2_camera_msgs/include/realsense2_camera_msgs/msg
[38.544s] -- Up-to-date: /home/ubuntu/turtlebot3_ws/install/realsense2_camera_msgs/include/realsense2_camera_msgs/msg/detail
[38.544s] -- Installing: /home/ubuntu/turtlebot3_ws/install/realsense2_camera_msgs/include/realsense2_camera_msgs/msg/detail/extrinsics__rosidl_typesupport_introspection_c.h
[38.545s] -- Installing: /home/ubuntu/turtlebot3_ws/install/realsense2_camera_msgs/include/realsense2_camera_msgs/msg/detail/imu_info__rosidl_typesupport_introspection_c.h
[38.546s] -- Installing: /home/ubuntu/turtlebot3_ws/install/realsense2_camera_msgs/include/realsense2_camera_msgs/msg/detail/imu_info__type_support.c
[38.548s] -- Installing: /home/ubuntu/turtlebot3_ws/install/realsense2_camera_msgs/include/realsense2_camera_msgs/msg/detail/metadata__rosidl_typesupport_introspection_c.h
[38.549s] -- Installing: /home/ubuntu/turtlebot3_ws/install/realsense2_camera_msgs/include/realsense2_camera_msgs/msg/detail/extrinsics__type_support.c
[38.550s] -- Installing: /home/ubuntu/turtlebot3_ws/install/realsense2_camera_msgs/include/realsense2_camera_msgs/msg/detail/metadata__type_support.c
[38.551s] -- Installing: /home/ubuntu/turtlebot3_ws/install/realsense2_camera_msgs/include/realsense2_camera_msgs/msg/rosidl_typesupport_introspection_c__visibility_control.h
[38.552s] -- Up-to-date: /home/ubuntu/turtlebot3_ws/install/realsense2_camera_msgs/include/realsense2_camera_msgs/srv
[38.552s] -- Up-to-date: /home/ubuntu/turtlebot3_ws/install/realsense2_camera_msgs/include/realsense2_camera_msgs/srv/detail
[38.553s] -- Installing: /home/ubuntu/turtlebot3_ws/install/realsense2_camera_msgs/include/realsense2_camera_msgs/srv/detail/device_info__rosidl_typesupport_introspection_c.h
[38.554s] -- Installing: /home/ubuntu/turtlebot3_ws/install/realsense2_camera_msgs/include/realsense2_camera_msgs/srv/detail/device_info__type_support.c
[38.556s] -- Installing: /home/ubuntu/turtlebot3_ws/install/realsense2_camera_msgs/lib/librealsense2_camera_msgs__rosidl_typesupport_introspection_c.so
[38.558s] -- Set runtime path of "/home/ubuntu/turtlebot3_ws/install/realsense2_camera_msgs/lib/librealsense2_camera_msgs__rosidl_typesupport_introspection_c.so" to ""
[38.559s] -- Installing: /home/ubuntu/turtlebot3_ws/install/realsense2_camera_msgs/lib/librealsense2_camera_msgs__rosidl_typesupport_c.so
[38.561s] -- Set runtime path of "/home/ubuntu/turtlebot3_ws/install/realsense2_camera_msgs/lib/librealsense2_camera_msgs__rosidl_typesupport_c.so" to ""
[38.562s] -- Up-to-date: /home/ubuntu/turtlebot3_ws/install/realsense2_camera_msgs/include/realsense2_camera_msgs
[38.562s] -- Up-to-date: /home/ubuntu/turtlebot3_ws/install/realsense2_camera_msgs/include/realsense2_camera_msgs/msg
[38.563s] -- Installing: /home/ubuntu/turtlebot3_ws/install/realsense2_camera_msgs/include/realsense2_camera_msgs/msg/imu_info.hpp
[38.563s] -- Up-to-date: /home/ubuntu/turtlebot3_ws/install/realsense2_camera_msgs/include/realsense2_camera_msgs/msg/detail
[38.564s] -- Installing: /home/ubuntu/turtlebot3_ws/install/realsense2_camera_msgs/include/realsense2_camera_msgs/msg/detail/extrinsics__builder.hpp
[38.565s] -- Installing: /home/ubuntu/turtlebot3_ws/install/realsense2_camera_msgs/include/realsense2_camera_msgs/msg/detail/metadata__builder.hpp
[38.566s] -- Installing: /home/ubuntu/turtlebot3_ws/install/realsense2_camera_msgs/include/realsense2_camera_msgs/msg/detail/imu_info__struct.hpp
[38.567s] -- Installing: /home/ubuntu/turtlebot3_ws/install/realsense2_camera_msgs/include/realsense2_camera_msgs/msg/detail/extrinsics__traits.hpp
[38.568s] -- Installing: /home/ubuntu/turtlebot3_ws/install/realsense2_camera_msgs/include/realsense2_camera_msgs/msg/detail/extrinsics__struct.hpp
[38.569s] -- Installing: /home/ubuntu/turtlebot3_ws/install/realsense2_camera_msgs/include/realsense2_camera_msgs/msg/detail/imu_info__builder.hpp
[38.570s] -- Installing: /home/ubuntu/turtlebot3_ws/install/realsense2_camera_msgs/include/realsense2_camera_msgs/msg/detail/imu_info__traits.hpp
[38.571s] -- Installing: /home/ubuntu/turtlebot3_ws/install/realsense2_camera_msgs/include/realsense2_camera_msgs/msg/detail/metadata__struct.hpp
[38.572s] -- Installing: /home/ubuntu/turtlebot3_ws/install/realsense2_camera_msgs/include/realsense2_camera_msgs/msg/detail/metadata__traits.hpp
[38.573s] -- Installing: /home/ubuntu/turtlebot3_ws/install/realsense2_camera_msgs/include/realsense2_camera_msgs/msg/extrinsics.hpp
[38.574s] -- Installing: /home/ubuntu/turtlebot3_ws/install/realsense2_camera_msgs/include/realsense2_camera_msgs/msg/metadata.hpp
[38.575s] -- Up-to-date: /home/ubuntu/turtlebot3_ws/install/realsense2_camera_msgs/include/realsense2_camera_msgs/srv
[38.575s] -- Up-to-date: /home/ubuntu/turtlebot3_ws/install/realsense2_camera_msgs/include/realsense2_camera_msgs/srv/detail
[38.576s] -- Installing: /home/ubuntu/turtlebot3_ws/install/realsense2_camera_msgs/include/realsense2_camera_msgs/srv/detail/device_info__builder.hpp
[38.577s] -- Installing: /home/ubuntu/turtlebot3_ws/install/realsense2_camera_msgs/include/realsense2_camera_msgs/srv/detail/device_info__traits.hpp
[38.578s] -- Installing: /home/ubuntu/turtlebot3_ws/install/realsense2_camera_msgs/include/realsense2_camera_msgs/srv/detail/device_info__struct.hpp
[38.579s] -- Installing: /home/ubuntu/turtlebot3_ws/install/realsense2_camera_msgs/include/realsense2_camera_msgs/srv/device_info.hpp
[38.580s] -- Up-to-date: /home/ubuntu/turtlebot3_ws/install/realsense2_camera_msgs/include/realsense2_camera_msgs
[38.581s] -- Up-to-date: /home/ubuntu/turtlebot3_ws/install/realsense2_camera_msgs/include/realsense2_camera_msgs/msg
[38.581s] -- Up-to-date: /home/ubuntu/turtlebot3_ws/install/realsense2_camera_msgs/include/realsense2_camera_msgs/msg/detail
[38.581s] -- Installing: /home/ubuntu/turtlebot3_ws/install/realsense2_camera_msgs/include/realsense2_camera_msgs/msg/detail/metadata__type_support.cpp
[38.583s] -- Installing: /home/ubuntu/turtlebot3_ws/install/realsense2_camera_msgs/include/realsense2_camera_msgs/msg/detail/extrinsics__type_support.cpp
[38.584s] -- Installing: /home/ubuntu/turtlebot3_ws/install/realsense2_camera_msgs/include/realsense2_camera_msgs/msg/detail/imu_info__type_support.cpp
[38.585s] -- Installing: /home/ubuntu/turtlebot3_ws/install/realsense2_camera_msgs/include/realsense2_camera_msgs/msg/detail/extrinsics__rosidl_typesupport_introspection_cpp.hpp
[38.586s] -- Installing: /home/ubuntu/turtlebot3_ws/install/realsense2_camera_msgs/include/realsense2_camera_msgs/msg/detail/imu_info__rosidl_typesupport_introspection_cpp.hpp
[38.587s] -- Installing: /home/ubuntu/turtlebot3_ws/install/realsense2_camera_msgs/include/realsense2_camera_msgs/msg/detail/metadata__rosidl_typesupport_introspection_cpp.hpp
[38.588s] -- Up-to-date: /home/ubuntu/turtlebot3_ws/install/realsense2_camera_msgs/include/realsense2_camera_msgs/srv
[38.589s] -- Up-to-date: /home/ubuntu/turtlebot3_ws/install/realsense2_camera_msgs/include/realsense2_camera_msgs/srv/detail
[38.589s] -- Installing: /home/ubuntu/turtlebot3_ws/install/realsense2_camera_msgs/include/realsense2_camera_msgs/srv/detail/device_info__rosidl_typesupport_introspection_cpp.hpp
[38.590s] -- Installing: /home/ubuntu/turtlebot3_ws/install/realsense2_camera_msgs/include/realsense2_camera_msgs/srv/detail/device_info__type_support.cpp
[38.592s] -- Installing: /home/ubuntu/turtlebot3_ws/install/realsense2_camera_msgs/lib/librealsense2_camera_msgs__rosidl_typesupport_introspection_cpp.so
[38.595s] -- Set runtime path of "/home/ubuntu/turtlebot3_ws/install/realsense2_camera_msgs/lib/librealsense2_camera_msgs__rosidl_typesupport_introspection_cpp.so" to ""
[38.595s] -- Installing: /home/ubuntu/turtlebot3_ws/install/realsense2_camera_msgs/lib/librealsense2_camera_msgs__rosidl_typesupport_cpp.so
[38.598s] -- Set runtime path of "/home/ubuntu/turtlebot3_ws/install/realsense2_camera_msgs/lib/librealsense2_camera_msgs__rosidl_typesupport_cpp.so" to ""
[38.598s] -- Installing: /home/ubuntu/turtlebot3_ws/install/realsense2_camera_msgs/share/realsense2_camera_msgs/environment/pythonpath.sh
[38.599s] -- Installing: /home/ubuntu/turtlebot3_ws/install/realsense2_camera_msgs/share/realsense2_camera_msgs/environment/pythonpath.dsv
[38.601s] -- Installing: /home/ubuntu/turtlebot3_ws/install/realsense2_camera_msgs/lib/python3.8/site-packages/realsense2_camera_msgs/__init__.py
[38.814s] Compiling '/home/ubuntu/turtlebot3_ws/install/realsense2_camera_msgs/lib/python3.8/site-packages/realsense2_camera_msgs/__init__.py'...
[38.835s] -- Installing: /home/ubuntu/turtlebot3_ws/install/realsense2_camera_msgs/lib/python3.8/site-packages/realsense2_camera_msgs/msg
[38.835s] -- Installing: /home/ubuntu/turtlebot3_ws/install/realsense2_camera_msgs/lib/python3.8/site-packages/realsense2_camera_msgs/msg/__init__.py
[38.837s] -- Installing: /home/ubuntu/turtlebot3_ws/install/realsense2_camera_msgs/lib/python3.8/site-packages/realsense2_camera_msgs/msg/_extrinsics_s.c
[38.838s] -- Installing: /home/ubuntu/turtlebot3_ws/install/realsense2_camera_msgs/lib/python3.8/site-packages/realsense2_camera_msgs/msg/_imu_info_s.c
[38.839s] -- Installing: /home/ubuntu/turtlebot3_ws/install/realsense2_camera_msgs/lib/python3.8/site-packages/realsense2_camera_msgs/msg/_extrinsics.py
[38.840s] -- Installing: /home/ubuntu/turtlebot3_ws/install/realsense2_camera_msgs/lib/python3.8/site-packages/realsense2_camera_msgs/msg/_metadata_s.c
[38.841s] -- Installing: /home/ubuntu/turtlebot3_ws/install/realsense2_camera_msgs/lib/python3.8/site-packages/realsense2_camera_msgs/msg/_metadata.py
[38.842s] -- Installing: /home/ubuntu/turtlebot3_ws/install/realsense2_camera_msgs/lib/python3.8/site-packages/realsense2_camera_msgs/msg/_imu_info.py
[38.843s] -- Installing: /home/ubuntu/turtlebot3_ws/install/realsense2_camera_msgs/lib/python3.8/site-packages/realsense2_camera_msgs/srv
[38.844s] -- Installing: /home/ubuntu/turtlebot3_ws/install/realsense2_camera_msgs/lib/python3.8/site-packages/realsense2_camera_msgs/srv/__init__.py
[38.845s] -- Installing: /home/ubuntu/turtlebot3_ws/install/realsense2_camera_msgs/lib/python3.8/site-packages/realsense2_camera_msgs/srv/_device_info.py
[38.846s] -- Installing: /home/ubuntu/turtlebot3_ws/install/realsense2_camera_msgs/lib/python3.8/site-packages/realsense2_camera_msgs/srv/_device_info_s.c
[38.848s] -- Installing: /home/ubuntu/turtlebot3_ws/install/realsense2_camera_msgs/lib/python3.8/site-packages/realsense2_camera_msgs/realsense2_camera_msgs_s__rosidl_typesupport_fastrtps_c.cpython-38-aarch64-linux-gnu.so
[38.851s] -- Set runtime path of "/home/ubuntu/turtlebot3_ws/install/realsense2_camera_msgs/lib/python3.8/site-packages/realsense2_camera_msgs/realsense2_camera_msgs_s__rosidl_typesupport_fastrtps_c.cpython-38-aarch64-linux-gnu.so" to ""
[38.852s] -- Installing: /home/ubuntu/turtlebot3_ws/install/realsense2_camera_msgs/lib/python3.8/site-packages/realsense2_camera_msgs/realsense2_camera_msgs_s__rosidl_typesupport_introspection_c.cpython-38-aarch64-linux-gnu.so
[38.856s] -- Set runtime path of "/home/ubuntu/turtlebot3_ws/install/realsense2_camera_msgs/lib/python3.8/site-packages/realsense2_camera_msgs/realsense2_camera_msgs_s__rosidl_typesupport_introspection_c.cpython-38-aarch64-linux-gnu.so" to ""
[38.857s] -- Installing: /home/ubuntu/turtlebot3_ws/install/realsense2_camera_msgs/lib/python3.8/site-packages/realsense2_camera_msgs/realsense2_camera_msgs_s__rosidl_typesupport_c.cpython-38-aarch64-linux-gnu.so
[38.860s] -- Set runtime path of "/home/ubuntu/turtlebot3_ws/install/realsense2_camera_msgs/lib/python3.8/site-packages/realsense2_camera_msgs/realsense2_camera_msgs_s__rosidl_typesupport_c.cpython-38-aarch64-linux-gnu.so" to ""
[38.861s] -- Installing: /home/ubuntu/turtlebot3_ws/install/realsense2_camera_msgs/lib/librealsense2_camera_msgs__python.so
[38.863s] -- Set runtime path of "/home/ubuntu/turtlebot3_ws/install/realsense2_camera_msgs/lib/librealsense2_camera_msgs__python.so" to ""
[38.864s] -- Installing: /home/ubuntu/turtlebot3_ws/install/realsense2_camera_msgs/share/realsense2_camera_msgs/msg/IMUInfo.idl
[38.865s] -- Installing: /home/ubuntu/turtlebot3_ws/install/realsense2_camera_msgs/share/realsense2_camera_msgs/msg/Extrinsics.idl
[38.867s] -- Installing: /home/ubuntu/turtlebot3_ws/install/realsense2_camera_msgs/share/realsense2_camera_msgs/msg/Metadata.idl
[38.868s] -- Installing: /home/ubuntu/turtlebot3_ws/install/realsense2_camera_msgs/share/realsense2_camera_msgs/srv/DeviceInfo.idl
[38.869s] -- Installing: /home/ubuntu/turtlebot3_ws/install/realsense2_camera_msgs/share/realsense2_camera_msgs/msg/IMUInfo.msg
[38.870s] -- Installing: /home/ubuntu/turtlebot3_ws/install/realsense2_camera_msgs/share/realsense2_camera_msgs/msg/Extrinsics.msg
[38.871s] -- Installing: /home/ubuntu/turtlebot3_ws/install/realsense2_camera_msgs/share/realsense2_camera_msgs/msg/Metadata.msg
[38.873s] -- Installing: /home/ubuntu/turtlebot3_ws/install/realsense2_camera_msgs/share/realsense2_camera_msgs/srv/DeviceInfo.srv
[38.874s] -- Installing: /home/ubuntu/turtlebot3_ws/install/realsense2_camera_msgs/share/realsense2_camera_msgs/srv/DeviceInfo_Request.msg
[38.875s] -- Installing: /home/ubuntu/turtlebot3_ws/install/realsense2_camera_msgs/share/realsense2_camera_msgs/srv/DeviceInfo_Response.msg
[38.876s] -- Installing: /home/ubuntu/turtlebot3_ws/install/realsense2_camera_msgs/share/ament_index/resource_index/package_run_dependencies/realsense2_camera_msgs
[38.878s] -- Installing: /home/ubuntu/turtlebot3_ws/install/realsense2_camera_msgs/share/ament_index/resource_index/parent_prefix_path/realsense2_camera_msgs
[38.879s] -- Installing: /home/ubuntu/turtlebot3_ws/install/realsense2_camera_msgs/share/realsense2_camera_msgs/environment/ament_prefix_path.sh
[38.881s] -- Installing: /home/ubuntu/turtlebot3_ws/install/realsense2_camera_msgs/share/realsense2_camera_msgs/environment/ament_prefix_path.dsv
[38.882s] -- Installing: /home/ubuntu/turtlebot3_ws/install/realsense2_camera_msgs/share/realsense2_camera_msgs/environment/path.sh
[38.883s] -- Installing: /home/ubuntu/turtlebot3_ws/install/realsense2_camera_msgs/share/realsense2_camera_msgs/environment/path.dsv
[38.884s] -- Installing: /home/ubuntu/turtlebot3_ws/install/realsense2_camera_msgs/share/realsense2_camera_msgs/local_setup.bash
[38.885s] -- Installing: /home/ubuntu/turtlebot3_ws/install/realsense2_camera_msgs/share/realsense2_camera_msgs/local_setup.sh
[38.886s] -- Installing: /home/ubuntu/turtlebot3_ws/install/realsense2_camera_msgs/share/realsense2_camera_msgs/local_setup.zsh
[38.888s] -- Installing: /home/ubuntu/turtlebot3_ws/install/realsense2_camera_msgs/share/realsense2_camera_msgs/local_setup.dsv
[38.889s] -- Installing: /home/ubuntu/turtlebot3_ws/install/realsense2_camera_msgs/share/realsense2_camera_msgs/package.dsv
[38.890s] -- Installing: /home/ubuntu/turtlebot3_ws/install/realsense2_camera_msgs/share/ament_index/resource_index/packages/realsense2_camera_msgs
[38.892s] -- Installing: /home/ubuntu/turtlebot3_ws/install/realsense2_camera_msgs/share/realsense2_camera_msgs/cmake/realsense2_camera_msgs__rosidl_generator_cExport.cmake
[38.894s] -- Installing: /home/ubuntu/turtlebot3_ws/install/realsense2_camera_msgs/share/realsense2_camera_msgs/cmake/realsense2_camera_msgs__rosidl_generator_cExport-noconfig.cmake
[38.895s] -- Installing: /home/ubuntu/turtlebot3_ws/install/realsense2_camera_msgs/share/realsense2_camera_msgs/cmake/realsense2_camera_msgs__rosidl_typesupport_introspection_cExport.cmake
[38.897s] -- Installing: /home/ubuntu/turtlebot3_ws/install/realsense2_camera_msgs/share/realsense2_camera_msgs/cmake/realsense2_camera_msgs__rosidl_typesupport_introspection_cExport-noconfig.cmake
[38.898s] -- Installing: /home/ubuntu/turtlebot3_ws/install/realsense2_camera_msgs/share/realsense2_camera_msgs/cmake/realsense2_camera_msgs__rosidl_typesupport_cExport.cmake
[38.900s] -- Installing: /home/ubuntu/turtlebot3_ws/install/realsense2_camera_msgs/share/realsense2_camera_msgs/cmake/realsense2_camera_msgs__rosidl_typesupport_cExport-noconfig.cmake
[38.902s] -- Installing: /home/ubuntu/turtlebot3_ws/install/realsense2_camera_msgs/share/realsense2_camera_msgs/cmake/realsense2_camera_msgs__rosidl_generator_cppExport.cmake
[38.903s] -- Installing: /home/ubuntu/turtlebot3_ws/install/realsense2_camera_msgs/share/realsense2_camera_msgs/cmake/realsense2_camera_msgs__rosidl_typesupport_introspection_cppExport.cmake
[38.905s] -- Installing: /home/ubuntu/turtlebot3_ws/install/realsense2_camera_msgs/share/realsense2_camera_msgs/cmake/realsense2_camera_msgs__rosidl_typesupport_introspection_cppExport-noconfig.cmake
[38.906s] -- Installing: /home/ubuntu/turtlebot3_ws/install/realsense2_camera_msgs/share/realsense2_camera_msgs/cmake/realsense2_camera_msgs__rosidl_typesupport_cppExport.cmake
[38.908s] -- Installing: /home/ubuntu/turtlebot3_ws/install/realsense2_camera_msgs/share/realsense2_camera_msgs/cmake/realsense2_camera_msgs__rosidl_typesupport_cppExport-noconfig.cmake
[38.909s] -- Installing: /home/ubuntu/turtlebot3_ws/install/realsense2_camera_msgs/share/realsense2_camera_msgs/cmake/rosidl_cmake-extras.cmake
[38.910s] -- Installing: /home/ubuntu/turtlebot3_ws/install/realsense2_camera_msgs/share/realsense2_camera_msgs/cmake/ament_cmake_export_dependencies-extras.cmake
[38.912s] -- Installing: /home/ubuntu/turtlebot3_ws/install/realsense2_camera_msgs/share/realsense2_camera_msgs/cmake/ament_cmake_export_libraries-extras.cmake
[38.913s] -- Installing: /home/ubuntu/turtlebot3_ws/install/realsense2_camera_msgs/share/realsense2_camera_msgs/cmake/ament_cmake_export_targets-extras.cmake
[38.914s] -- Installing: /home/ubuntu/turtlebot3_ws/install/realsense2_camera_msgs/share/realsense2_camera_msgs/cmake/ament_cmake_export_include_directories-extras.cmake
[38.916s] -- Installing: /home/ubuntu/turtlebot3_ws/install/realsense2_camera_msgs/share/realsense2_camera_msgs/cmake/rosidl_cmake_export_typesupport_libraries-extras.cmake
[38.917s] -- Installing: /home/ubuntu/turtlebot3_ws/install/realsense2_camera_msgs/share/realsense2_camera_msgs/cmake/rosidl_cmake_export_typesupport_targets-extras.cmake
[38.919s] -- Installing: /home/ubuntu/turtlebot3_ws/install/realsense2_camera_msgs/share/realsense2_camera_msgs/cmake/realsense2_camera_msgsConfig.cmake
[38.920s] -- Installing: /home/ubuntu/turtlebot3_ws/install/realsense2_camera_msgs/share/realsense2_camera_msgs/cmake/realsense2_camera_msgsConfig-version.cmake
[38.921s] -- Installing: /home/ubuntu/turtlebot3_ws/install/realsense2_camera_msgs/share/realsense2_camera_msgs/package.xml
[38.939s] Invoked command in '/home/ubuntu/turtlebot3_ws/build/realsense2_camera_msgs' returned '0': CMAKE_PREFIX_PATH=${CMAKE_PREFIX_PATH}:/home/ubuntu/turtlebot3_ws/install/turtlebot3_teleop:/home/ubuntu/turtlebot3_ws/install/turtlebot3_example:/opt/ros/foxy /usr/bin/cmake --install /home/ubuntu/turtlebot3_ws/build/realsense2_camera_msgs
