[0.951s] Invoking command in '/home/carsten/Documents/uni/p4/semester_project/hardware/projekt_p4/workspace_pollen/src/tello': PYTHONPATH=/home/carsten/Documents/uni/p4/semester_project/hardware/projekt_p4/workspace_pollen/build/tello/prefix_override:/home/carsten/Documents/uni/p4/semester_project/hardware/projekt_p4/workspace_pollen/install/tello/lib/python3.8/site-packages:${PYTHONPATH} /usr/bin/python3 setup.py egg_info --egg-base ../../build/tello build --build-base /home/carsten/Documents/uni/p4/semester_project/hardware/projekt_p4/workspace_pollen/build/tello/build install --record /home/carsten/Documents/uni/p4/semester_project/hardware/projekt_p4/workspace_pollen/build/tello/install.log --install-scripts $base/lib/tello --single-version-externally-managed
[1.168s] running egg_info
[1.168s] writing ../../build/tello/tello.egg-info/PKG-INFO
[1.169s] writing dependency_links to ../../build/tello/tello.egg-info/dependency_links.txt
[1.169s] writing entry points to ../../build/tello/tello.egg-info/entry_points.txt
[1.169s] writing requirements to ../../build/tello/tello.egg-info/requires.txt
[1.169s] writing top-level names to ../../build/tello/tello.egg-info/top_level.txt
[1.202s] reading manifest file '../../build/tello/tello.egg-info/SOURCES.txt'
[1.203s] writing manifest file '../../build/tello/tello.egg-info/SOURCES.txt'
[1.203s] running build
[1.203s] running build_py
[1.204s] running install
[1.204s] running install_lib
[1.206s] running install_data
[1.207s] running install_egg_info
[1.209s] removing '/home/carsten/Documents/uni/p4/semester_project/hardware/projekt_p4/workspace_pollen/install/tello/lib/python3.8/site-packages/tello-0.0.0-py3.8.egg-info' (and everything under it)
[1.210s] Copying ../../build/tello/tello.egg-info to /home/carsten/Documents/uni/p4/semester_project/hardware/projekt_p4/workspace_pollen/install/tello/lib/python3.8/site-packages/tello-0.0.0-py3.8.egg-info
[1.210s] running install_scripts
[1.229s] Installing tello_reciver script to /home/carsten/Documents/uni/p4/semester_project/hardware/projekt_p4/workspace_pollen/install/tello/lib/tello
[1.229s] Installing tf_broadcaster script to /home/carsten/Documents/uni/p4/semester_project/hardware/projekt_p4/workspace_pollen/install/tello/lib/tello
[1.229s] Installing tf_listener script to /home/carsten/Documents/uni/p4/semester_project/hardware/projekt_p4/workspace_pollen/install/tello/lib/tello
[1.229s] writing list of installed files to '/home/carsten/Documents/uni/p4/semester_project/hardware/projekt_p4/workspace_pollen/build/tello/install.log'
[1.253s] Invoked command in '/home/carsten/Documents/uni/p4/semester_project/hardware/projekt_p4/workspace_pollen/src/tello' returned '0': PYTHONPATH=/home/carsten/Documents/uni/p4/semester_project/hardware/projekt_p4/workspace_pollen/build/tello/prefix_override:/home/carsten/Documents/uni/p4/semester_project/hardware/projekt_p4/workspace_pollen/install/tello/lib/python3.8/site-packages:${PYTHONPATH} /usr/bin/python3 setup.py egg_info --egg-base ../../build/tello build --build-base /home/carsten/Documents/uni/p4/semester_project/hardware/projekt_p4/workspace_pollen/build/tello/build install --record /home/carsten/Documents/uni/p4/semester_project/hardware/projekt_p4/workspace_pollen/build/tello/install.log --install-scripts $base/lib/tello --single-version-externally-managed
