[0.075s] Invoking command in '/home/ubuntu/turtlebot3_ws/build/realsense2_description': AMENT_PREFIX_PATH=/home/ubuntu/turtlebot3_ws/install/realsense2_camera_msgs:${AMENT_PREFIX_PATH} CMAKE_PREFIX_PATH=/home/ubuntu/turtlebot3_ws/install/realsense2_camera_msgs:/home/ubuntu/turtlebot3_ws/install/turtlebot3:/home/ubuntu/turtlebot3_ws/install/turtlebot3_bringup:/home/ubuntu/turtlebot3_ws/install/turtlebot3_node:/home/ubuntu/turtlebot3_ws/install/turtlebot3_description:/home/ubuntu/turtlebot3_ws/install/ld08_driver:/home/ubuntu/turtlebot3_ws/install/turtlebot3_teleop:/home/ubuntu/turtlebot3_ws/install/turtlebot3_example:/opt/ros/foxy LD_LIBRARY_PATH=/home/ubuntu/turtlebot3_ws/install/realsense2_camera_msgs/lib:${LD_LIBRARY_PATH} PYTHONPATH=/home/ubuntu/turtlebot3_ws/install/realsense2_camera_msgs/lib/python3.8/site-packages:${PYTHONPATH} /usr/bin/cmake /home/ubuntu/turtlebot3_ws/src/realsense-ros/realsense2_description -DCMAKE_INSTALL_PREFIX=/home/ubuntu/turtlebot3_ws/install/realsense2_description
[0.334s] -- The C compiler identification is GNU 9.4.0
[0.585s] -- The CXX compiler identification is GNU 9.4.0
[0.605s] -- Check for working C compiler: /usr/bin/cc
[0.928s] -- Check for working C compiler: /usr/bin/cc -- works
[0.931s] -- Detecting C compiler ABI info
[1.252s] -- Detecting C compiler ABI info - done
[1.292s] -- Detecting C compile features
[1.294s] -- Detecting C compile features - done
[1.304s] -- Check for working CXX compiler: /usr/bin/c++
[1.663s] -- Check for working CXX compiler: /usr/bin/c++ -- works
[1.667s] -- Detecting CXX compiler ABI info
[2.055s] -- Detecting CXX compiler ABI info - done
[2.098s] -- Detecting CXX compile features
[2.101s] -- Detecting CXX compile features - done
[2.128s] -- Found ament_cmake: 0.9.11 (/opt/ros/foxy/share/ament_cmake/cmake)
[2.317s] -- Found PythonInterp: /usr/bin/python3 (found suitable version "3.8.10", minimum required is "3") 
[2.319s] -- Using PYTHON_EXECUTABLE: /usr/bin/python3
[3.733s] -- Configuring done
[3.744s] -- Generating done
[3.748s] -- Build files have been written to: /home/ubuntu/turtlebot3_ws/build/realsense2_description
[3.759s] Invoked command in '/home/ubuntu/turtlebot3_ws/build/realsense2_description' returned '0': AMENT_PREFIX_PATH=/home/ubuntu/turtlebot3_ws/install/realsense2_camera_msgs:${AMENT_PREFIX_PATH} CMAKE_PREFIX_PATH=/home/ubuntu/turtlebot3_ws/install/realsense2_camera_msgs:/home/ubuntu/turtlebot3_ws/install/turtlebot3:/home/ubuntu/turtlebot3_ws/install/turtlebot3_bringup:/home/ubuntu/turtlebot3_ws/install/turtlebot3_node:/home/ubuntu/turtlebot3_ws/install/turtlebot3_description:/home/ubuntu/turtlebot3_ws/install/ld08_driver:/home/ubuntu/turtlebot3_ws/install/turtlebot3_teleop:/home/ubuntu/turtlebot3_ws/install/turtlebot3_example:/opt/ros/foxy LD_LIBRARY_PATH=/home/ubuntu/turtlebot3_ws/install/realsense2_camera_msgs/lib:${LD_LIBRARY_PATH} PYTHONPATH=/home/ubuntu/turtlebot3_ws/install/realsense2_camera_msgs/lib/python3.8/site-packages:${PYTHONPATH} /usr/bin/cmake /home/ubuntu/turtlebot3_ws/src/realsense-ros/realsense2_description -DCMAKE_INSTALL_PREFIX=/home/ubuntu/turtlebot3_ws/install/realsense2_description
[3.769s] Invoking command in '/home/ubuntu/turtlebot3_ws/build/realsense2_description': AMENT_PREFIX_PATH=/home/ubuntu/turtlebot3_ws/install/realsense2_camera_msgs:${AMENT_PREFIX_PATH} CMAKE_PREFIX_PATH=/home/ubuntu/turtlebot3_ws/install/realsense2_camera_msgs:/home/ubuntu/turtlebot3_ws/install/turtlebot3:/home/ubuntu/turtlebot3_ws/install/turtlebot3_bringup:/home/ubuntu/turtlebot3_ws/install/turtlebot3_node:/home/ubuntu/turtlebot3_ws/install/turtlebot3_description:/home/ubuntu/turtlebot3_ws/install/ld08_driver:/home/ubuntu/turtlebot3_ws/install/turtlebot3_teleop:/home/ubuntu/turtlebot3_ws/install/turtlebot3_example:/opt/ros/foxy LD_LIBRARY_PATH=/home/ubuntu/turtlebot3_ws/install/realsense2_camera_msgs/lib:${LD_LIBRARY_PATH} PYTHONPATH=/home/ubuntu/turtlebot3_ws/install/realsense2_camera_msgs/lib/python3.8/site-packages:${PYTHONPATH} /usr/bin/cmake --build /home/ubuntu/turtlebot3_ws/build/realsense2_description -- -j4 -l4
[3.929s] Invoked command in '/home/ubuntu/turtlebot3_ws/build/realsense2_description' returned '0': AMENT_PREFIX_PATH=/home/ubuntu/turtlebot3_ws/install/realsense2_camera_msgs:${AMENT_PREFIX_PATH} CMAKE_PREFIX_PATH=/home/ubuntu/turtlebot3_ws/install/realsense2_camera_msgs:/home/ubuntu/turtlebot3_ws/install/turtlebot3:/home/ubuntu/turtlebot3_ws/install/turtlebot3_bringup:/home/ubuntu/turtlebot3_ws/install/turtlebot3_node:/home/ubuntu/turtlebot3_ws/install/turtlebot3_description:/home/ubuntu/turtlebot3_ws/install/ld08_driver:/home/ubuntu/turtlebot3_ws/install/turtlebot3_teleop:/home/ubuntu/turtlebot3_ws/install/turtlebot3_example:/opt/ros/foxy LD_LIBRARY_PATH=/home/ubuntu/turtlebot3_ws/install/realsense2_camera_msgs/lib:${LD_LIBRARY_PATH} PYTHONPATH=/home/ubuntu/turtlebot3_ws/install/realsense2_camera_msgs/lib/python3.8/site-packages:${PYTHONPATH} /usr/bin/cmake --build /home/ubuntu/turtlebot3_ws/build/realsense2_description -- -j4 -l4
[4.031s] Invoking command in '/home/ubuntu/turtlebot3_ws/build/realsense2_description': AMENT_PREFIX_PATH=/home/ubuntu/turtlebot3_ws/install/realsense2_camera_msgs:${AMENT_PREFIX_PATH} CMAKE_PREFIX_PATH=/home/ubuntu/turtlebot3_ws/install/realsense2_camera_msgs:/home/ubuntu/turtlebot3_ws/install/turtlebot3:/home/ubuntu/turtlebot3_ws/install/turtlebot3_bringup:/home/ubuntu/turtlebot3_ws/install/turtlebot3_node:/home/ubuntu/turtlebot3_ws/install/turtlebot3_description:/home/ubuntu/turtlebot3_ws/install/ld08_driver:/home/ubuntu/turtlebot3_ws/install/turtlebot3_teleop:/home/ubuntu/turtlebot3_ws/install/turtlebot3_example:/opt/ros/foxy LD_LIBRARY_PATH=/home/ubuntu/turtlebot3_ws/install/realsense2_camera_msgs/lib:${LD_LIBRARY_PATH} PYTHONPATH=/home/ubuntu/turtlebot3_ws/install/realsense2_camera_msgs/lib/python3.8/site-packages:${PYTHONPATH} /usr/bin/cmake --install /home/ubuntu/turtlebot3_ws/build/realsense2_description
[4.067s] -- Install configuration: ""
[4.067s] -- Installing: /home/ubuntu/turtlebot3_ws/install/realsense2_description/share/realsense2_description/launch
[4.068s] -- Installing: /home/ubuntu/turtlebot3_ws/install/realsense2_description/share/realsense2_description/launch/launch_utils.py
[4.069s] -- Installing: /home/ubuntu/turtlebot3_ws/install/realsense2_description/share/realsense2_description/launch/view_model.launch.py
[4.069s] -- Installing: /home/ubuntu/turtlebot3_ws/install/realsense2_description/share/realsense2_description/meshes
[4.070s] -- Installing: /home/ubuntu/turtlebot3_ws/install/realsense2_description/share/realsense2_description/meshes/d455.stl
[4.087s] -- Installing: /home/ubuntu/turtlebot3_ws/install/realsense2_description/share/realsense2_description/meshes/plug_collision.stl
[4.088s] -- Installing: /home/ubuntu/turtlebot3_ws/install/realsense2_description/share/realsense2_description/meshes/d435.dae
[4.188s] -- Installing: /home/ubuntu/turtlebot3_ws/install/realsense2_description/share/realsense2_description/meshes/d415.stl
[4.322s] -- Installing: /home/ubuntu/turtlebot3_ws/install/realsense2_description/share/realsense2_description/meshes/l515.dae
[4.528s] -- Installing: /home/ubuntu/turtlebot3_ws/install/realsense2_description/share/realsense2_description/meshes/plug.stl
[4.531s] -- Installing: /home/ubuntu/turtlebot3_ws/install/realsense2_description/share/realsense2_description/rviz
[4.532s] -- Installing: /home/ubuntu/turtlebot3_ws/install/realsense2_description/share/realsense2_description/rviz/urdf.rviz
[4.533s] -- Installing: /home/ubuntu/turtlebot3_ws/install/realsense2_description/share/realsense2_description/urdf
[4.533s] -- Installing: /home/ubuntu/turtlebot3_ws/install/realsense2_description/share/realsense2_description/urdf/test_d455_camera.urdf.xacro
[4.534s] -- Installing: /home/ubuntu/turtlebot3_ws/install/realsense2_description/share/realsense2_description/urdf/_usb_plug.urdf.xacro
[4.535s] -- Installing: /home/ubuntu/turtlebot3_ws/install/realsense2_description/share/realsense2_description/urdf/_d435i_imu_modules.urdf.xacro
[4.536s] -- Installing: /home/ubuntu/turtlebot3_ws/install/realsense2_description/share/realsense2_description/urdf/test_d435i_camera.urdf.xacro
[4.537s] -- Installing: /home/ubuntu/turtlebot3_ws/install/realsense2_description/share/realsense2_description/urdf/test_d415_camera.urdf.xacro
[4.538s] -- Installing: /home/ubuntu/turtlebot3_ws/install/realsense2_description/share/realsense2_description/urdf/_d435.urdf.xacro
[4.539s] -- Installing: /home/ubuntu/turtlebot3_ws/install/realsense2_description/share/realsense2_description/urdf/_r430.urdf.xacro
[4.540s] -- Installing: /home/ubuntu/turtlebot3_ws/install/realsense2_description/share/realsense2_description/urdf/_d435i.urdf.xacro
[4.541s] -- Installing: /home/ubuntu/turtlebot3_ws/install/realsense2_description/share/realsense2_description/urdf/test_d435_camera.urdf.xacro
[4.542s] -- Installing: /home/ubuntu/turtlebot3_ws/install/realsense2_description/share/realsense2_description/urdf/test_r430_camera.urdf.xacro
[4.543s] -- Installing: /home/ubuntu/turtlebot3_ws/install/realsense2_description/share/realsense2_description/urdf/_d455.urdf.xacro
[4.544s] -- Installing: /home/ubuntu/turtlebot3_ws/install/realsense2_description/share/realsense2_description/urdf/_r410.urdf.xacro
[4.545s] -- Installing: /home/ubuntu/turtlebot3_ws/install/realsense2_description/share/realsense2_description/urdf/_materials.urdf.xacro
[4.546s] -- Installing: /home/ubuntu/turtlebot3_ws/install/realsense2_description/share/realsense2_description/urdf/_d415.urdf.xacro
[4.547s] -- Installing: /home/ubuntu/turtlebot3_ws/install/realsense2_description/share/realsense2_description/urdf/test_r410_camera.urdf.xacro
[4.548s] -- Installing: /home/ubuntu/turtlebot3_ws/install/realsense2_description/share/realsense2_description/urdf/test_d435_multiple_cameras.urdf.xacro
[4.549s] -- Installing: /home/ubuntu/turtlebot3_ws/install/realsense2_description/share/realsense2_description/urdf/test_l515_camera.urdf.xacro
[4.549s] -- Installing: /home/ubuntu/turtlebot3_ws/install/realsense2_description/share/realsense2_description/urdf/_l515.urdf.xacro
[4.551s] -- Installing: /home/ubuntu/turtlebot3_ws/install/realsense2_description/share/ament_index/resource_index/package_run_dependencies/realsense2_description
[4.553s] -- Installing: /home/ubuntu/turtlebot3_ws/install/realsense2_description/share/ament_index/resource_index/parent_prefix_path/realsense2_description
[4.555s] -- Installing: /home/ubuntu/turtlebot3_ws/install/realsense2_description/share/realsense2_description/environment/ament_prefix_path.sh
[4.556s] -- Installing: /home/ubuntu/turtlebot3_ws/install/realsense2_description/share/realsense2_description/environment/ament_prefix_path.dsv
[4.557s] -- Installing: /home/ubuntu/turtlebot3_ws/install/realsense2_description/share/realsense2_description/environment/path.sh
[4.558s] -- Installing: /home/ubuntu/turtlebot3_ws/install/realsense2_description/share/realsense2_description/environment/path.dsv
[4.559s] -- Installing: /home/ubuntu/turtlebot3_ws/install/realsense2_description/share/realsense2_description/local_setup.bash
[4.560s] -- Installing: /home/ubuntu/turtlebot3_ws/install/realsense2_description/share/realsense2_description/local_setup.sh
[4.562s] -- Installing: /home/ubuntu/turtlebot3_ws/install/realsense2_description/share/realsense2_description/local_setup.zsh
[4.563s] -- Installing: /home/ubuntu/turtlebot3_ws/install/realsense2_description/share/realsense2_description/local_setup.dsv
[4.564s] -- Installing: /home/ubuntu/turtlebot3_ws/install/realsense2_description/share/realsense2_description/package.dsv
[4.565s] -- Installing: /home/ubuntu/turtlebot3_ws/install/realsense2_description/share/ament_index/resource_index/packages/realsense2_description
[4.567s] -- Installing: /home/ubuntu/turtlebot3_ws/install/realsense2_description/share/realsense2_description/cmake/realsense2_descriptionConfig.cmake
[4.568s] -- Installing: /home/ubuntu/turtlebot3_ws/install/realsense2_description/share/realsense2_description/cmake/realsense2_descriptionConfig-version.cmake
[4.569s] -- Installing: /home/ubuntu/turtlebot3_ws/install/realsense2_description/share/realsense2_description/package.xml
[4.585s] Invoked command in '/home/ubuntu/turtlebot3_ws/build/realsense2_description' returned '0': AMENT_PREFIX_PATH=/home/ubuntu/turtlebot3_ws/install/realsense2_camera_msgs:${AMENT_PREFIX_PATH} CMAKE_PREFIX_PATH=/home/ubuntu/turtlebot3_ws/install/realsense2_camera_msgs:/home/ubuntu/turtlebot3_ws/install/turtlebot3:/home/ubuntu/turtlebot3_ws/install/turtlebot3_bringup:/home/ubuntu/turtlebot3_ws/install/turtlebot3_node:/home/ubuntu/turtlebot3_ws/install/turtlebot3_description:/home/ubuntu/turtlebot3_ws/install/ld08_driver:/home/ubuntu/turtlebot3_ws/install/turtlebot3_teleop:/home/ubuntu/turtlebot3_ws/install/turtlebot3_example:/opt/ros/foxy LD_LIBRARY_PATH=/home/ubuntu/turtlebot3_ws/install/realsense2_camera_msgs/lib:${LD_LIBRARY_PATH} PYTHONPATH=/home/ubuntu/turtlebot3_ws/install/realsense2_camera_msgs/lib/python3.8/site-packages:${PYTHONPATH} /usr/bin/cmake --install /home/ubuntu/turtlebot3_ws/build/realsense2_description
