[0.904s] Invoking command in '/home/carsten/Documents/uni/p4/semester_project/hardware/projekt_p4/workspace_pollen/src/tf2_workshop': PYTHONPATH=/home/carsten/Documents/uni/p4/semester_project/hardware/projekt_p4/workspace_pollen/build/tf2_workshop/prefix_override:/home/carsten/Documents/uni/p4/semester_project/hardware/projekt_p4/workspace_pollen/install/tf2_workshop/lib/python3.8/site-packages:${PYTHONPATH} /usr/bin/python3 setup.py egg_info --egg-base ../../build/tf2_workshop build --build-base /home/carsten/Documents/uni/p4/semester_project/hardware/projekt_p4/workspace_pollen/build/tf2_workshop/build install --record /home/carsten/Documents/uni/p4/semester_project/hardware/projekt_p4/workspace_pollen/build/tf2_workshop/install.log --install-scripts $base/lib/tf2_workshop --single-version-externally-managed
[1.185s] running egg_info
[1.185s] creating ../../build/tf2_workshop/tf2_workshop.egg-info
[1.186s] writing ../../build/tf2_workshop/tf2_workshop.egg-info/PKG-INFO
[1.186s] writing dependency_links to ../../build/tf2_workshop/tf2_workshop.egg-info/dependency_links.txt
[1.186s] writing entry points to ../../build/tf2_workshop/tf2_workshop.egg-info/entry_points.txt
[1.187s] writing requirements to ../../build/tf2_workshop/tf2_workshop.egg-info/requires.txt
[1.187s] writing top-level names to ../../build/tf2_workshop/tf2_workshop.egg-info/top_level.txt
[1.188s] writing manifest file '../../build/tf2_workshop/tf2_workshop.egg-info/SOURCES.txt'
[1.232s] reading manifest file '../../build/tf2_workshop/tf2_workshop.egg-info/SOURCES.txt'
[1.233s] writing manifest file '../../build/tf2_workshop/tf2_workshop.egg-info/SOURCES.txt'
[1.233s] running build
[1.233s] running build_py
[1.234s] creating /home/carsten/Documents/uni/p4/semester_project/hardware/projekt_p4/workspace_pollen/build/tf2_workshop/build
[1.234s] creating /home/carsten/Documents/uni/p4/semester_project/hardware/projekt_p4/workspace_pollen/build/tf2_workshop/build/lib
[1.234s] creating /home/carsten/Documents/uni/p4/semester_project/hardware/projekt_p4/workspace_pollen/build/tf2_workshop/build/lib/tf2_workshop
[1.234s] copying tf2_workshop/broadcaster.py -> /home/carsten/Documents/uni/p4/semester_project/hardware/projekt_p4/workspace_pollen/build/tf2_workshop/build/lib/tf2_workshop
[1.234s] copying tf2_workshop/treeFinder.py -> /home/carsten/Documents/uni/p4/semester_project/hardware/projekt_p4/workspace_pollen/build/tf2_workshop/build/lib/tf2_workshop
[1.234s] copying tf2_workshop/listener.py -> /home/carsten/Documents/uni/p4/semester_project/hardware/projekt_p4/workspace_pollen/build/tf2_workshop/build/lib/tf2_workshop
[1.234s] copying tf2_workshop/__init__.py -> /home/carsten/Documents/uni/p4/semester_project/hardware/projekt_p4/workspace_pollen/build/tf2_workshop/build/lib/tf2_workshop
[1.234s] copying tf2_workshop/staticTF.py -> /home/carsten/Documents/uni/p4/semester_project/hardware/projekt_p4/workspace_pollen/build/tf2_workshop/build/lib/tf2_workshop
[1.234s] copying tf2_workshop/tfsub.py -> /home/carsten/Documents/uni/p4/semester_project/hardware/projekt_p4/workspace_pollen/build/tf2_workshop/build/lib/tf2_workshop
[1.235s] running install
[1.236s] running install_lib
[1.237s] creating /home/carsten/Documents/uni/p4/semester_project/hardware/projekt_p4/workspace_pollen/install/tf2_workshop/lib/python3.8/site-packages/tf2_workshop
[1.237s] copying /home/carsten/Documents/uni/p4/semester_project/hardware/projekt_p4/workspace_pollen/build/tf2_workshop/build/lib/tf2_workshop/broadcaster.py -> /home/carsten/Documents/uni/p4/semester_project/hardware/projekt_p4/workspace_pollen/install/tf2_workshop/lib/python3.8/site-packages/tf2_workshop
[1.237s] copying /home/carsten/Documents/uni/p4/semester_project/hardware/projekt_p4/workspace_pollen/build/tf2_workshop/build/lib/tf2_workshop/treeFinder.py -> /home/carsten/Documents/uni/p4/semester_project/hardware/projekt_p4/workspace_pollen/install/tf2_workshop/lib/python3.8/site-packages/tf2_workshop
[1.237s] copying /home/carsten/Documents/uni/p4/semester_project/hardware/projekt_p4/workspace_pollen/build/tf2_workshop/build/lib/tf2_workshop/listener.py -> /home/carsten/Documents/uni/p4/semester_project/hardware/projekt_p4/workspace_pollen/install/tf2_workshop/lib/python3.8/site-packages/tf2_workshop
[1.237s] copying /home/carsten/Documents/uni/p4/semester_project/hardware/projekt_p4/workspace_pollen/build/tf2_workshop/build/lib/tf2_workshop/__init__.py -> /home/carsten/Documents/uni/p4/semester_project/hardware/projekt_p4/workspace_pollen/install/tf2_workshop/lib/python3.8/site-packages/tf2_workshop
[1.237s] copying /home/carsten/Documents/uni/p4/semester_project/hardware/projekt_p4/workspace_pollen/build/tf2_workshop/build/lib/tf2_workshop/staticTF.py -> /home/carsten/Documents/uni/p4/semester_project/hardware/projekt_p4/workspace_pollen/install/tf2_workshop/lib/python3.8/site-packages/tf2_workshop
[1.238s] copying /home/carsten/Documents/uni/p4/semester_project/hardware/projekt_p4/workspace_pollen/build/tf2_workshop/build/lib/tf2_workshop/tfsub.py -> /home/carsten/Documents/uni/p4/semester_project/hardware/projekt_p4/workspace_pollen/install/tf2_workshop/lib/python3.8/site-packages/tf2_workshop
[1.238s] byte-compiling /home/carsten/Documents/uni/p4/semester_project/hardware/projekt_p4/workspace_pollen/install/tf2_workshop/lib/python3.8/site-packages/tf2_workshop/broadcaster.py to broadcaster.cpython-38.pyc
[1.239s] byte-compiling /home/carsten/Documents/uni/p4/semester_project/hardware/projekt_p4/workspace_pollen/install/tf2_workshop/lib/python3.8/site-packages/tf2_workshop/treeFinder.py to treeFinder.cpython-38.pyc
[1.240s] byte-compiling /home/carsten/Documents/uni/p4/semester_project/hardware/projekt_p4/workspace_pollen/install/tf2_workshop/lib/python3.8/site-packages/tf2_workshop/listener.py to listener.cpython-38.pyc
[1.241s] byte-compiling /home/carsten/Documents/uni/p4/semester_project/hardware/projekt_p4/workspace_pollen/install/tf2_workshop/lib/python3.8/site-packages/tf2_workshop/__init__.py to __init__.cpython-38.pyc
[1.241s] byte-compiling /home/carsten/Documents/uni/p4/semester_project/hardware/projekt_p4/workspace_pollen/install/tf2_workshop/lib/python3.8/site-packages/tf2_workshop/staticTF.py to staticTF.cpython-38.pyc
[1.242s] byte-compiling /home/carsten/Documents/uni/p4/semester_project/hardware/projekt_p4/workspace_pollen/install/tf2_workshop/lib/python3.8/site-packages/tf2_workshop/tfsub.py to tfsub.cpython-38.pyc
[1.242s] running install_data
[1.242s] creating /home/carsten/Documents/uni/p4/semester_project/hardware/projekt_p4/workspace_pollen/install/tf2_workshop/share/ament_index
[1.243s] creating /home/carsten/Documents/uni/p4/semester_project/hardware/projekt_p4/workspace_pollen/install/tf2_workshop/share/ament_index/resource_index
[1.243s] creating /home/carsten/Documents/uni/p4/semester_project/hardware/projekt_p4/workspace_pollen/install/tf2_workshop/share/ament_index/resource_index/packages
[1.243s] copying resource/tf2_workshop -> /home/carsten/Documents/uni/p4/semester_project/hardware/projekt_p4/workspace_pollen/install/tf2_workshop/share/ament_index/resource_index/packages
[1.243s] copying package.xml -> /home/carsten/Documents/uni/p4/semester_project/hardware/projekt_p4/workspace_pollen/install/tf2_workshop/share/tf2_workshop
[1.243s] running install_egg_info
[1.245s] Copying ../../build/tf2_workshop/tf2_workshop.egg-info to /home/carsten/Documents/uni/p4/semester_project/hardware/projekt_p4/workspace_pollen/install/tf2_workshop/lib/python3.8/site-packages/tf2_workshop-0.0.0-py3.8.egg-info
[1.246s] running install_scripts
[1.268s] Installing broadcaster script to /home/carsten/Documents/uni/p4/semester_project/hardware/projekt_p4/workspace_pollen/install/tf2_workshop/lib/tf2_workshop
[1.270s] Installing listener script to /home/carsten/Documents/uni/p4/semester_project/hardware/projekt_p4/workspace_pollen/install/tf2_workshop/lib/tf2_workshop
[1.270s] Installing staticTF script to /home/carsten/Documents/uni/p4/semester_project/hardware/projekt_p4/workspace_pollen/install/tf2_workshop/lib/tf2_workshop
[1.270s] Installing treeFinder script to /home/carsten/Documents/uni/p4/semester_project/hardware/projekt_p4/workspace_pollen/install/tf2_workshop/lib/tf2_workshop
[1.270s] writing list of installed files to '/home/carsten/Documents/uni/p4/semester_project/hardware/projekt_p4/workspace_pollen/build/tf2_workshop/install.log'
[1.305s] Invoked command in '/home/carsten/Documents/uni/p4/semester_project/hardware/projekt_p4/workspace_pollen/src/tf2_workshop' returned '0': PYTHONPATH=/home/carsten/Documents/uni/p4/semester_project/hardware/projekt_p4/workspace_pollen/build/tf2_workshop/prefix_override:/home/carsten/Documents/uni/p4/semester_project/hardware/projekt_p4/workspace_pollen/install/tf2_workshop/lib/python3.8/site-packages:${PYTHONPATH} /usr/bin/python3 setup.py egg_info --egg-base ../../build/tf2_workshop build --build-base /home/carsten/Documents/uni/p4/semester_project/hardware/projekt_p4/workspace_pollen/build/tf2_workshop/build install --record /home/carsten/Documents/uni/p4/semester_project/hardware/projekt_p4/workspace_pollen/build/tf2_workshop/install.log --install-scripts $base/lib/tf2_workshop --single-version-externally-managed
