[5.135s] Invoking command in '/home/ubuntu/turtlebot3_ws/build/turtlebot3_teleop': PYTHONPATH=/home/ubuntu/turtlebot3_ws/install/turtlebot3_teleop/lib/python3.8/site-packages:${PYTHONPATH} /usr/bin/python3 setup.py develop --prefix /home/ubuntu/turtlebot3_ws/install/turtlebot3_teleop --editable --build-directory /home/ubuntu/turtlebot3_ws/build/turtlebot3_teleop/build --no-deps install_data --install-dir /home/ubuntu/turtlebot3_ws/install/turtlebot3_teleop
[7.824s] running develop
[9.207s] running egg_info
[9.210s] creating turtlebot3_teleop.egg-info
[9.212s] writing turtlebot3_teleop.egg-info/PKG-INFO
[9.214s] writing dependency_links to turtlebot3_teleop.egg-info/dependency_links.txt
[9.221s] writing entry points to turtlebot3_teleop.egg-info/entry_points.txt
[9.239s] writing requirements to turtlebot3_teleop.egg-info/requires.txt
[9.241s] writing top-level names to turtlebot3_teleop.egg-info/top_level.txt
[9.257s] writing manifest file 'turtlebot3_teleop.egg-info/SOURCES.txt'
[9.604s] reading manifest file 'turtlebot3_teleop.egg-info/SOURCES.txt'
[9.612s] writing manifest file 'turtlebot3_teleop.egg-info/SOURCES.txt'
[9.643s] running build_ext
[9.646s] Creating /home/ubuntu/turtlebot3_ws/install/turtlebot3_teleop/lib/python3.8/site-packages/site.py
[9.669s] Creating /home/ubuntu/turtlebot3_ws/install/turtlebot3_teleop/lib/python3.8/site-packages/turtlebot3-teleop.egg-link (link to .)
[9.678s] Installing teleop_keyboard script to /home/ubuntu/turtlebot3_ws/install/turtlebot3_teleop/lib/turtlebot3_teleop
[9.684s] 
[9.688s] Installed /home/ubuntu/turtlebot3_ws/build/turtlebot3_teleop
[9.690s] running install_data
[9.695s] creating /home/ubuntu/turtlebot3_ws/install/turtlebot3_teleop/share/ament_index
[9.698s] creating /home/ubuntu/turtlebot3_ws/install/turtlebot3_teleop/share/ament_index/resource_index
[9.704s] creating /home/ubuntu/turtlebot3_ws/install/turtlebot3_teleop/share/ament_index/resource_index/packages
[9.707s] copying resource/turtlebot3_teleop -> /home/ubuntu/turtlebot3_ws/install/turtlebot3_teleop/share/ament_index/resource_index/packages
[9.719s] copying package.xml -> /home/ubuntu/turtlebot3_ws/install/turtlebot3_teleop/share/turtlebot3_teleop
