[0.082s] Invoking command in '/home/ubuntu/turtlebot3_ws/build/realsense2_description': CMAKE_PREFIX_PATH=/home/ubuntu/turtlebot3_ws/install/realsense2_camera_msgs:/home/ubuntu/turtlebot3_ws/install/turtlebot3:/home/ubuntu/turtlebot3_ws/install/turtlebot3_bringup:/home/ubuntu/turtlebot3_ws/install/turtlebot3_node:/home/ubuntu/turtlebot3_ws/install/turtlebot3_description:/home/ubuntu/turtlebot3_ws/install/realsense2_description:/home/ubuntu/turtlebot3_ws/install/realsense2_camera:/home/ubuntu/turtlebot3_ws/install/ld08_driver:/home/ubuntu/turtlebot3_ws/install/turtlebot3_teleop:/home/ubuntu/turtlebot3_ws/install/turtlebot3_example:/opt/ros/foxy LD_LIBRARY_PATH=/home/ubuntu/turtlebot3_ws/install/realsense2_camera_msgs/lib:/home/ubuntu/turtlebot3_ws/install/realsense2_camera/lib:/opt/ros/foxy/opt/yaml_cpp_vendor/lib:/opt/ros/foxy/opt/rviz_ogre_vendor/lib:/opt/ros/foxy/lib/aarch64-linux-gnu:/opt/ros/foxy/lib PYTHONPATH=/home/ubuntu/turtlebot3_ws/install/realsense2_camera_msgs/lib/python3.8/site-packages:/home/ubuntu/turtlebot3_ws/install/turtlebot3_teleop/lib/python3.8/site-packages:/home/ubuntu/turtlebot3_ws/install/turtlebot3_example/lib/python3.8/site-packages:/opt/ros/foxy/lib/python3.8/site-packages /usr/bin/cmake --build /home/ubuntu/turtlebot3_ws/build/realsense2_description -- -j4 -l4
[0.344s] Invoked command in '/home/ubuntu/turtlebot3_ws/build/realsense2_description' returned '0': CMAKE_PREFIX_PATH=/home/ubuntu/turtlebot3_ws/install/realsense2_camera_msgs:/home/ubuntu/turtlebot3_ws/install/turtlebot3:/home/ubuntu/turtlebot3_ws/install/turtlebot3_bringup:/home/ubuntu/turtlebot3_ws/install/turtlebot3_node:/home/ubuntu/turtlebot3_ws/install/turtlebot3_description:/home/ubuntu/turtlebot3_ws/install/realsense2_description:/home/ubuntu/turtlebot3_ws/install/realsense2_camera:/home/ubuntu/turtlebot3_ws/install/ld08_driver:/home/ubuntu/turtlebot3_ws/install/turtlebot3_teleop:/home/ubuntu/turtlebot3_ws/install/turtlebot3_example:/opt/ros/foxy LD_LIBRARY_PATH=/home/ubuntu/turtlebot3_ws/install/realsense2_camera_msgs/lib:/home/ubuntu/turtlebot3_ws/install/realsense2_camera/lib:/opt/ros/foxy/opt/yaml_cpp_vendor/lib:/opt/ros/foxy/opt/rviz_ogre_vendor/lib:/opt/ros/foxy/lib/aarch64-linux-gnu:/opt/ros/foxy/lib PYTHONPATH=/home/ubuntu/turtlebot3_ws/install/realsense2_camera_msgs/lib/python3.8/site-packages:/home/ubuntu/turtlebot3_ws/install/turtlebot3_teleop/lib/python3.8/site-packages:/home/ubuntu/turtlebot3_ws/install/turtlebot3_example/lib/python3.8/site-packages:/opt/ros/foxy/lib/python3.8/site-packages /usr/bin/cmake --build /home/ubuntu/turtlebot3_ws/build/realsense2_description -- -j4 -l4
[0.464s] Invoking command in '/home/ubuntu/turtlebot3_ws/build/realsense2_description': CMAKE_PREFIX_PATH=/home/ubuntu/turtlebot3_ws/install/realsense2_camera_msgs:/home/ubuntu/turtlebot3_ws/install/turtlebot3:/home/ubuntu/turtlebot3_ws/install/turtlebot3_bringup:/home/ubuntu/turtlebot3_ws/install/turtlebot3_node:/home/ubuntu/turtlebot3_ws/install/turtlebot3_description:/home/ubuntu/turtlebot3_ws/install/realsense2_description:/home/ubuntu/turtlebot3_ws/install/realsense2_camera:/home/ubuntu/turtlebot3_ws/install/ld08_driver:/home/ubuntu/turtlebot3_ws/install/turtlebot3_teleop:/home/ubuntu/turtlebot3_ws/install/turtlebot3_example:/opt/ros/foxy LD_LIBRARY_PATH=/home/ubuntu/turtlebot3_ws/install/realsense2_camera_msgs/lib:/home/ubuntu/turtlebot3_ws/install/realsense2_camera/lib:/opt/ros/foxy/opt/yaml_cpp_vendor/lib:/opt/ros/foxy/opt/rviz_ogre_vendor/lib:/opt/ros/foxy/lib/aarch64-linux-gnu:/opt/ros/foxy/lib PYTHONPATH=/home/ubuntu/turtlebot3_ws/install/realsense2_camera_msgs/lib/python3.8/site-packages:/home/ubuntu/turtlebot3_ws/install/turtlebot3_teleop/lib/python3.8/site-packages:/home/ubuntu/turtlebot3_ws/install/turtlebot3_example/lib/python3.8/site-packages:/opt/ros/foxy/lib/python3.8/site-packages /usr/bin/cmake --install /home/ubuntu/turtlebot3_ws/build/realsense2_description
[0.511s] -- Install configuration: ""
[0.512s] -- Up-to-date: /home/ubuntu/turtlebot3_ws/install/realsense2_description/share/realsense2_description/launch
[0.514s] -- Up-to-date: /home/ubuntu/turtlebot3_ws/install/realsense2_description/share/realsense2_description/launch/launch_utils.py
[0.515s] -- Up-to-date: /home/ubuntu/turtlebot3_ws/install/realsense2_description/share/realsense2_description/launch/view_model.launch.py
[0.516s] -- Up-to-date: /home/ubuntu/turtlebot3_ws/install/realsense2_description/share/realsense2_description/meshes
[0.517s] -- Up-to-date: /home/ubuntu/turtlebot3_ws/install/realsense2_description/share/realsense2_description/meshes/d455.stl
[0.519s] -- Up-to-date: /home/ubuntu/turtlebot3_ws/install/realsense2_description/share/realsense2_description/meshes/plug_collision.stl
[0.520s] -- Up-to-date: /home/ubuntu/turtlebot3_ws/install/realsense2_description/share/realsense2_description/meshes/d435.dae
[0.521s] -- Up-to-date: /home/ubuntu/turtlebot3_ws/install/realsense2_description/share/realsense2_description/meshes/d415.stl
[0.522s] -- Up-to-date: /home/ubuntu/turtlebot3_ws/install/realsense2_description/share/realsense2_description/meshes/l515.dae
[0.523s] -- Up-to-date: /home/ubuntu/turtlebot3_ws/install/realsense2_description/share/realsense2_description/meshes/plug.stl
[0.524s] -- Up-to-date: /home/ubuntu/turtlebot3_ws/install/realsense2_description/share/realsense2_description/rviz
[0.526s] -- Up-to-date: /home/ubuntu/turtlebot3_ws/install/realsense2_description/share/realsense2_description/rviz/urdf.rviz
[0.527s] -- Up-to-date: /home/ubuntu/turtlebot3_ws/install/realsense2_description/share/realsense2_description/urdf
[0.528s] -- Up-to-date: /home/ubuntu/turtlebot3_ws/install/realsense2_description/share/realsense2_description/urdf/test_d455_camera.urdf.xacro
[0.529s] -- Up-to-date: /home/ubuntu/turtlebot3_ws/install/realsense2_description/share/realsense2_description/urdf/_usb_plug.urdf.xacro
[0.530s] -- Up-to-date: /home/ubuntu/turtlebot3_ws/install/realsense2_description/share/realsense2_description/urdf/_d435i_imu_modules.urdf.xacro
[0.531s] -- Up-to-date: /home/ubuntu/turtlebot3_ws/install/realsense2_description/share/realsense2_description/urdf/test_d435i_camera.urdf.xacro
[0.533s] -- Up-to-date: /home/ubuntu/turtlebot3_ws/install/realsense2_description/share/realsense2_description/urdf/test_d415_camera.urdf.xacro
[0.534s] -- Up-to-date: /home/ubuntu/turtlebot3_ws/install/realsense2_description/share/realsense2_description/urdf/_d435.urdf.xacro
[0.535s] -- Up-to-date: /home/ubuntu/turtlebot3_ws/install/realsense2_description/share/realsense2_description/urdf/_r430.urdf.xacro
[0.535s] -- Up-to-date: /home/ubuntu/turtlebot3_ws/install/realsense2_description/share/realsense2_description/urdf/_d435i.urdf.xacro
[0.536s] -- Up-to-date: /home/ubuntu/turtlebot3_ws/install/realsense2_description/share/realsense2_description/urdf/test_d435_camera.urdf.xacro
[0.537s] -- Up-to-date: /home/ubuntu/turtlebot3_ws/install/realsense2_description/share/realsense2_description/urdf/test_r430_camera.urdf.xacro
[0.538s] -- Up-to-date: /home/ubuntu/turtlebot3_ws/install/realsense2_description/share/realsense2_description/urdf/_d455.urdf.xacro
[0.539s] -- Up-to-date: /home/ubuntu/turtlebot3_ws/install/realsense2_description/share/realsense2_description/urdf/_r410.urdf.xacro
[0.540s] -- Up-to-date: /home/ubuntu/turtlebot3_ws/install/realsense2_description/share/realsense2_description/urdf/_materials.urdf.xacro
[0.540s] -- Up-to-date: /home/ubuntu/turtlebot3_ws/install/realsense2_description/share/realsense2_description/urdf/_d415.urdf.xacro
[0.543s] -- Up-to-date: /home/ubuntu/turtlebot3_ws/install/realsense2_description/share/realsense2_description/urdf/test_r410_camera.urdf.xacro
[0.546s] -- Up-to-date: /home/ubuntu/turtlebot3_ws/install/realsense2_description/share/realsense2_description/urdf/test_d435_multiple_cameras.urdf.xacro
[0.553s] -- Up-to-date: /home/ubuntu/turtlebot3_ws/install/realsense2_description/share/realsense2_description/urdf/test_l515_camera.urdf.xacro
[0.561s] -- Up-to-date: /home/ubuntu/turtlebot3_ws/install/realsense2_description/share/realsense2_description/urdf/_l515.urdf.xacro
[0.562s] -- Up-to-date: /home/ubuntu/turtlebot3_ws/install/realsense2_description/share/ament_index/resource_index/package_run_dependencies/realsense2_description
[0.563s] -- Up-to-date: /home/ubuntu/turtlebot3_ws/install/realsense2_description/share/ament_index/resource_index/parent_prefix_path/realsense2_description
[0.564s] -- Up-to-date: /home/ubuntu/turtlebot3_ws/install/realsense2_description/share/realsense2_description/environment/ament_prefix_path.sh
[0.565s] -- Up-to-date: /home/ubuntu/turtlebot3_ws/install/realsense2_description/share/realsense2_description/environment/ament_prefix_path.dsv
[0.565s] -- Up-to-date: /home/ubuntu/turtlebot3_ws/install/realsense2_description/share/realsense2_description/environment/path.sh
[0.566s] -- Up-to-date: /home/ubuntu/turtlebot3_ws/install/realsense2_description/share/realsense2_description/environment/path.dsv
[0.567s] -- Up-to-date: /home/ubuntu/turtlebot3_ws/install/realsense2_description/share/realsense2_description/local_setup.bash
[0.568s] -- Up-to-date: /home/ubuntu/turtlebot3_ws/install/realsense2_description/share/realsense2_description/local_setup.sh
[0.569s] -- Up-to-date: /home/ubuntu/turtlebot3_ws/install/realsense2_description/share/realsense2_description/local_setup.zsh
[0.570s] -- Up-to-date: /home/ubuntu/turtlebot3_ws/install/realsense2_description/share/realsense2_description/local_setup.dsv
[0.571s] -- Installing: /home/ubuntu/turtlebot3_ws/install/realsense2_description/share/realsense2_description/package.dsv
[0.572s] -- Up-to-date: /home/ubuntu/turtlebot3_ws/install/realsense2_description/share/ament_index/resource_index/packages/realsense2_description
[0.573s] -- Up-to-date: /home/ubuntu/turtlebot3_ws/install/realsense2_description/share/realsense2_description/cmake/realsense2_descriptionConfig.cmake
[0.573s] -- Up-to-date: /home/ubuntu/turtlebot3_ws/install/realsense2_description/share/realsense2_description/cmake/realsense2_descriptionConfig-version.cmake
[0.574s] -- Up-to-date: /home/ubuntu/turtlebot3_ws/install/realsense2_description/share/realsense2_description/package.xml
[0.575s] Invoked command in '/home/ubuntu/turtlebot3_ws/build/realsense2_description' returned '0': CMAKE_PREFIX_PATH=/home/ubuntu/turtlebot3_ws/install/realsense2_camera_msgs:/home/ubuntu/turtlebot3_ws/install/turtlebot3:/home/ubuntu/turtlebot3_ws/install/turtlebot3_bringup:/home/ubuntu/turtlebot3_ws/install/turtlebot3_node:/home/ubuntu/turtlebot3_ws/install/turtlebot3_description:/home/ubuntu/turtlebot3_ws/install/realsense2_description:/home/ubuntu/turtlebot3_ws/install/realsense2_camera:/home/ubuntu/turtlebot3_ws/install/ld08_driver:/home/ubuntu/turtlebot3_ws/install/turtlebot3_teleop:/home/ubuntu/turtlebot3_ws/install/turtlebot3_example:/opt/ros/foxy LD_LIBRARY_PATH=/home/ubuntu/turtlebot3_ws/install/realsense2_camera_msgs/lib:/home/ubuntu/turtlebot3_ws/install/realsense2_camera/lib:/opt/ros/foxy/opt/yaml_cpp_vendor/lib:/opt/ros/foxy/opt/rviz_ogre_vendor/lib:/opt/ros/foxy/lib/aarch64-linux-gnu:/opt/ros/foxy/lib PYTHONPATH=/home/ubuntu/turtlebot3_ws/install/realsense2_camera_msgs/lib/python3.8/site-packages:/home/ubuntu/turtlebot3_ws/install/turtlebot3_teleop/lib/python3.8/site-packages:/home/ubuntu/turtlebot3_ws/install/turtlebot3_example/lib/python3.8/site-packages:/opt/ros/foxy/lib/python3.8/site-packages /usr/bin/cmake --install /home/ubuntu/turtlebot3_ws/build/realsense2_description
