[0.641s] Invoking command in '/home/carsten/Documents/uni/p4/semester_project/hardware/projekt_p4/workspace_pollen/src/tello': PYTHONPATH=/home/carsten/Documents/uni/p4/semester_project/hardware/projekt_p4/workspace_pollen/build/tello/prefix_override:/home/carsten/Documents/uni/p4/semester_project/hardware/projekt_p4/workspace_pollen/install/tello/lib/python3.8/site-packages:${PYTHONPATH} /usr/bin/python3 setup.py egg_info --egg-base ../../build/tello build --build-base /home/carsten/Documents/uni/p4/semester_project/hardware/projekt_p4/workspace_pollen/build/tello/build install --record /home/carsten/Documents/uni/p4/semester_project/hardware/projekt_p4/workspace_pollen/build/tello/install.log --install-scripts $base/lib/tello --single-version-externally-managed
[0.868s] running egg_info
[0.868s] writing ../../build/tello/tello.egg-info/PKG-INFO
[0.868s] writing dependency_links to ../../build/tello/tello.egg-info/dependency_links.txt
[0.868s] writing entry points to ../../build/tello/tello.egg-info/entry_points.txt
[0.869s] writing requirements to ../../build/tello/tello.egg-info/requires.txt
[0.869s] writing top-level names to ../../build/tello/tello.egg-info/top_level.txt
[0.898s] reading manifest file '../../build/tello/tello.egg-info/SOURCES.txt'
[0.899s] writing manifest file '../../build/tello/tello.egg-info/SOURCES.txt'
[0.899s] running build
[0.899s] running build_py
[0.900s] running install
[0.900s] running install_lib
[0.902s] running install_data
[0.902s] running install_egg_info
[0.904s] removing '/home/carsten/Documents/uni/p4/semester_project/hardware/projekt_p4/workspace_pollen/install/tello/lib/python3.8/site-packages/tello-0.0.0-py3.8.egg-info' (and everything under it)
[0.904s] Copying ../../build/tello/tello.egg-info to /home/carsten/Documents/uni/p4/semester_project/hardware/projekt_p4/workspace_pollen/install/tello/lib/python3.8/site-packages/tello-0.0.0-py3.8.egg-info
[0.905s] running install_scripts
[0.920s] Installing tello_reciver script to /home/carsten/Documents/uni/p4/semester_project/hardware/projekt_p4/workspace_pollen/install/tello/lib/tello
[0.920s] Installing tf_broadcaster script to /home/carsten/Documents/uni/p4/semester_project/hardware/projekt_p4/workspace_pollen/install/tello/lib/tello
[0.920s] Installing tf_listener script to /home/carsten/Documents/uni/p4/semester_project/hardware/projekt_p4/workspace_pollen/install/tello/lib/tello
[0.920s] writing list of installed files to '/home/carsten/Documents/uni/p4/semester_project/hardware/projekt_p4/workspace_pollen/build/tello/install.log'
[0.940s] Invoked command in '/home/carsten/Documents/uni/p4/semester_project/hardware/projekt_p4/workspace_pollen/src/tello' returned '0': PYTHONPATH=/home/carsten/Documents/uni/p4/semester_project/hardware/projekt_p4/workspace_pollen/build/tello/prefix_override:/home/carsten/Documents/uni/p4/semester_project/hardware/projekt_p4/workspace_pollen/install/tello/lib/python3.8/site-packages:${PYTHONPATH} /usr/bin/python3 setup.py egg_info --egg-base ../../build/tello build --build-base /home/carsten/Documents/uni/p4/semester_project/hardware/projekt_p4/workspace_pollen/build/tello/build install --record /home/carsten/Documents/uni/p4/semester_project/hardware/projekt_p4/workspace_pollen/build/tello/install.log --install-scripts $base/lib/tello --single-version-externally-managed
