/home/ubuntu/git/asbjoern_udv/install/vel_err/lib/python3.8/site-packages/vel_err/__init__.py
/home/ubuntu/git/asbjoern_udv/install/vel_err/lib/python3.8/site-packages/vel_err/drone_rek.py
/home/ubuntu/git/asbjoern_udv/install/vel_err/lib/python3.8/site-packages/vel_err/Velocities_get.py
/home/ubuntu/git/asbjoern_udv/install/vel_err/lib/python3.8/site-packages/vel_err/req_vel.py
/home/ubuntu/git/asbjoern_udv/install/vel_err/lib/python3.8/site-packages/vel_err/tello_drone.py
/home/ubuntu/git/asbjoern_udv/install/vel_err/lib/python3.8/site-packages/vel_err/err.py
/home/ubuntu/git/asbjoern_udv/install/vel_err/lib/python3.8/site-packages/vel_err/first_node.py
/home/ubuntu/git/asbjoern_udv/install/vel_err/lib/python3.8/site-packages/vel_err/__pycache__/__init__.cpython-38.pyc
/home/ubuntu/git/asbjoern_udv/install/vel_err/lib/python3.8/site-packages/vel_err/__pycache__/drone_rek.cpython-38.pyc
/home/ubuntu/git/asbjoern_udv/install/vel_err/lib/python3.8/site-packages/vel_err/__pycache__/Velocities_get.cpython-38.pyc
/home/ubuntu/git/asbjoern_udv/install/vel_err/lib/python3.8/site-packages/vel_err/__pycache__/req_vel.cpython-38.pyc
/home/ubuntu/git/asbjoern_udv/install/vel_err/lib/python3.8/site-packages/vel_err/__pycache__/tello_drone.cpython-38.pyc
/home/ubuntu/git/asbjoern_udv/install/vel_err/lib/python3.8/site-packages/vel_err/__pycache__/err.cpython-38.pyc
/home/ubuntu/git/asbjoern_udv/install/vel_err/lib/python3.8/site-packages/vel_err/__pycache__/first_node.cpython-38.pyc
/home/ubuntu/git/asbjoern_udv/install/vel_err/share/ament_index/resource_index/packages/vel_err
/home/ubuntu/git/asbjoern_udv/install/vel_err/share/vel_err/package.xml
/home/ubuntu/git/asbjoern_udv/install/vel_err/share/vel_err/launch/drone_regulering.launch.py
/home/ubuntu/git/asbjoern_udv/install/vel_err/lib/python3.8/site-packages/vel_err-0.0.0-py3.8.egg-info/SOURCES.txt
/home/ubuntu/git/asbjoern_udv/install/vel_err/lib/python3.8/site-packages/vel_err-0.0.0-py3.8.egg-info/top_level.txt
/home/ubuntu/git/asbjoern_udv/install/vel_err/lib/python3.8/site-packages/vel_err-0.0.0-py3.8.egg-info/requires.txt
/home/ubuntu/git/asbjoern_udv/install/vel_err/lib/python3.8/site-packages/vel_err-0.0.0-py3.8.egg-info/zip-safe
/home/ubuntu/git/asbjoern_udv/install/vel_err/lib/python3.8/site-packages/vel_err-0.0.0-py3.8.egg-info/dependency_links.txt
/home/ubuntu/git/asbjoern_udv/install/vel_err/lib/python3.8/site-packages/vel_err-0.0.0-py3.8.egg-info/PKG-INFO
/home/ubuntu/git/asbjoern_udv/install/vel_err/lib/python3.8/site-packages/vel_err-0.0.0-py3.8.egg-info/entry_points.txt
/home/ubuntu/git/asbjoern_udv/install/vel_err/lib/vel_err/client
/home/ubuntu/git/asbjoern_udv/install/vel_err/lib/vel_err/drone
/home/ubuntu/git/asbjoern_udv/install/vel_err/lib/vel_err/publish
/home/ubuntu/git/asbjoern_udv/install/vel_err/lib/vel_err/rc
/home/ubuntu/git/asbjoern_udv/install/vel_err/lib/vel_err/reg
/home/ubuntu/git/asbjoern_udv/install/vel_err/lib/vel_err/service
/home/ubuntu/git/asbjoern_udv/install/vel_err/lib/vel_err/vel
