[5.311s] Invoking command in '/home/ubuntu/turtlebot3_ws/build/turtlebot3_example': PYTHONPATH=/home/ubuntu/turtlebot3_ws/build/turtlebot3_example/prefix_override:/home/ubuntu/turtlebot3_ws/install/turtlebot3_example/lib/python3.8/site-packages:${PYTHONPATH} /usr/bin/python3 setup.py develop --editable --build-directory /home/ubuntu/turtlebot3_ws/build/turtlebot3_example/build --no-deps install_data
[6.653s] running develop
[7.465s] running egg_info
[7.466s] writing turtlebot3_example.egg-info/PKG-INFO
[7.467s] writing dependency_links to turtlebot3_example.egg-info/dependency_links.txt
[7.469s] writing entry points to turtlebot3_example.egg-info/entry_points.txt
[7.469s] writing requirements to turtlebot3_example.egg-info/requires.txt
[7.470s] writing top-level names to turtlebot3_example.egg-info/top_level.txt
[7.652s] reading manifest file 'turtlebot3_example.egg-info/SOURCES.txt'
[7.660s] writing manifest file 'turtlebot3_example.egg-info/SOURCES.txt'
[7.671s] running build_ext
[7.675s] Creating /home/ubuntu/turtlebot3_ws/install/turtlebot3_example/lib/python3.8/site-packages/turtlebot3-example.egg-link (link to .)
[7.684s] Installing turtlebot3_obstacle_detection script to /home/ubuntu/turtlebot3_ws/install/turtlebot3_example/lib/turtlebot3_example
[7.685s] Installing turtlebot3_patrol_client script to /home/ubuntu/turtlebot3_ws/install/turtlebot3_example/lib/turtlebot3_example
[7.686s] Installing turtlebot3_patrol_server script to /home/ubuntu/turtlebot3_ws/install/turtlebot3_example/lib/turtlebot3_example
[7.691s] Installing turtlebot3_position_control script to /home/ubuntu/turtlebot3_ws/install/turtlebot3_example/lib/turtlebot3_example
[7.695s] 
[7.697s] Installed /home/ubuntu/turtlebot3_ws/build/turtlebot3_example
[7.698s] running install_data
[7.706s] copying package.xml -> /home/ubuntu/turtlebot3_ws/install/turtlebot3_example/share/turtlebot3_example
[7.977s] Invoked command in '/home/ubuntu/turtlebot3_ws/build/turtlebot3_example' returned '0': PYTHONPATH=/home/ubuntu/turtlebot3_ws/build/turtlebot3_example/prefix_override:/home/ubuntu/turtlebot3_ws/install/turtlebot3_example/lib/python3.8/site-packages:${PYTHONPATH} /usr/bin/python3 setup.py develop --editable --build-directory /home/ubuntu/turtlebot3_ws/build/turtlebot3_example/build --no-deps install_data
