[1.368s] DEBUG:colcon:Command line arguments: ['/usr/bin/colcon', 'build', '--packages-select', 'vel_err']
[1.368s] DEBUG:colcon:Parsed command line arguments: Namespace(allow_overriding=[], ament_cmake_args=None, base_paths=['.'], build_base='build', catkin_cmake_args=None, catkin_skip_building_tests=False, cmake_args=None, cmake_clean_cache=False, cmake_clean_first=False, cmake_force_configure=False, cmake_target=None, cmake_target_skip_unavailable=False, continue_on_error=False, event_handlers=None, executor='parallel', ignore_user_meta=False, install_base='install', log_base=None, log_level=None, main=<bound method BuildVerb.main of <colcon_core.verb.build.BuildVerb object at 0xffffb3bd5ac0>>, merge_install=False, metas=['./colcon.meta'], packages_above=None, packages_above_and_dependencies=None, packages_above_depth=None, packages_end=None, packages_ignore=None, packages_ignore_regex=None, packages_select=['vel_err'], packages_select_build_failed=False, packages_select_by_dep=None, packages_select_regex=None, packages_select_test_failures=False, packages_skip=None, packages_skip_build_finished=False, packages_skip_by_dep=None, packages_skip_regex=None, packages_skip_test_passed=False, packages_skip_up_to=None, packages_start=None, packages_up_to=None, packages_up_to_regex=None, parallel_workers=4, paths=None, symlink_install=False, test_result_base=None, verb_extension=<colcon_core.verb.build.BuildVerb object at 0xffffb3bd5ac0>, verb_name='build', verb_parser=<colcon_defaults.argument_parser.defaults.DefaultArgumentsDecorator object at 0xffffb3bdf070>)
[1.491s] Level 1:colcon.colcon_core.package_discovery:discover_packages(colcon_meta) check parameters
[1.492s] Level 1:colcon.colcon_core.package_discovery:discover_packages(recursive) check parameters
[1.492s] Level 1:colcon.colcon_core.package_discovery:discover_packages(ignore) check parameters
[1.492s] Level 1:colcon.colcon_core.package_discovery:discover_packages(path) check parameters
[1.492s] Level 1:colcon.colcon_core.package_discovery:discover_packages(colcon_meta) discover
[1.492s] Level 1:colcon.colcon_core.package_discovery:discover_packages(recursive) discover
[1.493s] INFO:colcon.colcon_core.package_discovery:Crawling recursively for packages in '/home/ubuntu/git/projekt_p4/kontrol_loop_work_spase'
[1.493s] Level 1:colcon.colcon_core.package_identification:_identify(.) by extensions ['ignore', 'ignore_ament_install']
[1.493s] Level 1:colcon.colcon_core.package_identification:_identify(.) by extension 'ignore'
[1.494s] Level 1:colcon.colcon_core.package_identification:_identify(.) by extension 'ignore_ament_install'
[1.494s] Level 1:colcon.colcon_core.package_identification:_identify(.) by extensions ['colcon_pkg']
[1.494s] Level 1:colcon.colcon_core.package_identification:_identify(.) by extension 'colcon_pkg'
[1.494s] Level 1:colcon.colcon_core.package_identification:_identify(.) by extensions ['colcon_meta']
[1.494s] Level 1:colcon.colcon_core.package_identification:_identify(.) by extension 'colcon_meta'
[1.494s] Level 1:colcon.colcon_core.package_identification:_identify(.) by extensions ['ros']
[1.495s] Level 1:colcon.colcon_core.package_identification:_identify(.) by extension 'ros'
[1.579s] Level 1:colcon.colcon_core.package_identification:_identify(.) by extensions ['cmake', 'python']
[1.579s] Level 1:colcon.colcon_core.package_identification:_identify(.) by extension 'cmake'
[1.579s] Level 1:colcon.colcon_core.package_identification:_identify(.) by extension 'python'
[1.580s] Level 1:colcon.colcon_core.package_identification:_identify(.) by extensions ['python_setup_py']
[1.580s] Level 1:colcon.colcon_core.package_identification:_identify(.) by extension 'python_setup_py'
[1.581s] Level 1:colcon.colcon_core.package_identification:_identify(build) by extensions ['ignore', 'ignore_ament_install']
[1.581s] Level 1:colcon.colcon_core.package_identification:_identify(build) by extension 'ignore'
[1.582s] Level 1:colcon.colcon_core.package_identification:_identify(build) ignored
[1.582s] Level 1:colcon.colcon_core.package_identification:_identify(install) by extensions ['ignore', 'ignore_ament_install']
[1.583s] Level 1:colcon.colcon_core.package_identification:_identify(install) by extension 'ignore'
[1.583s] Level 1:colcon.colcon_core.package_identification:_identify(install) ignored
[1.584s] Level 1:colcon.colcon_core.package_identification:_identify(log) by extensions ['ignore', 'ignore_ament_install']
[1.584s] Level 1:colcon.colcon_core.package_identification:_identify(log) by extension 'ignore'
[1.585s] Level 1:colcon.colcon_core.package_identification:_identify(log) ignored
[1.585s] Level 1:colcon.colcon_core.package_identification:_identify(src) by extensions ['ignore', 'ignore_ament_install']
[1.585s] Level 1:colcon.colcon_core.package_identification:_identify(src) by extension 'ignore'
[1.586s] Level 1:colcon.colcon_core.package_identification:_identify(src) by extension 'ignore_ament_install'
[1.586s] Level 1:colcon.colcon_core.package_identification:_identify(src) by extensions ['colcon_pkg']
[1.586s] Level 1:colcon.colcon_core.package_identification:_identify(src) by extension 'colcon_pkg'
[1.586s] Level 1:colcon.colcon_core.package_identification:_identify(src) by extensions ['colcon_meta']
[1.587s] Level 1:colcon.colcon_core.package_identification:_identify(src) by extension 'colcon_meta'
[1.587s] Level 1:colcon.colcon_core.package_identification:_identify(src) by extensions ['ros']
[1.587s] Level 1:colcon.colcon_core.package_identification:_identify(src) by extension 'ros'
[1.588s] Level 1:colcon.colcon_core.package_identification:_identify(src) by extensions ['cmake', 'python']
[1.588s] Level 1:colcon.colcon_core.package_identification:_identify(src) by extension 'cmake'
[1.588s] Level 1:colcon.colcon_core.package_identification:_identify(src) by extension 'python'
[1.588s] Level 1:colcon.colcon_core.package_identification:_identify(src) by extensions ['python_setup_py']
[1.589s] Level 1:colcon.colcon_core.package_identification:_identify(src) by extension 'python_setup_py'
[1.589s] Level 1:colcon.colcon_core.package_identification:_identify(src/vel_err) by extensions ['ignore', 'ignore_ament_install']
[1.589s] Level 1:colcon.colcon_core.package_identification:_identify(src/vel_err) by extension 'ignore'
[1.590s] Level 1:colcon.colcon_core.package_identification:_identify(src/vel_err) by extension 'ignore_ament_install'
[1.590s] Level 1:colcon.colcon_core.package_identification:_identify(src/vel_err) by extensions ['colcon_pkg']
[1.590s] Level 1:colcon.colcon_core.package_identification:_identify(src/vel_err) by extension 'colcon_pkg'
[1.590s] Level 1:colcon.colcon_core.package_identification:_identify(src/vel_err) by extensions ['colcon_meta']
[1.591s] Level 1:colcon.colcon_core.package_identification:_identify(src/vel_err) by extension 'colcon_meta'
[1.591s] Level 1:colcon.colcon_core.package_identification:_identify(src/vel_err) by extensions ['ros']
[1.591s] Level 1:colcon.colcon_core.package_identification:_identify(src/vel_err) by extension 'ros'
[1.600s] DEBUG:colcon.colcon_core.package_identification:Package 'src/vel_err' with type 'ros.ament_python' and name 'vel_err'
[1.601s] Level 1:colcon.colcon_core.package_discovery:discover_packages(recursive) using defaults
[1.601s] Level 1:colcon.colcon_core.package_discovery:discover_packages(ignore) discover
[1.601s] Level 1:colcon.colcon_core.package_discovery:discover_packages(ignore) using defaults
[1.601s] Level 1:colcon.colcon_core.package_discovery:discover_packages(path) discover
[1.601s] Level 1:colcon.colcon_core.package_discovery:discover_packages(path) using defaults
[1.686s] Level 1:colcon.colcon_core.package_discovery:discover_packages(prefix_path) check parameters
[1.686s] Level 1:colcon.colcon_core.package_discovery:discover_packages(prefix_path) discover
[1.703s] DEBUG:colcon.colcon_installed_package_information.package_discovery:Found 1 installed packages in /home/ubuntu/git/projekt_p4/kontrol_loop_work_spase/install
[1.707s] DEBUG:colcon.colcon_installed_package_information.package_discovery:Found 1 installed packages in /home/ubuntu/vicon/vicon_udp/install
[1.713s] DEBUG:colcon.colcon_installed_package_information.package_discovery:Found 10 installed packages in /home/ubuntu/turtlebot3_ws/install
[1.724s] DEBUG:colcon.colcon_installed_package_information.package_discovery:Found 228 installed packages in /opt/ros/foxy
[1.735s] Level 1:colcon.colcon_core.package_discovery:discover_packages(prefix_path) using defaults
[1.961s] Level 5:colcon.colcon_core.verb:set package 'vel_err' build argument 'cmake_args' from command line to 'None'
[1.961s] Level 5:colcon.colcon_core.verb:set package 'vel_err' build argument 'cmake_target' from command line to 'None'
[1.961s] Level 5:colcon.colcon_core.verb:set package 'vel_err' build argument 'cmake_target_skip_unavailable' from command line to 'False'
[1.962s] Level 5:colcon.colcon_core.verb:set package 'vel_err' build argument 'cmake_clean_cache' from command line to 'False'
[1.962s] Level 5:colcon.colcon_core.verb:set package 'vel_err' build argument 'cmake_clean_first' from command line to 'False'
[1.962s] Level 5:colcon.colcon_core.verb:set package 'vel_err' build argument 'cmake_force_configure' from command line to 'False'
[1.962s] Level 5:colcon.colcon_core.verb:set package 'vel_err' build argument 'ament_cmake_args' from command line to 'None'
[1.962s] Level 5:colcon.colcon_core.verb:set package 'vel_err' build argument 'catkin_cmake_args' from command line to 'None'
[1.962s] Level 5:colcon.colcon_core.verb:set package 'vel_err' build argument 'catkin_skip_building_tests' from command line to 'False'
[1.962s] DEBUG:colcon.colcon_core.verb:Building package 'vel_err' with the following arguments: {'ament_cmake_args': None, 'build_base': '/home/ubuntu/git/projekt_p4/kontrol_loop_work_spase/build/vel_err', 'catkin_cmake_args': None, 'catkin_skip_building_tests': False, 'cmake_args': None, 'cmake_clean_cache': False, 'cmake_clean_first': False, 'cmake_force_configure': False, 'cmake_target': None, 'cmake_target_skip_unavailable': False, 'install_base': '/home/ubuntu/git/projekt_p4/kontrol_loop_work_spase/install/vel_err', 'merge_install': False, 'path': '/home/ubuntu/git/projekt_p4/kontrol_loop_work_spase/src/vel_err', 'symlink_install': False, 'test_result_base': None}
[1.965s] INFO:colcon.colcon_core.executor:Executing jobs using 'parallel' executor
[1.981s] DEBUG:colcon.colcon_parallel_executor.executor.parallel:run_until_complete
[1.982s] INFO:colcon.colcon_ros.task.ament_python.build:Building ROS package in '/home/ubuntu/git/projekt_p4/kontrol_loop_work_spase/src/vel_err' with build type 'ament_python'
[1.983s] Level 1:colcon.colcon_core.shell:create_environment_hook('vel_err', 'ament_prefix_path')
[2.004s] INFO:colcon.colcon_core.plugin_system:Skipping extension 'colcon_core.shell.bat': Not used on non-Windows systems
[2.005s] INFO:colcon.colcon_core.shell:Creating environment hook '/home/ubuntu/git/projekt_p4/kontrol_loop_work_spase/install/vel_err/share/vel_err/hook/ament_prefix_path.ps1'
[2.008s] INFO:colcon.colcon_core.shell:Creating environment descriptor '/home/ubuntu/git/projekt_p4/kontrol_loop_work_spase/install/vel_err/share/vel_err/hook/ament_prefix_path.dsv'
[2.010s] INFO:colcon.colcon_core.shell:Creating environment hook '/home/ubuntu/git/projekt_p4/kontrol_loop_work_spase/install/vel_err/share/vel_err/hook/ament_prefix_path.sh'
[2.019s] INFO:colcon.colcon_core.shell:Skip shell extension 'powershell' for command environment: Not usable outside of PowerShell
[2.019s] DEBUG:colcon.colcon_core.shell:Skip shell extension 'dsv' for command environment
[3.021s] INFO:colcon.colcon_core.task.python.build:Building Python package in '/home/ubuntu/git/projekt_p4/kontrol_loop_work_spase/src/vel_err'
[3.028s] INFO:colcon.colcon_core.shell:Skip shell extension 'powershell' for command environment: Not usable outside of PowerShell
[3.028s] DEBUG:colcon.colcon_core.shell:Skip shell extension 'dsv' for command environment
[4.767s] DEBUG:colcon.colcon_core.event_handler.log_command:Invoking command in '/home/ubuntu/git/projekt_p4/kontrol_loop_work_spase/src/vel_err': PYTHONPATH=/home/ubuntu/git/projekt_p4/kontrol_loop_work_spase/build/vel_err/prefix_override:/home/ubuntu/git/projekt_p4/kontrol_loop_work_spase/install/vel_err/lib/python3.8/site-packages:${PYTHONPATH} /usr/bin/python3 setup.py egg_info --egg-base ../../build/vel_err build --build-base /home/ubuntu/git/projekt_p4/kontrol_loop_work_spase/build/vel_err/build install --record /home/ubuntu/git/projekt_p4/kontrol_loop_work_spase/build/vel_err/install.log --install-scripts $base/lib/vel_err --single-version-externally-managed
[6.060s] DEBUG:colcon.colcon_core.event_handler.log_command:Invoked command in '/home/ubuntu/git/projekt_p4/kontrol_loop_work_spase/src/vel_err' returned '0': PYTHONPATH=/home/ubuntu/git/projekt_p4/kontrol_loop_work_spase/build/vel_err/prefix_override:/home/ubuntu/git/projekt_p4/kontrol_loop_work_spase/install/vel_err/lib/python3.8/site-packages:${PYTHONPATH} /usr/bin/python3 setup.py egg_info --egg-base ../../build/vel_err build --build-base /home/ubuntu/git/projekt_p4/kontrol_loop_work_spase/build/vel_err/build install --record /home/ubuntu/git/projekt_p4/kontrol_loop_work_spase/build/vel_err/install.log --install-scripts $base/lib/vel_err --single-version-externally-managed
[6.082s] Level 1:colcon.colcon_core.environment:checking '/home/ubuntu/git/projekt_p4/kontrol_loop_work_spase/install/vel_err' for CMake module files
[6.085s] Level 1:colcon.colcon_core.environment:checking '/home/ubuntu/git/projekt_p4/kontrol_loop_work_spase/install/vel_err' for CMake config files
[6.089s] Level 1:colcon.colcon_core.environment:checking '/home/ubuntu/git/projekt_p4/kontrol_loop_work_spase/install/vel_err/lib'
[6.090s] Level 1:colcon.colcon_core.environment:checking '/home/ubuntu/git/projekt_p4/kontrol_loop_work_spase/install/vel_err/bin'
[6.090s] Level 1:colcon.colcon_core.environment:checking '/home/ubuntu/git/projekt_p4/kontrol_loop_work_spase/install/vel_err/lib/pkgconfig/vel_err.pc'
[6.091s] Level 1:colcon.colcon_core.environment:checking '/home/ubuntu/git/projekt_p4/kontrol_loop_work_spase/install/vel_err/lib/python3.8/site-packages'
[6.092s] Level 1:colcon.colcon_core.shell:create_environment_hook('vel_err', 'pythonpath')
[6.097s] INFO:colcon.colcon_core.shell:Creating environment hook '/home/ubuntu/git/projekt_p4/kontrol_loop_work_spase/install/vel_err/share/vel_err/hook/pythonpath.ps1'
[6.099s] INFO:colcon.colcon_core.shell:Creating environment descriptor '/home/ubuntu/git/projekt_p4/kontrol_loop_work_spase/install/vel_err/share/vel_err/hook/pythonpath.dsv'
[6.101s] INFO:colcon.colcon_core.shell:Creating environment hook '/home/ubuntu/git/projekt_p4/kontrol_loop_work_spase/install/vel_err/share/vel_err/hook/pythonpath.sh'
[6.103s] Level 1:colcon.colcon_core.environment:checking '/home/ubuntu/git/projekt_p4/kontrol_loop_work_spase/install/vel_err/bin'
[6.104s] Level 1:colcon.colcon_core.environment:create_environment_scripts_only(vel_err)
[6.110s] INFO:colcon.colcon_core.shell:Creating package script '/home/ubuntu/git/projekt_p4/kontrol_loop_work_spase/install/vel_err/share/vel_err/package.ps1'
[6.114s] INFO:colcon.colcon_core.shell:Creating package descriptor '/home/ubuntu/git/projekt_p4/kontrol_loop_work_spase/install/vel_err/share/vel_err/package.dsv'
[6.117s] INFO:colcon.colcon_core.shell:Creating package script '/home/ubuntu/git/projekt_p4/kontrol_loop_work_spase/install/vel_err/share/vel_err/package.sh'
[6.121s] INFO:colcon.colcon_core.shell:Creating package script '/home/ubuntu/git/projekt_p4/kontrol_loop_work_spase/install/vel_err/share/vel_err/package.bash'
[6.125s] INFO:colcon.colcon_core.shell:Creating package script '/home/ubuntu/git/projekt_p4/kontrol_loop_work_spase/install/vel_err/share/vel_err/package.zsh'
[6.128s] Level 1:colcon.colcon_core.environment:create_file_with_runtime_dependencies(/home/ubuntu/git/projekt_p4/kontrol_loop_work_spase/install/vel_err/share/colcon-core/packages/vel_err)
[6.129s] DEBUG:colcon.colcon_parallel_executor.executor.parallel:closing loop
[6.130s] DEBUG:colcon.colcon_parallel_executor.executor.parallel:loop closed
[6.130s] DEBUG:colcon.colcon_parallel_executor.executor.parallel:run_until_complete finished with '0'
[6.131s] DEBUG:colcon.colcon_core.event_reactor:joining thread
[6.153s] INFO:colcon.colcon_core.plugin_system:Skipping extension 'colcon_notification.desktop_notification.notify_send': Could not find 'notify-send'
[6.154s] INFO:colcon.colcon_core.plugin_system:Skipping extension 'colcon_notification.desktop_notification.terminal_notifier': Not used on non-Darwin systems
[6.154s] INFO:colcon.colcon_core.plugin_system:Skipping extension 'colcon_notification.desktop_notification.win32': Not used on non-Windows systems
[6.154s] INFO:colcon.colcon_notification.desktop_notification:Sending desktop notification using 'notify2'
[6.157s] DEBUG:colcon.colcon_notification.desktop_notification.notify2:Failed to initialize notify2: org.freedesktop.DBus.Error.ServiceUnknown: The name org.freedesktop.Notifications was not provided by any .service files
[6.158s] DEBUG:colcon.colcon_core.event_reactor:joined thread
[6.164s] INFO:colcon.colcon_core.shell:Creating prefix script '/home/ubuntu/git/projekt_p4/kontrol_loop_work_spase/install/local_setup.ps1'
[6.167s] INFO:colcon.colcon_core.shell:Creating prefix util module '/home/ubuntu/git/projekt_p4/kontrol_loop_work_spase/install/_local_setup_util_ps1.py'
[6.173s] INFO:colcon.colcon_core.shell:Creating prefix chain script '/home/ubuntu/git/projekt_p4/kontrol_loop_work_spase/install/setup.ps1'
[6.183s] INFO:colcon.colcon_core.shell:Creating prefix script '/home/ubuntu/git/projekt_p4/kontrol_loop_work_spase/install/local_setup.sh'
[6.187s] INFO:colcon.colcon_core.shell:Creating prefix util module '/home/ubuntu/git/projekt_p4/kontrol_loop_work_spase/install/_local_setup_util_sh.py'
[6.189s] INFO:colcon.colcon_core.shell:Creating prefix chain script '/home/ubuntu/git/projekt_p4/kontrol_loop_work_spase/install/setup.sh'
[6.198s] INFO:colcon.colcon_core.shell:Creating prefix script '/home/ubuntu/git/projekt_p4/kontrol_loop_work_spase/install/local_setup.bash'
[6.200s] INFO:colcon.colcon_core.shell:Creating prefix chain script '/home/ubuntu/git/projekt_p4/kontrol_loop_work_spase/install/setup.bash'
[6.209s] INFO:colcon.colcon_core.shell:Creating prefix script '/home/ubuntu/git/projekt_p4/kontrol_loop_work_spase/install/local_setup.zsh'
[6.211s] INFO:colcon.colcon_core.shell:Creating prefix chain script '/home/ubuntu/git/projekt_p4/kontrol_loop_work_spase/install/setup.zsh'
