[0.093s] Invoking command in '/home/ubuntu/turtlebot3_ws/build/realsense2_camera': AMENT_PREFIX_PATH=/home/ubuntu/turtlebot3_ws/install/realsense2_camera_msgs:${AMENT_PREFIX_PATH} CMAKE_PREFIX_PATH=/home/ubuntu/turtlebot3_ws/install/realsense2_camera_msgs:/home/ubuntu/turtlebot3_ws/install/turtlebot3:/home/ubuntu/turtlebot3_ws/install/turtlebot3_bringup:/home/ubuntu/turtlebot3_ws/install/turtlebot3_node:/home/ubuntu/turtlebot3_ws/install/turtlebot3_description:/home/ubuntu/turtlebot3_ws/install/ld08_driver:/home/ubuntu/turtlebot3_ws/install/turtlebot3_teleop:/home/ubuntu/turtlebot3_ws/install/turtlebot3_example:/opt/ros/foxy LD_LIBRARY_PATH=/home/ubuntu/turtlebot3_ws/install/realsense2_camera_msgs/lib:${LD_LIBRARY_PATH} PYTHONPATH=/home/ubuntu/turtlebot3_ws/install/realsense2_camera_msgs/lib/python3.8/site-packages:${PYTHONPATH} /usr/bin/cmake /home/ubuntu/turtlebot3_ws/src/realsense-ros/realsense2_camera -DCMAKE_INSTALL_PREFIX=/home/ubuntu/turtlebot3_ws/install/realsense2_camera
[0.358s] -- The C compiler identification is GNU 9.4.0
[0.612s] -- The CXX compiler identification is GNU 9.4.0
[0.633s] -- Check for working C compiler: /usr/bin/cc
[0.955s] -- Check for working C compiler: /usr/bin/cc -- works
[0.959s] -- Detecting C compiler ABI info
[1.279s] -- Detecting C compiler ABI info - done
[1.322s] -- Detecting C compile features
[1.323s] -- Detecting C compile features - done
[1.333s] -- Check for working CXX compiler: /usr/bin/c++
[1.693s] -- Check for working CXX compiler: /usr/bin/c++ -- works
[1.698s] -- Detecting CXX compiler ABI info
[2.091s] -- Detecting CXX compiler ABI info - done
[2.135s] -- Detecting CXX compile features
[2.137s] -- Detecting CXX compile features - done
[2.140s] -- Create Release Build.
[2.164s] -- Found ament_cmake: 0.9.11 (/opt/ros/foxy/share/ament_cmake/cmake)
[2.354s] -- Found PythonInterp: /usr/bin/python3 (found suitable version "3.8.10", minimum required is "3") 
[2.355s] -- Using PYTHON_EXECUTABLE: /usr/bin/python3
[3.499s] -- Found builtin_interfaces: 1.0.0 (/opt/ros/foxy/share/builtin_interfaces/cmake)
[3.778s] -- Using all available rosidl_typesupport_c: rosidl_typesupport_fastrtps_c;rosidl_typesupport_introspection_c
[3.860s] -- Found rosidl_adapter: 1.3.0 (/opt/ros/foxy/share/rosidl_adapter/cmake)
[4.508s] -- Found OpenSSL: /usr/lib/aarch64-linux-gnu/libcrypto.so (found version "1.1.1f")  
[4.788s] -- Found FastRTPS: /opt/ros/foxy/include  
[5.444s] -- Using all available rosidl_typesupport_cpp: rosidl_typesupport_fastrtps_cpp;rosidl_typesupport_introspection_cpp
[5.610s] -- Found cv_bridge: 3.0.7 (/opt/ros/foxy/share/cv_bridge/cmake)
[6.394s] -- Found image_transport: 2.4.0 (/opt/ros/foxy/share/image_transport/cmake)
[6.765s] -- Found rmw_implementation_cmake: 1.0.3 (/opt/ros/foxy/share/rmw_implementation_cmake/cmake)
[6.773s] -- Using RMW implementation 'rmw_fastrtps_cpp' as default
[6.777s] -- Looking for pthread.h
[7.110s] -- Looking for pthread.h - found
[7.111s] -- Performing Test CMAKE_HAVE_LIBC_PTHREAD
[7.441s] -- Performing Test CMAKE_HAVE_LIBC_PTHREAD - Failed
[7.442s] -- Looking for pthread_create in pthreads
[7.718s] -- Looking for pthread_create in pthreads - not found
[7.718s] -- Looking for pthread_create in pthread
[8.040s] -- Looking for pthread_create in pthread - found
[8.044s] -- Found Threads: TRUE  
[9.200s] -- Found rclcpp_components: 2.4.2 (/opt/ros/foxy/share/rclcpp_components/cmake)
[9.428s] -- Found realsense2_camera_msgs: 4.51.1 (/home/ubuntu/turtlebot3_ws/install/realsense2_camera_msgs/share/realsense2_camera_msgs/cmake)
[9.603s] -- Found nav_msgs: 2.0.5 (/opt/ros/foxy/share/nav_msgs/cmake)
[9.918s] -- Found tf2_ros: 0.13.13 (/opt/ros/foxy/share/tf2_ros/cmake)
[11.187s] -- Found diagnostic_updater: 2.0.8 (/opt/ros/foxy/share/diagnostic_updater/cmake)
[11.503s] -- Build for ROS2 Foxy
[12.119s] -- Configuring done
[12.365s] -- Generating done
[12.372s] -- Build files have been written to: /home/ubuntu/turtlebot3_ws/build/realsense2_camera
[12.411s] Invoked command in '/home/ubuntu/turtlebot3_ws/build/realsense2_camera' returned '0': AMENT_PREFIX_PATH=/home/ubuntu/turtlebot3_ws/install/realsense2_camera_msgs:${AMENT_PREFIX_PATH} CMAKE_PREFIX_PATH=/home/ubuntu/turtlebot3_ws/install/realsense2_camera_msgs:/home/ubuntu/turtlebot3_ws/install/turtlebot3:/home/ubuntu/turtlebot3_ws/install/turtlebot3_bringup:/home/ubuntu/turtlebot3_ws/install/turtlebot3_node:/home/ubuntu/turtlebot3_ws/install/turtlebot3_description:/home/ubuntu/turtlebot3_ws/install/ld08_driver:/home/ubuntu/turtlebot3_ws/install/turtlebot3_teleop:/home/ubuntu/turtlebot3_ws/install/turtlebot3_example:/opt/ros/foxy LD_LIBRARY_PATH=/home/ubuntu/turtlebot3_ws/install/realsense2_camera_msgs/lib:${LD_LIBRARY_PATH} PYTHONPATH=/home/ubuntu/turtlebot3_ws/install/realsense2_camera_msgs/lib/python3.8/site-packages:${PYTHONPATH} /usr/bin/cmake /home/ubuntu/turtlebot3_ws/src/realsense-ros/realsense2_camera -DCMAKE_INSTALL_PREFIX=/home/ubuntu/turtlebot3_ws/install/realsense2_camera
[12.421s] Invoking command in '/home/ubuntu/turtlebot3_ws/build/realsense2_camera': AMENT_PREFIX_PATH=/home/ubuntu/turtlebot3_ws/install/realsense2_camera_msgs:${AMENT_PREFIX_PATH} CMAKE_PREFIX_PATH=/home/ubuntu/turtlebot3_ws/install/realsense2_camera_msgs:/home/ubuntu/turtlebot3_ws/install/turtlebot3:/home/ubuntu/turtlebot3_ws/install/turtlebot3_bringup:/home/ubuntu/turtlebot3_ws/install/turtlebot3_node:/home/ubuntu/turtlebot3_ws/install/turtlebot3_description:/home/ubuntu/turtlebot3_ws/install/ld08_driver:/home/ubuntu/turtlebot3_ws/install/turtlebot3_teleop:/home/ubuntu/turtlebot3_ws/install/turtlebot3_example:/opt/ros/foxy LD_LIBRARY_PATH=/home/ubuntu/turtlebot3_ws/install/realsense2_camera_msgs/lib:${LD_LIBRARY_PATH} PYTHONPATH=/home/ubuntu/turtlebot3_ws/install/realsense2_camera_msgs/lib/python3.8/site-packages:${PYTHONPATH} /usr/bin/cmake --build /home/ubuntu/turtlebot3_ws/build/realsense2_camera -- -j4 -l4
[12.613s] [35m[1mScanning dependencies of target realsense2_camera_node[0m
[12.615s] [35m[1mScanning dependencies of target realsense2_camera[0m
[12.991s] [  6%] [32mBuilding CXX object CMakeFiles/realsense2_camera_node.dir/rclcpp_components/node_main_realsense2_camera_node.cpp.o[0m
[13.447s] [ 20%] [32mBuilding CXX object CMakeFiles/realsense2_camera.dir/src/realsense_node_factory.cpp.o[0m
[13.448s] [ 20%] [32mBuilding CXX object CMakeFiles/realsense2_camera.dir/src/base_realsense_node.cpp.o[0m
[13.450s] [ 26%] [32mBuilding CXX object CMakeFiles/realsense2_camera.dir/src/parameters.cpp.o[0m
[28.520s] [ 33%] [32m[1mLinking CXX executable realsense2_camera_node[0m
[29.187s] [ 33%] Built target realsense2_camera_node
[29.235s] [ 40%] [32mBuilding CXX object CMakeFiles/realsense2_camera.dir/src/rs_node_setup.cpp.o[0m
[46.677s] [ 46%] [32mBuilding CXX object CMakeFiles/realsense2_camera.dir/src/ros_sensor.cpp.o[0m
[72.794s] [ 53%] [32mBuilding CXX object CMakeFiles/realsense2_camera.dir/src/ros_utils.cpp.o[0m
[83.870s] [ 60%] [32mBuilding CXX object CMakeFiles/realsense2_camera.dir/src/dynamic_params.cpp.o[0m
[91.511s] [ 66%] [32mBuilding CXX object CMakeFiles/realsense2_camera.dir/src/sensor_params.cpp.o[0m
[97.898s] [ 73%] [32mBuilding CXX object CMakeFiles/realsense2_camera.dir/src/named_filter.cpp.o[0m
[111.552s] [ 80%] [32mBuilding CXX object CMakeFiles/realsense2_camera.dir/src/profile_manager.cpp.o[0m
[114.428s] [ 86%] [32mBuilding CXX object CMakeFiles/realsense2_camera.dir/src/image_publisher.cpp.o[0m
[120.342s] [ 93%] [32mBuilding CXX object CMakeFiles/realsense2_camera.dir/src/ros_param_backend_foxy.cpp.o[0m
[153.533s] [100%] [32m[1mLinking CXX shared library librealsense2_camera.so[0m
[157.639s] [100%] Built target realsense2_camera
[157.684s] Invoked command in '/home/ubuntu/turtlebot3_ws/build/realsense2_camera' returned '0': AMENT_PREFIX_PATH=/home/ubuntu/turtlebot3_ws/install/realsense2_camera_msgs:${AMENT_PREFIX_PATH} CMAKE_PREFIX_PATH=/home/ubuntu/turtlebot3_ws/install/realsense2_camera_msgs:/home/ubuntu/turtlebot3_ws/install/turtlebot3:/home/ubuntu/turtlebot3_ws/install/turtlebot3_bringup:/home/ubuntu/turtlebot3_ws/install/turtlebot3_node:/home/ubuntu/turtlebot3_ws/install/turtlebot3_description:/home/ubuntu/turtlebot3_ws/install/ld08_driver:/home/ubuntu/turtlebot3_ws/install/turtlebot3_teleop:/home/ubuntu/turtlebot3_ws/install/turtlebot3_example:/opt/ros/foxy LD_LIBRARY_PATH=/home/ubuntu/turtlebot3_ws/install/realsense2_camera_msgs/lib:${LD_LIBRARY_PATH} PYTHONPATH=/home/ubuntu/turtlebot3_ws/install/realsense2_camera_msgs/lib/python3.8/site-packages:${PYTHONPATH} /usr/bin/cmake --build /home/ubuntu/turtlebot3_ws/build/realsense2_camera -- -j4 -l4
[157.983s] Invoking command in '/home/ubuntu/turtlebot3_ws/build/realsense2_camera': AMENT_PREFIX_PATH=/home/ubuntu/turtlebot3_ws/install/realsense2_camera_msgs:${AMENT_PREFIX_PATH} CMAKE_PREFIX_PATH=/home/ubuntu/turtlebot3_ws/install/realsense2_camera_msgs:/home/ubuntu/turtlebot3_ws/install/turtlebot3:/home/ubuntu/turtlebot3_ws/install/turtlebot3_bringup:/home/ubuntu/turtlebot3_ws/install/turtlebot3_node:/home/ubuntu/turtlebot3_ws/install/turtlebot3_description:/home/ubuntu/turtlebot3_ws/install/ld08_driver:/home/ubuntu/turtlebot3_ws/install/turtlebot3_teleop:/home/ubuntu/turtlebot3_ws/install/turtlebot3_example:/opt/ros/foxy LD_LIBRARY_PATH=/home/ubuntu/turtlebot3_ws/install/realsense2_camera_msgs/lib:${LD_LIBRARY_PATH} PYTHONPATH=/home/ubuntu/turtlebot3_ws/install/realsense2_camera_msgs/lib/python3.8/site-packages:${PYTHONPATH} /usr/bin/cmake --install /home/ubuntu/turtlebot3_ws/build/realsense2_camera
[158.022s] -- Install configuration: "Release"
[158.022s] -- Installing: /home/ubuntu/turtlebot3_ws/install/realsense2_camera/lib/realsense2_camera/realsense2_camera_node
[158.025s] -- Set runtime path of "/home/ubuntu/turtlebot3_ws/install/realsense2_camera/lib/realsense2_camera/realsense2_camera_node" to ""
[158.026s] -- Installing: /home/ubuntu/turtlebot3_ws/install/realsense2_camera/lib/librealsense2_camera.so
[158.043s] -- Set runtime path of "/home/ubuntu/turtlebot3_ws/install/realsense2_camera/lib/librealsense2_camera.so" to ""
[158.044s] -- Installing: /home/ubuntu/turtlebot3_ws/install/realsense2_camera/include
[158.044s] -- Installing: /home/ubuntu/turtlebot3_ws/install/realsense2_camera/include/ros_param_backend.h
[158.045s] -- Installing: /home/ubuntu/turtlebot3_ws/install/realsense2_camera/include/ros_utils.h
[158.046s] -- Installing: /home/ubuntu/turtlebot3_ws/install/realsense2_camera/include/ros_sensor.h
[158.047s] -- Installing: /home/ubuntu/turtlebot3_ws/install/realsense2_camera/include/realsense_node_factory.h
[158.047s] -- Installing: /home/ubuntu/turtlebot3_ws/install/realsense2_camera/include/base_realsense_node.h
[158.048s] -- Installing: /home/ubuntu/turtlebot3_ws/install/realsense2_camera/include/sensor_params.h
[158.049s] -- Installing: /home/ubuntu/turtlebot3_ws/install/realsense2_camera/include/named_filter.h
[158.050s] -- Installing: /home/ubuntu/turtlebot3_ws/install/realsense2_camera/include/constants.h
[158.051s] -- Installing: /home/ubuntu/turtlebot3_ws/install/realsense2_camera/include/dynamic_params.h
[158.051s] -- Installing: /home/ubuntu/turtlebot3_ws/install/realsense2_camera/include/profile_manager.h
[158.052s] -- Installing: /home/ubuntu/turtlebot3_ws/install/realsense2_camera/include/image_publisher.h
[158.053s] -- Installing: /home/ubuntu/turtlebot3_ws/install/realsense2_camera/share/realsense2_camera/launch
[158.054s] -- Installing: /home/ubuntu/turtlebot3_ws/install/realsense2_camera/share/realsense2_camera/launch/default.rviz
[158.057s] -- Installing: /home/ubuntu/turtlebot3_ws/install/realsense2_camera/share/realsense2_camera/launch/rs_launch.py
[158.058s] -- Installing: /home/ubuntu/turtlebot3_ws/install/realsense2_camera/share/realsense2_camera/launch/rs_intra_process_demo_launch.py
[158.060s] -- Installing: /home/ubuntu/turtlebot3_ws/install/realsense2_camera/share/realsense2_camera/launch/rs_multi_camera_launch.py
[158.062s] -- Installing: /home/ubuntu/turtlebot3_ws/install/realsense2_camera/share/realsense2_camera/environment/library_path.sh
[158.063s] -- Installing: /home/ubuntu/turtlebot3_ws/install/realsense2_camera/share/realsense2_camera/environment/library_path.dsv
[158.065s] -- Installing: /home/ubuntu/turtlebot3_ws/install/realsense2_camera/share/ament_index/resource_index/package_run_dependencies/realsense2_camera
[158.067s] -- Installing: /home/ubuntu/turtlebot3_ws/install/realsense2_camera/share/ament_index/resource_index/parent_prefix_path/realsense2_camera
[158.068s] -- Installing: /home/ubuntu/turtlebot3_ws/install/realsense2_camera/share/realsense2_camera/environment/ament_prefix_path.sh
[158.069s] -- Installing: /home/ubuntu/turtlebot3_ws/install/realsense2_camera/share/realsense2_camera/environment/ament_prefix_path.dsv
[158.071s] -- Installing: /home/ubuntu/turtlebot3_ws/install/realsense2_camera/share/realsense2_camera/environment/path.sh
[158.072s] -- Installing: /home/ubuntu/turtlebot3_ws/install/realsense2_camera/share/realsense2_camera/environment/path.dsv
[158.073s] -- Installing: /home/ubuntu/turtlebot3_ws/install/realsense2_camera/share/realsense2_camera/local_setup.bash
[158.074s] -- Installing: /home/ubuntu/turtlebot3_ws/install/realsense2_camera/share/realsense2_camera/local_setup.sh
[158.075s] -- Installing: /home/ubuntu/turtlebot3_ws/install/realsense2_camera/share/realsense2_camera/local_setup.zsh
[158.077s] -- Installing: /home/ubuntu/turtlebot3_ws/install/realsense2_camera/share/realsense2_camera/local_setup.dsv
[158.078s] -- Installing: /home/ubuntu/turtlebot3_ws/install/realsense2_camera/share/realsense2_camera/package.dsv
[158.079s] -- Installing: /home/ubuntu/turtlebot3_ws/install/realsense2_camera/share/ament_index/resource_index/packages/realsense2_camera
[158.081s] -- Installing: /home/ubuntu/turtlebot3_ws/install/realsense2_camera/share/ament_index/resource_index/rclcpp_components/realsense2_camera
[158.082s] -- Installing: /home/ubuntu/turtlebot3_ws/install/realsense2_camera/share/realsense2_camera/cmake/ament_cmake_export_include_directories-extras.cmake
[158.083s] -- Installing: /home/ubuntu/turtlebot3_ws/install/realsense2_camera/share/realsense2_camera/cmake/ament_cmake_export_libraries-extras.cmake
[158.085s] -- Installing: /home/ubuntu/turtlebot3_ws/install/realsense2_camera/share/realsense2_camera/cmake/ament_cmake_export_dependencies-extras.cmake
[158.086s] -- Installing: /home/ubuntu/turtlebot3_ws/install/realsense2_camera/share/realsense2_camera/cmake/realsense2_cameraConfig.cmake
[158.087s] -- Installing: /home/ubuntu/turtlebot3_ws/install/realsense2_camera/share/realsense2_camera/cmake/realsense2_cameraConfig-version.cmake
[158.088s] -- Installing: /home/ubuntu/turtlebot3_ws/install/realsense2_camera/share/realsense2_camera/package.xml
[158.105s] Invoked command in '/home/ubuntu/turtlebot3_ws/build/realsense2_camera' returned '0': AMENT_PREFIX_PATH=/home/ubuntu/turtlebot3_ws/install/realsense2_camera_msgs:${AMENT_PREFIX_PATH} CMAKE_PREFIX_PATH=/home/ubuntu/turtlebot3_ws/install/realsense2_camera_msgs:/home/ubuntu/turtlebot3_ws/install/turtlebot3:/home/ubuntu/turtlebot3_ws/install/turtlebot3_bringup:/home/ubuntu/turtlebot3_ws/install/turtlebot3_node:/home/ubuntu/turtlebot3_ws/install/turtlebot3_description:/home/ubuntu/turtlebot3_ws/install/ld08_driver:/home/ubuntu/turtlebot3_ws/install/turtlebot3_teleop:/home/ubuntu/turtlebot3_ws/install/turtlebot3_example:/opt/ros/foxy LD_LIBRARY_PATH=/home/ubuntu/turtlebot3_ws/install/realsense2_camera_msgs/lib:${LD_LIBRARY_PATH} PYTHONPATH=/home/ubuntu/turtlebot3_ws/install/realsense2_camera_msgs/lib/python3.8/site-packages:${PYTHONPATH} /usr/bin/cmake --install /home/ubuntu/turtlebot3_ws/build/realsense2_camera
