[0.925s] Invoking command in '/home/carsten/Documents/uni/p4/semester_project/hardware/projekt_p4/workspace_pollen/src/tf2_workshop': PYTHONPATH=/home/carsten/Documents/uni/p4/semester_project/hardware/projekt_p4/workspace_pollen/build/tf2_workshop/prefix_override:/home/carsten/Documents/uni/p4/semester_project/hardware/projekt_p4/workspace_pollen/install/tf2_workshop/lib/python3.8/site-packages:${PYTHONPATH} /usr/bin/python3 setup.py egg_info --egg-base ../../build/tf2_workshop build --build-base /home/carsten/Documents/uni/p4/semester_project/hardware/projekt_p4/workspace_pollen/build/tf2_workshop/build install --record /home/carsten/Documents/uni/p4/semester_project/hardware/projekt_p4/workspace_pollen/build/tf2_workshop/install.log --install-scripts $base/lib/tf2_workshop --single-version-externally-managed
[1.148s] running egg_info
[1.149s] creating ../../build/tf2_workshop/tf2_workshop.egg-info
[1.149s] writing ../../build/tf2_workshop/tf2_workshop.egg-info/PKG-INFO
[1.149s] writing dependency_links to ../../build/tf2_workshop/tf2_workshop.egg-info/dependency_links.txt
[1.149s] writing entry points to ../../build/tf2_workshop/tf2_workshop.egg-info/entry_points.txt
[1.150s] writing requirements to ../../build/tf2_workshop/tf2_workshop.egg-info/requires.txt
[1.150s] writing top-level names to ../../build/tf2_workshop/tf2_workshop.egg-info/top_level.txt
[1.151s] writing manifest file '../../build/tf2_workshop/tf2_workshop.egg-info/SOURCES.txt'
[1.180s] reading manifest file '../../build/tf2_workshop/tf2_workshop.egg-info/SOURCES.txt'
[1.181s] writing manifest file '../../build/tf2_workshop/tf2_workshop.egg-info/SOURCES.txt'
[1.181s] running build
[1.181s] running build_py
[1.181s] creating /home/carsten/Documents/uni/p4/semester_project/hardware/projekt_p4/workspace_pollen/build/tf2_workshop/build
[1.181s] creating /home/carsten/Documents/uni/p4/semester_project/hardware/projekt_p4/workspace_pollen/build/tf2_workshop/build/lib
[1.181s] creating /home/carsten/Documents/uni/p4/semester_project/hardware/projekt_p4/workspace_pollen/build/tf2_workshop/build/lib/tf2_workshop
[1.182s] copying tf2_workshop/broadcaster.py -> /home/carsten/Documents/uni/p4/semester_project/hardware/projekt_p4/workspace_pollen/build/tf2_workshop/build/lib/tf2_workshop
[1.182s] copying tf2_workshop/listener.py -> /home/carsten/Documents/uni/p4/semester_project/hardware/projekt_p4/workspace_pollen/build/tf2_workshop/build/lib/tf2_workshop
[1.182s] copying tf2_workshop/__init__.py -> /home/carsten/Documents/uni/p4/semester_project/hardware/projekt_p4/workspace_pollen/build/tf2_workshop/build/lib/tf2_workshop
[1.182s] running install
[1.182s] running install_lib
[1.183s] creating /home/carsten/Documents/uni/p4/semester_project/hardware/projekt_p4/workspace_pollen/install/tf2_workshop/lib/python3.8/site-packages/tf2_workshop
[1.183s] copying /home/carsten/Documents/uni/p4/semester_project/hardware/projekt_p4/workspace_pollen/build/tf2_workshop/build/lib/tf2_workshop/broadcaster.py -> /home/carsten/Documents/uni/p4/semester_project/hardware/projekt_p4/workspace_pollen/install/tf2_workshop/lib/python3.8/site-packages/tf2_workshop
[1.183s] copying /home/carsten/Documents/uni/p4/semester_project/hardware/projekt_p4/workspace_pollen/build/tf2_workshop/build/lib/tf2_workshop/listener.py -> /home/carsten/Documents/uni/p4/semester_project/hardware/projekt_p4/workspace_pollen/install/tf2_workshop/lib/python3.8/site-packages/tf2_workshop
[1.183s] copying /home/carsten/Documents/uni/p4/semester_project/hardware/projekt_p4/workspace_pollen/build/tf2_workshop/build/lib/tf2_workshop/__init__.py -> /home/carsten/Documents/uni/p4/semester_project/hardware/projekt_p4/workspace_pollen/install/tf2_workshop/lib/python3.8/site-packages/tf2_workshop
[1.184s] byte-compiling /home/carsten/Documents/uni/p4/semester_project/hardware/projekt_p4/workspace_pollen/install/tf2_workshop/lib/python3.8/site-packages/tf2_workshop/broadcaster.py to broadcaster.cpython-38.pyc
[1.185s] byte-compiling /home/carsten/Documents/uni/p4/semester_project/hardware/projekt_p4/workspace_pollen/install/tf2_workshop/lib/python3.8/site-packages/tf2_workshop/listener.py to listener.cpython-38.pyc
[1.186s] byte-compiling /home/carsten/Documents/uni/p4/semester_project/hardware/projekt_p4/workspace_pollen/install/tf2_workshop/lib/python3.8/site-packages/tf2_workshop/__init__.py to __init__.cpython-38.pyc
[1.186s] running install_data
[1.186s] creating /home/carsten/Documents/uni/p4/semester_project/hardware/projekt_p4/workspace_pollen/install/tf2_workshop/share/ament_index
[1.187s] creating /home/carsten/Documents/uni/p4/semester_project/hardware/projekt_p4/workspace_pollen/install/tf2_workshop/share/ament_index/resource_index
[1.187s] creating /home/carsten/Documents/uni/p4/semester_project/hardware/projekt_p4/workspace_pollen/install/tf2_workshop/share/ament_index/resource_index/packages
[1.187s] copying resource/tf2_workshop -> /home/carsten/Documents/uni/p4/semester_project/hardware/projekt_p4/workspace_pollen/install/tf2_workshop/share/ament_index/resource_index/packages
[1.187s] copying package.xml -> /home/carsten/Documents/uni/p4/semester_project/hardware/projekt_p4/workspace_pollen/install/tf2_workshop/share/tf2_workshop
[1.187s] running install_egg_info
[1.189s] Copying ../../build/tf2_workshop/tf2_workshop.egg-info to /home/carsten/Documents/uni/p4/semester_project/hardware/projekt_p4/workspace_pollen/install/tf2_workshop/lib/python3.8/site-packages/tf2_workshop-0.0.0-py3.8.egg-info
[1.189s] running install_scripts
[1.205s] Installing broadcaster script to /home/carsten/Documents/uni/p4/semester_project/hardware/projekt_p4/workspace_pollen/install/tf2_workshop/lib/tf2_workshop
[1.206s] Installing listener script to /home/carsten/Documents/uni/p4/semester_project/hardware/projekt_p4/workspace_pollen/install/tf2_workshop/lib/tf2_workshop
[1.206s] writing list of installed files to '/home/carsten/Documents/uni/p4/semester_project/hardware/projekt_p4/workspace_pollen/build/tf2_workshop/install.log'
[1.254s] Invoked command in '/home/carsten/Documents/uni/p4/semester_project/hardware/projekt_p4/workspace_pollen/src/tf2_workshop' returned '0': PYTHONPATH=/home/carsten/Documents/uni/p4/semester_project/hardware/projekt_p4/workspace_pollen/build/tf2_workshop/prefix_override:/home/carsten/Documents/uni/p4/semester_project/hardware/projekt_p4/workspace_pollen/install/tf2_workshop/lib/python3.8/site-packages:${PYTHONPATH} /usr/bin/python3 setup.py egg_info --egg-base ../../build/tf2_workshop build --build-base /home/carsten/Documents/uni/p4/semester_project/hardware/projekt_p4/workspace_pollen/build/tf2_workshop/build install --record /home/carsten/Documents/uni/p4/semester_project/hardware/projekt_p4/workspace_pollen/build/tf2_workshop/install.log --install-scripts $base/lib/tf2_workshop --single-version-externally-managed
