[1.364s] DEBUG:colcon:Command line arguments: ['/usr/bin/colcon', 'build']
[1.364s] DEBUG:colcon:Parsed command line arguments: Namespace(allow_overriding=[], ament_cmake_args=None, base_paths=['.'], build_base='build', catkin_cmake_args=None, catkin_skip_building_tests=False, cmake_args=None, cmake_clean_cache=False, cmake_clean_first=False, cmake_force_configure=False, cmake_target=None, cmake_target_skip_unavailable=False, continue_on_error=False, event_handlers=None, executor='parallel', ignore_user_meta=False, install_base='install', log_base=None, log_level=None, main=<bound method BuildVerb.main of <colcon_core.verb.build.BuildVerb object at 0xffff85686760>>, merge_install=False, metas=['./colcon.meta'], packages_above=None, packages_above_and_dependencies=None, packages_above_depth=None, packages_end=None, packages_ignore=None, packages_ignore_regex=None, packages_select=None, packages_select_build_failed=False, packages_select_by_dep=None, packages_select_regex=None, packages_select_test_failures=False, packages_skip=None, packages_skip_build_finished=False, packages_skip_by_dep=None, packages_skip_regex=None, packages_skip_test_passed=False, packages_skip_up_to=None, packages_start=None, packages_up_to=None, packages_up_to_regex=None, parallel_workers=4, paths=None, symlink_install=False, test_result_base=None, verb_extension=<colcon_core.verb.build.BuildVerb object at 0xffff85686760>, verb_name='build', verb_parser=<colcon_defaults.argument_parser.defaults.DefaultArgumentsDecorator object at 0xffff85686ca0>)
[1.483s] Level 1:colcon.colcon_core.package_discovery:discover_packages(colcon_meta) check parameters
[1.483s] Level 1:colcon.colcon_core.package_discovery:discover_packages(recursive) check parameters
[1.483s] Level 1:colcon.colcon_core.package_discovery:discover_packages(ignore) check parameters
[1.483s] Level 1:colcon.colcon_core.package_discovery:discover_packages(path) check parameters
[1.484s] Level 1:colcon.colcon_core.package_discovery:discover_packages(colcon_meta) discover
[1.484s] Level 1:colcon.colcon_core.package_discovery:discover_packages(recursive) discover
[1.484s] INFO:colcon.colcon_core.package_discovery:Crawling recursively for packages in '/home/ubuntu/git/asbjoern_udv'
[1.485s] Level 1:colcon.colcon_core.package_identification:_identify(.) by extensions ['ignore', 'ignore_ament_install']
[1.485s] Level 1:colcon.colcon_core.package_identification:_identify(.) by extension 'ignore'
[1.485s] Level 1:colcon.colcon_core.package_identification:_identify(.) by extension 'ignore_ament_install'
[1.486s] Level 1:colcon.colcon_core.package_identification:_identify(.) by extensions ['colcon_pkg']
[1.486s] Level 1:colcon.colcon_core.package_identification:_identify(.) by extension 'colcon_pkg'
[1.486s] Level 1:colcon.colcon_core.package_identification:_identify(.) by extensions ['colcon_meta']
[1.486s] Level 1:colcon.colcon_core.package_identification:_identify(.) by extension 'colcon_meta'
[1.486s] Level 1:colcon.colcon_core.package_identification:_identify(.) by extensions ['ros']
[1.486s] Level 1:colcon.colcon_core.package_identification:_identify(.) by extension 'ros'
[1.570s] Level 1:colcon.colcon_core.package_identification:_identify(.) by extensions ['cmake', 'python']
[1.570s] Level 1:colcon.colcon_core.package_identification:_identify(.) by extension 'cmake'
[1.570s] Level 1:colcon.colcon_core.package_identification:_identify(.) by extension 'python'
[1.571s] Level 1:colcon.colcon_core.package_identification:_identify(.) by extensions ['python_setup_py']
[1.571s] Level 1:colcon.colcon_core.package_identification:_identify(.) by extension 'python_setup_py'
[1.571s] Level 1:colcon.colcon_core.package_identification:_identify(build) by extensions ['ignore', 'ignore_ament_install']
[1.572s] Level 1:colcon.colcon_core.package_identification:_identify(build) by extension 'ignore'
[1.572s] Level 1:colcon.colcon_core.package_identification:_identify(build) ignored
[1.572s] Level 1:colcon.colcon_core.package_identification:_identify(install) by extensions ['ignore', 'ignore_ament_install']
[1.573s] Level 1:colcon.colcon_core.package_identification:_identify(install) by extension 'ignore'
[1.573s] Level 1:colcon.colcon_core.package_identification:_identify(install) ignored
[1.574s] Level 1:colcon.colcon_core.package_identification:_identify(kontrol_loop_work_spase) by extensions ['ignore', 'ignore_ament_install']
[1.574s] Level 1:colcon.colcon_core.package_identification:_identify(kontrol_loop_work_spase) by extension 'ignore'
[1.574s] Level 1:colcon.colcon_core.package_identification:_identify(kontrol_loop_work_spase) by extension 'ignore_ament_install'
[1.574s] Level 1:colcon.colcon_core.package_identification:_identify(kontrol_loop_work_spase) by extensions ['colcon_pkg']
[1.574s] Level 1:colcon.colcon_core.package_identification:_identify(kontrol_loop_work_spase) by extension 'colcon_pkg'
[1.575s] Level 1:colcon.colcon_core.package_identification:_identify(kontrol_loop_work_spase) by extensions ['colcon_meta']
[1.575s] Level 1:colcon.colcon_core.package_identification:_identify(kontrol_loop_work_spase) by extension 'colcon_meta'
[1.575s] Level 1:colcon.colcon_core.package_identification:_identify(kontrol_loop_work_spase) by extensions ['ros']
[1.575s] Level 1:colcon.colcon_core.package_identification:_identify(kontrol_loop_work_spase) by extension 'ros'
[1.576s] Level 1:colcon.colcon_core.package_identification:_identify(kontrol_loop_work_spase) by extensions ['cmake', 'python']
[1.576s] Level 1:colcon.colcon_core.package_identification:_identify(kontrol_loop_work_spase) by extension 'cmake'
[1.576s] Level 1:colcon.colcon_core.package_identification:_identify(kontrol_loop_work_spase) by extension 'python'
[1.576s] Level 1:colcon.colcon_core.package_identification:_identify(kontrol_loop_work_spase) by extensions ['python_setup_py']
[1.576s] Level 1:colcon.colcon_core.package_identification:_identify(kontrol_loop_work_spase) by extension 'python_setup_py'
[1.577s] Level 1:colcon.colcon_core.package_identification:_identify(kontrol_loop_work_spase/build) by extensions ['ignore', 'ignore_ament_install']
[1.577s] Level 1:colcon.colcon_core.package_identification:_identify(kontrol_loop_work_spase/build) by extension 'ignore'
[1.577s] Level 1:colcon.colcon_core.package_identification:_identify(kontrol_loop_work_spase/build) ignored
[1.578s] Level 1:colcon.colcon_core.package_identification:_identify(kontrol_loop_work_spase/install) by extensions ['ignore', 'ignore_ament_install']
[1.578s] Level 1:colcon.colcon_core.package_identification:_identify(kontrol_loop_work_spase/install) by extension 'ignore'
[1.578s] Level 1:colcon.colcon_core.package_identification:_identify(kontrol_loop_work_spase/install) ignored
[1.585s] Level 1:colcon.colcon_core.package_identification:_identify(kontrol_loop_work_spase/log) by extensions ['ignore', 'ignore_ament_install']
[1.585s] Level 1:colcon.colcon_core.package_identification:_identify(kontrol_loop_work_spase/log) by extension 'ignore'
[1.586s] Level 1:colcon.colcon_core.package_identification:_identify(kontrol_loop_work_spase/log) ignored
[1.586s] Level 1:colcon.colcon_core.package_identification:_identify(kontrol_loop_work_spase/src) by extensions ['ignore', 'ignore_ament_install']
[1.587s] Level 1:colcon.colcon_core.package_identification:_identify(kontrol_loop_work_spase/src) by extension 'ignore'
[1.587s] Level 1:colcon.colcon_core.package_identification:_identify(kontrol_loop_work_spase/src) by extension 'ignore_ament_install'
[1.587s] Level 1:colcon.colcon_core.package_identification:_identify(kontrol_loop_work_spase/src) by extensions ['colcon_pkg']
[1.587s] Level 1:colcon.colcon_core.package_identification:_identify(kontrol_loop_work_spase/src) by extension 'colcon_pkg'
[1.588s] Level 1:colcon.colcon_core.package_identification:_identify(kontrol_loop_work_spase/src) by extensions ['colcon_meta']
[1.588s] Level 1:colcon.colcon_core.package_identification:_identify(kontrol_loop_work_spase/src) by extension 'colcon_meta'
[1.588s] Level 1:colcon.colcon_core.package_identification:_identify(kontrol_loop_work_spase/src) by extensions ['ros']
[1.588s] Level 1:colcon.colcon_core.package_identification:_identify(kontrol_loop_work_spase/src) by extension 'ros'
[1.589s] Level 1:colcon.colcon_core.package_identification:_identify(kontrol_loop_work_spase/src) by extensions ['cmake', 'python']
[1.589s] Level 1:colcon.colcon_core.package_identification:_identify(kontrol_loop_work_spase/src) by extension 'cmake'
[1.589s] Level 1:colcon.colcon_core.package_identification:_identify(kontrol_loop_work_spase/src) by extension 'python'
[1.589s] Level 1:colcon.colcon_core.package_identification:_identify(kontrol_loop_work_spase/src) by extensions ['python_setup_py']
[1.589s] Level 1:colcon.colcon_core.package_identification:_identify(kontrol_loop_work_spase/src) by extension 'python_setup_py'
[1.590s] Level 1:colcon.colcon_core.package_identification:_identify(kontrol_loop_work_spase/src/costom_interface) by extensions ['ignore', 'ignore_ament_install']
[1.590s] Level 1:colcon.colcon_core.package_identification:_identify(kontrol_loop_work_spase/src/costom_interface) by extension 'ignore'
[1.591s] Level 1:colcon.colcon_core.package_identification:_identify(kontrol_loop_work_spase/src/costom_interface) by extension 'ignore_ament_install'
[1.591s] Level 1:colcon.colcon_core.package_identification:_identify(kontrol_loop_work_spase/src/costom_interface) by extensions ['colcon_pkg']
[1.591s] Level 1:colcon.colcon_core.package_identification:_identify(kontrol_loop_work_spase/src/costom_interface) by extension 'colcon_pkg'
[1.591s] Level 1:colcon.colcon_core.package_identification:_identify(kontrol_loop_work_spase/src/costom_interface) by extensions ['colcon_meta']
[1.592s] Level 1:colcon.colcon_core.package_identification:_identify(kontrol_loop_work_spase/src/costom_interface) by extension 'colcon_meta'
[1.592s] Level 1:colcon.colcon_core.package_identification:_identify(kontrol_loop_work_spase/src/costom_interface) by extensions ['ros']
[1.592s] Level 1:colcon.colcon_core.package_identification:_identify(kontrol_loop_work_spase/src/costom_interface) by extension 'ros'
[1.602s] DEBUG:colcon.colcon_core.package_identification:Package 'kontrol_loop_work_spase/src/costom_interface' with type 'ros.ament_cmake' and name 'costom_interface'
[1.603s] Level 1:colcon.colcon_core.package_identification:_identify(kontrol_loop_work_spase/src/vel_err) by extensions ['ignore', 'ignore_ament_install']
[1.603s] Level 1:colcon.colcon_core.package_identification:_identify(kontrol_loop_work_spase/src/vel_err) by extension 'ignore'
[1.604s] Level 1:colcon.colcon_core.package_identification:_identify(kontrol_loop_work_spase/src/vel_err) by extension 'ignore_ament_install'
[1.604s] Level 1:colcon.colcon_core.package_identification:_identify(kontrol_loop_work_spase/src/vel_err) by extensions ['colcon_pkg']
[1.604s] Level 1:colcon.colcon_core.package_identification:_identify(kontrol_loop_work_spase/src/vel_err) by extension 'colcon_pkg'
[1.604s] Level 1:colcon.colcon_core.package_identification:_identify(kontrol_loop_work_spase/src/vel_err) by extensions ['colcon_meta']
[1.604s] Level 1:colcon.colcon_core.package_identification:_identify(kontrol_loop_work_spase/src/vel_err) by extension 'colcon_meta'
[1.605s] Level 1:colcon.colcon_core.package_identification:_identify(kontrol_loop_work_spase/src/vel_err) by extensions ['ros']
[1.605s] Level 1:colcon.colcon_core.package_identification:_identify(kontrol_loop_work_spase/src/vel_err) by extension 'ros'
[1.607s] DEBUG:colcon.colcon_core.package_identification:Package 'kontrol_loop_work_spase/src/vel_err' with type 'ros.ament_python' and name 'vel_err'
[1.607s] Level 1:colcon.colcon_core.package_identification:_identify(log) by extensions ['ignore', 'ignore_ament_install']
[1.608s] Level 1:colcon.colcon_core.package_identification:_identify(log) by extension 'ignore'
[1.608s] Level 1:colcon.colcon_core.package_identification:_identify(log) ignored
[1.610s] Level 1:colcon.colcon_core.package_identification:_identify(plot) by extensions ['ignore', 'ignore_ament_install']
[1.611s] Level 1:colcon.colcon_core.package_identification:_identify(plot) by extension 'ignore'
[1.611s] Level 1:colcon.colcon_core.package_identification:_identify(plot) by extension 'ignore_ament_install'
[1.611s] Level 1:colcon.colcon_core.package_identification:_identify(plot) by extensions ['colcon_pkg']
[1.611s] Level 1:colcon.colcon_core.package_identification:_identify(plot) by extension 'colcon_pkg'
[1.612s] Level 1:colcon.colcon_core.package_identification:_identify(plot) by extensions ['colcon_meta']
[1.612s] Level 1:colcon.colcon_core.package_identification:_identify(plot) by extension 'colcon_meta'
[1.612s] Level 1:colcon.colcon_core.package_identification:_identify(plot) by extensions ['ros']
[1.612s] Level 1:colcon.colcon_core.package_identification:_identify(plot) by extension 'ros'
[1.613s] Level 1:colcon.colcon_core.package_identification:_identify(plot) by extensions ['cmake', 'python']
[1.613s] Level 1:colcon.colcon_core.package_identification:_identify(plot) by extension 'cmake'
[1.613s] Level 1:colcon.colcon_core.package_identification:_identify(plot) by extension 'python'
[1.613s] Level 1:colcon.colcon_core.package_identification:_identify(plot) by extensions ['python_setup_py']
[1.613s] Level 1:colcon.colcon_core.package_identification:_identify(plot) by extension 'python_setup_py'
[1.614s] Level 1:colcon.colcon_core.package_identification:_identify(shcript) by extensions ['ignore', 'ignore_ament_install']
[1.615s] Level 1:colcon.colcon_core.package_identification:_identify(shcript) by extension 'ignore'
[1.615s] Level 1:colcon.colcon_core.package_identification:_identify(shcript) by extension 'ignore_ament_install'
[1.615s] Level 1:colcon.colcon_core.package_identification:_identify(shcript) by extensions ['colcon_pkg']
[1.616s] Level 1:colcon.colcon_core.package_identification:_identify(shcript) by extension 'colcon_pkg'
[1.616s] Level 1:colcon.colcon_core.package_identification:_identify(shcript) by extensions ['colcon_meta']
[1.616s] Level 1:colcon.colcon_core.package_identification:_identify(shcript) by extension 'colcon_meta'
[1.616s] Level 1:colcon.colcon_core.package_identification:_identify(shcript) by extensions ['ros']
[1.616s] Level 1:colcon.colcon_core.package_identification:_identify(shcript) by extension 'ros'
[1.617s] Level 1:colcon.colcon_core.package_identification:_identify(shcript) by extensions ['cmake', 'python']
[1.617s] Level 1:colcon.colcon_core.package_identification:_identify(shcript) by extension 'cmake'
[1.617s] Level 1:colcon.colcon_core.package_identification:_identify(shcript) by extension 'python'
[1.617s] Level 1:colcon.colcon_core.package_identification:_identify(shcript) by extensions ['python_setup_py']
[1.617s] Level 1:colcon.colcon_core.package_identification:_identify(shcript) by extension 'python_setup_py'
[1.618s] Level 1:colcon.colcon_core.package_discovery:discover_packages(recursive) using defaults
[1.618s] Level 1:colcon.colcon_core.package_discovery:discover_packages(ignore) discover
[1.618s] Level 1:colcon.colcon_core.package_discovery:discover_packages(ignore) using defaults
[1.618s] Level 1:colcon.colcon_core.package_discovery:discover_packages(path) discover
[1.618s] Level 1:colcon.colcon_core.package_discovery:discover_packages(path) using defaults
[1.707s] Level 1:colcon.colcon_core.package_discovery:discover_packages(prefix_path) check parameters
[1.707s] Level 1:colcon.colcon_core.package_discovery:discover_packages(prefix_path) discover
[1.722s] DEBUG:colcon.colcon_installed_package_information.package_discovery:Found 1 installed packages in /home/ubuntu/vicon/vicon_udp/install
[1.728s] DEBUG:colcon.colcon_installed_package_information.package_discovery:Found 10 installed packages in /home/ubuntu/turtlebot3_ws/install
[1.738s] DEBUG:colcon.colcon_installed_package_information.package_discovery:Found 230 installed packages in /opt/ros/foxy
[1.746s] Level 1:colcon.colcon_core.package_discovery:discover_packages(prefix_path) using defaults
[1.974s] Level 5:colcon.colcon_core.verb:set package 'costom_interface' build argument 'cmake_args' from command line to 'None'
[1.974s] Level 5:colcon.colcon_core.verb:set package 'costom_interface' build argument 'cmake_target' from command line to 'None'
[1.974s] Level 5:colcon.colcon_core.verb:set package 'costom_interface' build argument 'cmake_target_skip_unavailable' from command line to 'False'
[1.974s] Level 5:colcon.colcon_core.verb:set package 'costom_interface' build argument 'cmake_clean_cache' from command line to 'False'
[1.975s] Level 5:colcon.colcon_core.verb:set package 'costom_interface' build argument 'cmake_clean_first' from command line to 'False'
[1.975s] Level 5:colcon.colcon_core.verb:set package 'costom_interface' build argument 'cmake_force_configure' from command line to 'False'
[1.975s] Level 5:colcon.colcon_core.verb:set package 'costom_interface' build argument 'ament_cmake_args' from command line to 'None'
[1.975s] Level 5:colcon.colcon_core.verb:set package 'costom_interface' build argument 'catkin_cmake_args' from command line to 'None'
[1.975s] Level 5:colcon.colcon_core.verb:set package 'costom_interface' build argument 'catkin_skip_building_tests' from command line to 'False'
[1.975s] DEBUG:colcon.colcon_core.verb:Building package 'costom_interface' with the following arguments: {'ament_cmake_args': None, 'build_base': '/home/ubuntu/git/asbjoern_udv/build/costom_interface', 'catkin_cmake_args': None, 'catkin_skip_building_tests': False, 'cmake_args': None, 'cmake_clean_cache': False, 'cmake_clean_first': False, 'cmake_force_configure': False, 'cmake_target': None, 'cmake_target_skip_unavailable': False, 'install_base': '/home/ubuntu/git/asbjoern_udv/install/costom_interface', 'merge_install': False, 'path': '/home/ubuntu/git/asbjoern_udv/kontrol_loop_work_spase/src/costom_interface', 'symlink_install': False, 'test_result_base': None}
[1.980s] Level 5:colcon.colcon_core.verb:set package 'vel_err' build argument 'cmake_args' from command line to 'None'
[1.980s] Level 5:colcon.colcon_core.verb:set package 'vel_err' build argument 'cmake_target' from command line to 'None'
[1.980s] Level 5:colcon.colcon_core.verb:set package 'vel_err' build argument 'cmake_target_skip_unavailable' from command line to 'False'
[1.980s] Level 5:colcon.colcon_core.verb:set package 'vel_err' build argument 'cmake_clean_cache' from command line to 'False'
[1.980s] Level 5:colcon.colcon_core.verb:set package 'vel_err' build argument 'cmake_clean_first' from command line to 'False'
[1.980s] Level 5:colcon.colcon_core.verb:set package 'vel_err' build argument 'cmake_force_configure' from command line to 'False'
[1.981s] Level 5:colcon.colcon_core.verb:set package 'vel_err' build argument 'ament_cmake_args' from command line to 'None'
[1.981s] Level 5:colcon.colcon_core.verb:set package 'vel_err' build argument 'catkin_cmake_args' from command line to 'None'
[1.981s] Level 5:colcon.colcon_core.verb:set package 'vel_err' build argument 'catkin_skip_building_tests' from command line to 'False'
[1.981s] DEBUG:colcon.colcon_core.verb:Building package 'vel_err' with the following arguments: {'ament_cmake_args': None, 'build_base': '/home/ubuntu/git/asbjoern_udv/build/vel_err', 'catkin_cmake_args': None, 'catkin_skip_building_tests': False, 'cmake_args': None, 'cmake_clean_cache': False, 'cmake_clean_first': False, 'cmake_force_configure': False, 'cmake_target': None, 'cmake_target_skip_unavailable': False, 'install_base': '/home/ubuntu/git/asbjoern_udv/install/vel_err', 'merge_install': False, 'path': '/home/ubuntu/git/asbjoern_udv/kontrol_loop_work_spase/src/vel_err', 'symlink_install': False, 'test_result_base': None}
[1.984s] INFO:colcon.colcon_core.executor:Executing jobs using 'parallel' executor
[2.000s] DEBUG:colcon.colcon_parallel_executor.executor.parallel:run_until_complete
[2.001s] INFO:colcon.colcon_ros.task.ament_cmake.build:Building ROS package in '/home/ubuntu/git/asbjoern_udv/kontrol_loop_work_spase/src/costom_interface' with build type 'ament_cmake'
[2.002s] INFO:colcon.colcon_cmake.task.cmake.build:Building CMake package in '/home/ubuntu/git/asbjoern_udv/kontrol_loop_work_spase/src/costom_interface'
[2.023s] INFO:colcon.colcon_core.plugin_system:Skipping extension 'colcon_core.shell.bat': Not used on non-Windows systems
[2.024s] INFO:colcon.colcon_core.shell:Skip shell extension 'powershell' for command environment: Not usable outside of PowerShell
[2.025s] DEBUG:colcon.colcon_core.shell:Skip shell extension 'dsv' for command environment
[2.061s] INFO:colcon.colcon_ros.task.ament_python.build:Building ROS package in '/home/ubuntu/git/asbjoern_udv/kontrol_loop_work_spase/src/vel_err' with build type 'ament_python'
[2.063s] Level 1:colcon.colcon_core.shell:create_environment_hook('vel_err', 'ament_prefix_path')
[2.072s] INFO:colcon.colcon_core.shell:Creating environment hook '/home/ubuntu/git/asbjoern_udv/install/vel_err/share/vel_err/hook/ament_prefix_path.ps1'
[2.076s] INFO:colcon.colcon_core.shell:Creating environment descriptor '/home/ubuntu/git/asbjoern_udv/install/vel_err/share/vel_err/hook/ament_prefix_path.dsv'
[2.078s] INFO:colcon.colcon_core.shell:Creating environment hook '/home/ubuntu/git/asbjoern_udv/install/vel_err/share/vel_err/hook/ament_prefix_path.sh'
[2.087s] INFO:colcon.colcon_core.shell:Skip shell extension 'powershell' for command environment: Not usable outside of PowerShell
[2.088s] DEBUG:colcon.colcon_core.shell:Skip shell extension 'dsv' for command environment
[2.138s] DEBUG:colcon.colcon_core.event_handler.log_command:Invoking command in '/home/ubuntu/git/asbjoern_udv/build/costom_interface': CMAKE_PREFIX_PATH=${CMAKE_PREFIX_PATH}:/home/ubuntu/turtlebot3_ws/install/turtlebot3_teleop:/home/ubuntu/turtlebot3_ws/install/turtlebot3_example:/opt/ros/foxy /usr/bin/cmake /home/ubuntu/git/asbjoern_udv/kontrol_loop_work_spase/src/costom_interface -DCMAKE_INSTALL_PREFIX=/home/ubuntu/git/asbjoern_udv/install/costom_interface
[3.326s] INFO:colcon.colcon_core.task.python.build:Building Python package in '/home/ubuntu/git/asbjoern_udv/kontrol_loop_work_spase/src/vel_err'
[3.333s] INFO:colcon.colcon_core.shell:Skip shell extension 'powershell' for command environment: Not usable outside of PowerShell
[3.334s] DEBUG:colcon.colcon_core.shell:Skip shell extension 'dsv' for command environment
[5.347s] DEBUG:colcon.colcon_core.event_handler.log_command:Invoking command in '/home/ubuntu/git/asbjoern_udv/kontrol_loop_work_spase/src/vel_err': PYTHONPATH=/home/ubuntu/git/asbjoern_udv/build/vel_err/prefix_override:/home/ubuntu/git/asbjoern_udv/install/vel_err/lib/python3.8/site-packages:${PYTHONPATH} /usr/bin/python3 setup.py egg_info --egg-base ../../../build/vel_err build --build-base /home/ubuntu/git/asbjoern_udv/build/vel_err/build install --record /home/ubuntu/git/asbjoern_udv/build/vel_err/install.log --install-scripts $base/lib/vel_err --single-version-externally-managed
[6.765s] DEBUG:colcon.colcon_core.event_handler.log_command:Invoked command in '/home/ubuntu/git/asbjoern_udv/kontrol_loop_work_spase/src/vel_err' returned '0': PYTHONPATH=/home/ubuntu/git/asbjoern_udv/build/vel_err/prefix_override:/home/ubuntu/git/asbjoern_udv/install/vel_err/lib/python3.8/site-packages:${PYTHONPATH} /usr/bin/python3 setup.py egg_info --egg-base ../../../build/vel_err build --build-base /home/ubuntu/git/asbjoern_udv/build/vel_err/build install --record /home/ubuntu/git/asbjoern_udv/build/vel_err/install.log --install-scripts $base/lib/vel_err --single-version-externally-managed
[6.790s] Level 1:colcon.colcon_core.environment:checking '/home/ubuntu/git/asbjoern_udv/install/vel_err' for CMake module files
[6.793s] Level 1:colcon.colcon_core.environment:checking '/home/ubuntu/git/asbjoern_udv/install/vel_err' for CMake config files
[6.797s] Level 1:colcon.colcon_core.environment:checking '/home/ubuntu/git/asbjoern_udv/install/vel_err/lib'
[6.797s] Level 1:colcon.colcon_core.environment:checking '/home/ubuntu/git/asbjoern_udv/install/vel_err/bin'
[6.798s] Level 1:colcon.colcon_core.environment:checking '/home/ubuntu/git/asbjoern_udv/install/vel_err/lib/pkgconfig/vel_err.pc'
[6.799s] Level 1:colcon.colcon_core.environment:checking '/home/ubuntu/git/asbjoern_udv/install/vel_err/lib/python3.8/site-packages'
[6.800s] Level 1:colcon.colcon_core.shell:create_environment_hook('vel_err', 'pythonpath')
[6.806s] INFO:colcon.colcon_core.shell:Creating environment hook '/home/ubuntu/git/asbjoern_udv/install/vel_err/share/vel_err/hook/pythonpath.ps1'
[6.808s] INFO:colcon.colcon_core.shell:Creating environment descriptor '/home/ubuntu/git/asbjoern_udv/install/vel_err/share/vel_err/hook/pythonpath.dsv'
[6.809s] INFO:colcon.colcon_core.shell:Creating environment hook '/home/ubuntu/git/asbjoern_udv/install/vel_err/share/vel_err/hook/pythonpath.sh'
[6.812s] Level 1:colcon.colcon_core.environment:checking '/home/ubuntu/git/asbjoern_udv/install/vel_err/bin'
[6.812s] Level 1:colcon.colcon_core.environment:create_environment_scripts_only(vel_err)
[6.819s] INFO:colcon.colcon_core.shell:Creating package script '/home/ubuntu/git/asbjoern_udv/install/vel_err/share/vel_err/package.ps1'
[6.822s] INFO:colcon.colcon_core.shell:Creating package descriptor '/home/ubuntu/git/asbjoern_udv/install/vel_err/share/vel_err/package.dsv'
[6.825s] INFO:colcon.colcon_core.shell:Creating package script '/home/ubuntu/git/asbjoern_udv/install/vel_err/share/vel_err/package.sh'
[6.829s] INFO:colcon.colcon_core.shell:Creating package script '/home/ubuntu/git/asbjoern_udv/install/vel_err/share/vel_err/package.bash'
[6.832s] INFO:colcon.colcon_core.shell:Creating package script '/home/ubuntu/git/asbjoern_udv/install/vel_err/share/vel_err/package.zsh'
[6.836s] Level 1:colcon.colcon_core.environment:create_file_with_runtime_dependencies(/home/ubuntu/git/asbjoern_udv/install/vel_err/share/colcon-core/packages/vel_err)
[13.428s] DEBUG:colcon.colcon_core.event_handler.log_command:Invoked command in '/home/ubuntu/git/asbjoern_udv/build/costom_interface' returned '0': CMAKE_PREFIX_PATH=${CMAKE_PREFIX_PATH}:/home/ubuntu/turtlebot3_ws/install/turtlebot3_teleop:/home/ubuntu/turtlebot3_ws/install/turtlebot3_example:/opt/ros/foxy /usr/bin/cmake /home/ubuntu/git/asbjoern_udv/kontrol_loop_work_spase/src/costom_interface -DCMAKE_INSTALL_PREFIX=/home/ubuntu/git/asbjoern_udv/install/costom_interface
[13.441s] DEBUG:colcon.colcon_core.event_handler.log_command:Invoking command in '/home/ubuntu/git/asbjoern_udv/build/costom_interface': CMAKE_PREFIX_PATH=${CMAKE_PREFIX_PATH}:/home/ubuntu/turtlebot3_ws/install/turtlebot3_teleop:/home/ubuntu/turtlebot3_ws/install/turtlebot3_example:/opt/ros/foxy /usr/bin/cmake --build /home/ubuntu/git/asbjoern_udv/build/costom_interface -- -j4 -l4
[34.810s] DEBUG:colcon.colcon_core.event_handler.log_command:Invoked command in '/home/ubuntu/git/asbjoern_udv/build/costom_interface' returned '0': CMAKE_PREFIX_PATH=${CMAKE_PREFIX_PATH}:/home/ubuntu/turtlebot3_ws/install/turtlebot3_teleop:/home/ubuntu/turtlebot3_ws/install/turtlebot3_example:/opt/ros/foxy /usr/bin/cmake --build /home/ubuntu/git/asbjoern_udv/build/costom_interface -- -j4 -l4
[35.467s] DEBUG:colcon.colcon_core.event_handler.log_command:Invoking command in '/home/ubuntu/git/asbjoern_udv/build/costom_interface': CMAKE_PREFIX_PATH=${CMAKE_PREFIX_PATH}:/home/ubuntu/turtlebot3_ws/install/turtlebot3_teleop:/home/ubuntu/turtlebot3_ws/install/turtlebot3_example:/opt/ros/foxy /usr/bin/cmake --install /home/ubuntu/git/asbjoern_udv/build/costom_interface
[35.876s] Level 1:colcon.colcon_core.environment:create_environment_scripts_only(costom_interface)
[35.888s] Level 1:colcon.colcon_core.environment:checking '/home/ubuntu/git/asbjoern_udv/install/costom_interface' for CMake module files
[35.888s] DEBUG:colcon.colcon_core.event_handler.log_command:Invoked command in '/home/ubuntu/git/asbjoern_udv/build/costom_interface' returned '0': CMAKE_PREFIX_PATH=${CMAKE_PREFIX_PATH}:/home/ubuntu/turtlebot3_ws/install/turtlebot3_teleop:/home/ubuntu/turtlebot3_ws/install/turtlebot3_example:/opt/ros/foxy /usr/bin/cmake --install /home/ubuntu/git/asbjoern_udv/build/costom_interface
[35.894s] Level 1:colcon.colcon_core.environment:checking '/home/ubuntu/git/asbjoern_udv/install/costom_interface' for CMake config files
[35.897s] Level 1:colcon.colcon_core.shell:create_environment_hook('costom_interface', 'cmake_prefix_path')
[35.904s] INFO:colcon.colcon_core.shell:Creating environment hook '/home/ubuntu/git/asbjoern_udv/install/costom_interface/share/costom_interface/hook/cmake_prefix_path.ps1'
[35.906s] INFO:colcon.colcon_core.shell:Creating environment descriptor '/home/ubuntu/git/asbjoern_udv/install/costom_interface/share/costom_interface/hook/cmake_prefix_path.dsv'
[35.908s] INFO:colcon.colcon_core.shell:Creating environment hook '/home/ubuntu/git/asbjoern_udv/install/costom_interface/share/costom_interface/hook/cmake_prefix_path.sh'
[35.910s] Level 1:colcon.colcon_core.environment:checking '/home/ubuntu/git/asbjoern_udv/install/costom_interface/lib'
[35.910s] Level 1:colcon.colcon_core.shell:create_environment_hook('costom_interface', 'ld_library_path_lib')
[35.916s] INFO:colcon.colcon_core.shell:Creating environment hook '/home/ubuntu/git/asbjoern_udv/install/costom_interface/share/costom_interface/hook/ld_library_path_lib.ps1'
[35.918s] INFO:colcon.colcon_core.shell:Creating environment descriptor '/home/ubuntu/git/asbjoern_udv/install/costom_interface/share/costom_interface/hook/ld_library_path_lib.dsv'
[35.919s] INFO:colcon.colcon_core.shell:Creating environment hook '/home/ubuntu/git/asbjoern_udv/install/costom_interface/share/costom_interface/hook/ld_library_path_lib.sh'
[35.921s] Level 1:colcon.colcon_core.environment:checking '/home/ubuntu/git/asbjoern_udv/install/costom_interface/bin'
[35.921s] Level 1:colcon.colcon_core.environment:checking '/home/ubuntu/git/asbjoern_udv/install/costom_interface/lib/pkgconfig/costom_interface.pc'
[35.922s] Level 1:colcon.colcon_core.environment:checking '/home/ubuntu/git/asbjoern_udv/install/costom_interface/lib/python3.8/site-packages'
[35.922s] Level 1:colcon.colcon_core.shell:create_environment_hook('costom_interface', 'pythonpath')
[35.929s] INFO:colcon.colcon_core.shell:Creating environment hook '/home/ubuntu/git/asbjoern_udv/install/costom_interface/share/costom_interface/hook/pythonpath.ps1'
[35.930s] INFO:colcon.colcon_core.shell:Creating environment descriptor '/home/ubuntu/git/asbjoern_udv/install/costom_interface/share/costom_interface/hook/pythonpath.dsv'
[35.932s] INFO:colcon.colcon_core.shell:Creating environment hook '/home/ubuntu/git/asbjoern_udv/install/costom_interface/share/costom_interface/hook/pythonpath.sh'
[35.934s] Level 1:colcon.colcon_core.environment:checking '/home/ubuntu/git/asbjoern_udv/install/costom_interface/bin'
[35.941s] INFO:colcon.colcon_core.shell:Creating package script '/home/ubuntu/git/asbjoern_udv/install/costom_interface/share/costom_interface/package.ps1'
[35.943s] INFO:colcon.colcon_core.shell:Creating package descriptor '/home/ubuntu/git/asbjoern_udv/install/costom_interface/share/costom_interface/package.dsv'
[35.945s] INFO:colcon.colcon_core.shell:Creating package script '/home/ubuntu/git/asbjoern_udv/install/costom_interface/share/costom_interface/package.sh'
[35.947s] INFO:colcon.colcon_core.shell:Creating package script '/home/ubuntu/git/asbjoern_udv/install/costom_interface/share/costom_interface/package.bash'
[35.949s] INFO:colcon.colcon_core.shell:Creating package script '/home/ubuntu/git/asbjoern_udv/install/costom_interface/share/costom_interface/package.zsh'
[35.951s] Level 1:colcon.colcon_core.environment:create_file_with_runtime_dependencies(/home/ubuntu/git/asbjoern_udv/install/costom_interface/share/colcon-core/packages/costom_interface)
[36.546s] Level 1:colcon.colcon_core.environment:create_environment_scripts_only(costom_interface)
[36.557s] Level 1:colcon.colcon_core.environment:checking '/home/ubuntu/git/asbjoern_udv/install/costom_interface' for CMake module files
[36.562s] Level 1:colcon.colcon_core.environment:checking '/home/ubuntu/git/asbjoern_udv/install/costom_interface' for CMake config files
[36.565s] Level 1:colcon.colcon_core.shell:create_environment_hook('costom_interface', 'cmake_prefix_path')
[36.571s] INFO:colcon.colcon_core.shell:Creating environment hook '/home/ubuntu/git/asbjoern_udv/install/costom_interface/share/costom_interface/hook/cmake_prefix_path.ps1'
[36.573s] INFO:colcon.colcon_core.shell:Creating environment descriptor '/home/ubuntu/git/asbjoern_udv/install/costom_interface/share/costom_interface/hook/cmake_prefix_path.dsv'
[36.575s] INFO:colcon.colcon_core.shell:Creating environment hook '/home/ubuntu/git/asbjoern_udv/install/costom_interface/share/costom_interface/hook/cmake_prefix_path.sh'
[36.578s] Level 1:colcon.colcon_core.environment:checking '/home/ubuntu/git/asbjoern_udv/install/costom_interface/lib'
[36.578s] Level 1:colcon.colcon_core.shell:create_environment_hook('costom_interface', 'ld_library_path_lib')
[36.584s] INFO:colcon.colcon_core.shell:Creating environment hook '/home/ubuntu/git/asbjoern_udv/install/costom_interface/share/costom_interface/hook/ld_library_path_lib.ps1'
[36.586s] INFO:colcon.colcon_core.shell:Creating environment descriptor '/home/ubuntu/git/asbjoern_udv/install/costom_interface/share/costom_interface/hook/ld_library_path_lib.dsv'
[36.587s] INFO:colcon.colcon_core.shell:Creating environment hook '/home/ubuntu/git/asbjoern_udv/install/costom_interface/share/costom_interface/hook/ld_library_path_lib.sh'
[36.589s] Level 1:colcon.colcon_core.environment:checking '/home/ubuntu/git/asbjoern_udv/install/costom_interface/bin'
[36.590s] Level 1:colcon.colcon_core.environment:checking '/home/ubuntu/git/asbjoern_udv/install/costom_interface/lib/pkgconfig/costom_interface.pc'
[36.591s] Level 1:colcon.colcon_core.environment:checking '/home/ubuntu/git/asbjoern_udv/install/costom_interface/lib/python3.8/site-packages'
[36.591s] Level 1:colcon.colcon_core.shell:create_environment_hook('costom_interface', 'pythonpath')
[36.597s] INFO:colcon.colcon_core.shell:Creating environment hook '/home/ubuntu/git/asbjoern_udv/install/costom_interface/share/costom_interface/hook/pythonpath.ps1'
[36.599s] INFO:colcon.colcon_core.shell:Creating environment descriptor '/home/ubuntu/git/asbjoern_udv/install/costom_interface/share/costom_interface/hook/pythonpath.dsv'
[36.601s] INFO:colcon.colcon_core.shell:Creating environment hook '/home/ubuntu/git/asbjoern_udv/install/costom_interface/share/costom_interface/hook/pythonpath.sh'
[36.603s] Level 1:colcon.colcon_core.environment:checking '/home/ubuntu/git/asbjoern_udv/install/costom_interface/bin'
[36.610s] INFO:colcon.colcon_core.shell:Creating package script '/home/ubuntu/git/asbjoern_udv/install/costom_interface/share/costom_interface/package.ps1'
[36.613s] INFO:colcon.colcon_core.shell:Creating package descriptor '/home/ubuntu/git/asbjoern_udv/install/costom_interface/share/costom_interface/package.dsv'
[36.615s] INFO:colcon.colcon_core.shell:Creating package script '/home/ubuntu/git/asbjoern_udv/install/costom_interface/share/costom_interface/package.sh'
[36.618s] INFO:colcon.colcon_core.shell:Creating package script '/home/ubuntu/git/asbjoern_udv/install/costom_interface/share/costom_interface/package.bash'
[36.620s] INFO:colcon.colcon_core.shell:Creating package script '/home/ubuntu/git/asbjoern_udv/install/costom_interface/share/costom_interface/package.zsh'
[36.621s] Level 1:colcon.colcon_core.environment:create_file_with_runtime_dependencies(/home/ubuntu/git/asbjoern_udv/install/costom_interface/share/colcon-core/packages/costom_interface)
[36.623s] DEBUG:colcon.colcon_parallel_executor.executor.parallel:closing loop
[36.624s] DEBUG:colcon.colcon_parallel_executor.executor.parallel:loop closed
[36.625s] DEBUG:colcon.colcon_parallel_executor.executor.parallel:run_until_complete finished with '0'
[36.626s] DEBUG:colcon.colcon_core.event_reactor:joining thread
[36.652s] INFO:colcon.colcon_core.plugin_system:Skipping extension 'colcon_notification.desktop_notification.notify_send': Could not find 'notify-send'
[36.653s] INFO:colcon.colcon_core.plugin_system:Skipping extension 'colcon_notification.desktop_notification.terminal_notifier': Not used on non-Darwin systems
[36.653s] INFO:colcon.colcon_core.plugin_system:Skipping extension 'colcon_notification.desktop_notification.win32': Not used on non-Windows systems
[36.653s] INFO:colcon.colcon_notification.desktop_notification:Sending desktop notification using 'notify2'
[36.656s] DEBUG:colcon.colcon_notification.desktop_notification.notify2:Failed to initialize notify2: org.freedesktop.DBus.Error.ServiceUnknown: The name org.freedesktop.Notifications was not provided by any .service files
[36.657s] DEBUG:colcon.colcon_core.event_reactor:joined thread
[36.663s] INFO:colcon.colcon_core.shell:Creating prefix script '/home/ubuntu/git/asbjoern_udv/install/local_setup.ps1'
[36.667s] INFO:colcon.colcon_core.shell:Creating prefix util module '/home/ubuntu/git/asbjoern_udv/install/_local_setup_util_ps1.py'
[36.673s] INFO:colcon.colcon_core.shell:Creating prefix chain script '/home/ubuntu/git/asbjoern_udv/install/setup.ps1'
[36.681s] INFO:colcon.colcon_core.shell:Creating prefix script '/home/ubuntu/git/asbjoern_udv/install/local_setup.sh'
[36.683s] INFO:colcon.colcon_core.shell:Creating prefix util module '/home/ubuntu/git/asbjoern_udv/install/_local_setup_util_sh.py'
[36.685s] INFO:colcon.colcon_core.shell:Creating prefix chain script '/home/ubuntu/git/asbjoern_udv/install/setup.sh'
[36.695s] INFO:colcon.colcon_core.shell:Creating prefix script '/home/ubuntu/git/asbjoern_udv/install/local_setup.bash'
[36.697s] INFO:colcon.colcon_core.shell:Creating prefix chain script '/home/ubuntu/git/asbjoern_udv/install/setup.bash'
[36.706s] INFO:colcon.colcon_core.shell:Creating prefix script '/home/ubuntu/git/asbjoern_udv/install/local_setup.zsh'
[36.708s] INFO:colcon.colcon_core.shell:Creating prefix chain script '/home/ubuntu/git/asbjoern_udv/install/setup.zsh'
