[0.949s] Invoking command in '/home/carsten/Documents/uni/p4/semester_project/hardware/projekt_p4/workspace_pollen/src/tello': PYTHONPATH=/home/carsten/Documents/uni/p4/semester_project/hardware/projekt_p4/workspace_pollen/build/tello/prefix_override:/home/carsten/Documents/uni/p4/semester_project/hardware/projekt_p4/workspace_pollen/install/tello/lib/python3.8/site-packages:${PYTHONPATH} /usr/bin/python3 setup.py egg_info --egg-base ../../build/tello build --build-base /home/carsten/Documents/uni/p4/semester_project/hardware/projekt_p4/workspace_pollen/build/tello/build install --record /home/carsten/Documents/uni/p4/semester_project/hardware/projekt_p4/workspace_pollen/build/tello/install.log --install-scripts $base/lib/tello --single-version-externally-managed
[1.219s] running egg_info
[1.219s] creating ../../build/tello/tello.egg-info
[1.220s] writing ../../build/tello/tello.egg-info/PKG-INFO
[1.220s] writing dependency_links to ../../build/tello/tello.egg-info/dependency_links.txt
[1.220s] writing entry points to ../../build/tello/tello.egg-info/entry_points.txt
[1.221s] writing requirements to ../../build/tello/tello.egg-info/requires.txt
[1.221s] writing top-level names to ../../build/tello/tello.egg-info/top_level.txt
[1.222s] writing manifest file '../../build/tello/tello.egg-info/SOURCES.txt'
[1.262s] reading manifest file '../../build/tello/tello.egg-info/SOURCES.txt'
[1.264s] writing manifest file '../../build/tello/tello.egg-info/SOURCES.txt'
[1.264s] running build
[1.264s] running build_py
[1.264s] creating /home/carsten/Documents/uni/p4/semester_project/hardware/projekt_p4/workspace_pollen/build/tello/build
[1.264s] creating /home/carsten/Documents/uni/p4/semester_project/hardware/projekt_p4/workspace_pollen/build/tello/build/lib
[1.264s] creating /home/carsten/Documents/uni/p4/semester_project/hardware/projekt_p4/workspace_pollen/build/tello/build/lib/tello
[1.264s] copying tello/broadcaster.py -> /home/carsten/Documents/uni/p4/semester_project/hardware/projekt_p4/workspace_pollen/build/tello/build/lib/tello
[1.265s] copying tello/tello_regulation.py -> /home/carsten/Documents/uni/p4/semester_project/hardware/projekt_p4/workspace_pollen/build/tello/build/lib/tello
[1.265s] copying tello/listener.py -> /home/carsten/Documents/uni/p4/semester_project/hardware/projekt_p4/workspace_pollen/build/tello/build/lib/tello
[1.265s] copying tello/__init__.py -> /home/carsten/Documents/uni/p4/semester_project/hardware/projekt_p4/workspace_pollen/build/tello/build/lib/tello
[1.265s] copying tello/tello_connect.py -> /home/carsten/Documents/uni/p4/semester_project/hardware/projekt_p4/workspace_pollen/build/tello/build/lib/tello
[1.265s] copying tello/tello_reciver.py -> /home/carsten/Documents/uni/p4/semester_project/hardware/projekt_p4/workspace_pollen/build/tello/build/lib/tello
[1.265s] copying tello/tello_trajectory.py -> /home/carsten/Documents/uni/p4/semester_project/hardware/projekt_p4/workspace_pollen/build/tello/build/lib/tello
[1.265s] running install
[1.267s] running install_lib
[1.268s] creating /home/carsten/Documents/uni/p4/semester_project/hardware/projekt_p4/workspace_pollen/install/tello/lib/python3.8/site-packages/tello
[1.268s] copying /home/carsten/Documents/uni/p4/semester_project/hardware/projekt_p4/workspace_pollen/build/tello/build/lib/tello/broadcaster.py -> /home/carsten/Documents/uni/p4/semester_project/hardware/projekt_p4/workspace_pollen/install/tello/lib/python3.8/site-packages/tello
[1.268s] copying /home/carsten/Documents/uni/p4/semester_project/hardware/projekt_p4/workspace_pollen/build/tello/build/lib/tello/tello_regulation.py -> /home/carsten/Documents/uni/p4/semester_project/hardware/projekt_p4/workspace_pollen/install/tello/lib/python3.8/site-packages/tello
[1.268s] copying /home/carsten/Documents/uni/p4/semester_project/hardware/projekt_p4/workspace_pollen/build/tello/build/lib/tello/listener.py -> /home/carsten/Documents/uni/p4/semester_project/hardware/projekt_p4/workspace_pollen/install/tello/lib/python3.8/site-packages/tello
[1.269s] copying /home/carsten/Documents/uni/p4/semester_project/hardware/projekt_p4/workspace_pollen/build/tello/build/lib/tello/__init__.py -> /home/carsten/Documents/uni/p4/semester_project/hardware/projekt_p4/workspace_pollen/install/tello/lib/python3.8/site-packages/tello
[1.269s] copying /home/carsten/Documents/uni/p4/semester_project/hardware/projekt_p4/workspace_pollen/build/tello/build/lib/tello/tello_connect.py -> /home/carsten/Documents/uni/p4/semester_project/hardware/projekt_p4/workspace_pollen/install/tello/lib/python3.8/site-packages/tello
[1.269s] copying /home/carsten/Documents/uni/p4/semester_project/hardware/projekt_p4/workspace_pollen/build/tello/build/lib/tello/tello_reciver.py -> /home/carsten/Documents/uni/p4/semester_project/hardware/projekt_p4/workspace_pollen/install/tello/lib/python3.8/site-packages/tello
[1.269s] copying /home/carsten/Documents/uni/p4/semester_project/hardware/projekt_p4/workspace_pollen/build/tello/build/lib/tello/tello_trajectory.py -> /home/carsten/Documents/uni/p4/semester_project/hardware/projekt_p4/workspace_pollen/install/tello/lib/python3.8/site-packages/tello
[1.270s] byte-compiling /home/carsten/Documents/uni/p4/semester_project/hardware/projekt_p4/workspace_pollen/install/tello/lib/python3.8/site-packages/tello/broadcaster.py to broadcaster.cpython-38.pyc
[1.272s] byte-compiling /home/carsten/Documents/uni/p4/semester_project/hardware/projekt_p4/workspace_pollen/install/tello/lib/python3.8/site-packages/tello/tello_regulation.py to tello_regulation.cpython-38.pyc
[1.272s] byte-compiling /home/carsten/Documents/uni/p4/semester_project/hardware/projekt_p4/workspace_pollen/install/tello/lib/python3.8/site-packages/tello/listener.py to listener.cpython-38.pyc
[1.273s] byte-compiling /home/carsten/Documents/uni/p4/semester_project/hardware/projekt_p4/workspace_pollen/install/tello/lib/python3.8/site-packages/tello/__init__.py to __init__.cpython-38.pyc
[1.274s] byte-compiling /home/carsten/Documents/uni/p4/semester_project/hardware/projekt_p4/workspace_pollen/install/tello/lib/python3.8/site-packages/tello/tello_connect.py to tello_connect.cpython-38.pyc
[1.275s] byte-compiling /home/carsten/Documents/uni/p4/semester_project/hardware/projekt_p4/workspace_pollen/install/tello/lib/python3.8/site-packages/tello/tello_reciver.py to tello_reciver.cpython-38.pyc
[1.278s] byte-compiling /home/carsten/Documents/uni/p4/semester_project/hardware/projekt_p4/workspace_pollen/install/tello/lib/python3.8/site-packages/tello/tello_trajectory.py to tello_trajectory.cpython-38.pyc
[1.279s] running install_data
[1.280s] creating /home/carsten/Documents/uni/p4/semester_project/hardware/projekt_p4/workspace_pollen/install/tello/share/ament_index
[1.280s] creating /home/carsten/Documents/uni/p4/semester_project/hardware/projekt_p4/workspace_pollen/install/tello/share/ament_index/resource_index
[1.280s] creating /home/carsten/Documents/uni/p4/semester_project/hardware/projekt_p4/workspace_pollen/install/tello/share/ament_index/resource_index/packages
[1.280s] copying resource/tello -> /home/carsten/Documents/uni/p4/semester_project/hardware/projekt_p4/workspace_pollen/install/tello/share/ament_index/resource_index/packages
[1.280s] copying package.xml -> /home/carsten/Documents/uni/p4/semester_project/hardware/projekt_p4/workspace_pollen/install/tello/share/tello
[1.280s] running install_egg_info
[1.282s] Copying ../../build/tello/tello.egg-info to /home/carsten/Documents/uni/p4/semester_project/hardware/projekt_p4/workspace_pollen/install/tello/lib/python3.8/site-packages/tello-0.0.0-py3.8.egg-info
[1.283s] running install_scripts
[1.300s] Installing tello_reciver script to /home/carsten/Documents/uni/p4/semester_project/hardware/projekt_p4/workspace_pollen/install/tello/lib/tello
[1.301s] Installing tf_broadcaster script to /home/carsten/Documents/uni/p4/semester_project/hardware/projekt_p4/workspace_pollen/install/tello/lib/tello
[1.302s] Installing tf_listener script to /home/carsten/Documents/uni/p4/semester_project/hardware/projekt_p4/workspace_pollen/install/tello/lib/tello
[1.302s] writing list of installed files to '/home/carsten/Documents/uni/p4/semester_project/hardware/projekt_p4/workspace_pollen/build/tello/install.log'
[1.352s] Invoked command in '/home/carsten/Documents/uni/p4/semester_project/hardware/projekt_p4/workspace_pollen/src/tello' returned '0': PYTHONPATH=/home/carsten/Documents/uni/p4/semester_project/hardware/projekt_p4/workspace_pollen/build/tello/prefix_override:/home/carsten/Documents/uni/p4/semester_project/hardware/projekt_p4/workspace_pollen/install/tello/lib/python3.8/site-packages:${PYTHONPATH} /usr/bin/python3 setup.py egg_info --egg-base ../../build/tello build --build-base /home/carsten/Documents/uni/p4/semester_project/hardware/projekt_p4/workspace_pollen/build/tello/build install --record /home/carsten/Documents/uni/p4/semester_project/hardware/projekt_p4/workspace_pollen/build/tello/install.log --install-scripts $base/lib/tello --single-version-externally-managed
