running egg_info
creating ../../build/vel_err/vel_err.egg-info
writing ../../build/vel_err/vel_err.egg-info/PKG-INFO
writing dependency_links to ../../build/vel_err/vel_err.egg-info/dependency_links.txt
writing entry points to ../../build/vel_err/vel_err.egg-info/entry_points.txt
writing requirements to ../../build/vel_err/vel_err.egg-info/requires.txt
writing top-level names to ../../build/vel_err/vel_err.egg-info/top_level.txt
writing manifest file '../../build/vel_err/vel_err.egg-info/SOURCES.txt'
reading manifest file '../../build/vel_err/vel_err.egg-info/SOURCES.txt'
writing manifest file '../../build/vel_err/vel_err.egg-info/SOURCES.txt'
running build
running build_py
creating /home/ubuntu/git/projekt_p4/kontrol_loop_work_spase/build/vel_err/build
creating /home/ubuntu/git/projekt_p4/kontrol_loop_work_spase/build/vel_err/build/lib
creating /home/ubuntu/git/projekt_p4/kontrol_loop_work_spase/build/vel_err/build/lib/vel_err
copying vel_err/__init__.py -> /home/ubuntu/git/projekt_p4/kontrol_loop_work_spase/build/vel_err/build/lib/vel_err
copying vel_err/vel_err.py -> /home/ubuntu/git/projekt_p4/kontrol_loop_work_spase/build/vel_err/build/lib/vel_err
running install
running install_lib
creating /home/ubuntu/git/projekt_p4/kontrol_loop_work_spase/install/vel_err/lib/python3.8/site-packages/vel_err
copying /home/ubuntu/git/projekt_p4/kontrol_loop_work_spase/build/vel_err/build/lib/vel_err/__init__.py -> /home/ubuntu/git/projekt_p4/kontrol_loop_work_spase/install/vel_err/lib/python3.8/site-packages/vel_err
copying /home/ubuntu/git/projekt_p4/kontrol_loop_work_spase/build/vel_err/build/lib/vel_err/vel_err.py -> /home/ubuntu/git/projekt_p4/kontrol_loop_work_spase/install/vel_err/lib/python3.8/site-packages/vel_err
byte-compiling /home/ubuntu/git/projekt_p4/kontrol_loop_work_spase/install/vel_err/lib/python3.8/site-packages/vel_err/__init__.py to __init__.cpython-38.pyc
byte-compiling /home/ubuntu/git/projekt_p4/kontrol_loop_work_spase/install/vel_err/lib/python3.8/site-packages/vel_err/vel_err.py to vel_err.cpython-38.pyc
running install_data
creating /home/ubuntu/git/projekt_p4/kontrol_loop_work_spase/install/vel_err/share/ament_index
creating /home/ubuntu/git/projekt_p4/kontrol_loop_work_spase/install/vel_err/share/ament_index/resource_index
creating /home/ubuntu/git/projekt_p4/kontrol_loop_work_spase/install/vel_err/share/ament_index/resource_index/packages
copying resource/vel_err -> /home/ubuntu/git/projekt_p4/kontrol_loop_work_spase/install/vel_err/share/ament_index/resource_index/packages
copying package.xml -> /home/ubuntu/git/projekt_p4/kontrol_loop_work_spase/install/vel_err/share/vel_err
running install_egg_info
Copying ../../build/vel_err/vel_err.egg-info to /home/ubuntu/git/projekt_p4/kontrol_loop_work_spase/install/vel_err/lib/python3.8/site-packages/vel_err-0.0.0-py3.8.egg-info
running install_scripts
Installing vel script to /home/ubuntu/git/projekt_p4/kontrol_loop_work_spase/install/vel_err/lib/vel_err
writing list of installed files to '/home/ubuntu/git/projekt_p4/kontrol_loop_work_spase/build/vel_err/install.log'
