[4.286s] Invoking command in '/home/ubuntu/git/projekt_p4/kontrol_loop_work_spase/src/vel_err': PYTHONPATH=/home/ubuntu/git/projekt_p4/kontrol_loop_work_spase/build/vel_err/prefix_override:/home/ubuntu/git/projekt_p4/kontrol_loop_work_spase/install/vel_err/lib/python3.8/site-packages:${PYTHONPATH} /usr/bin/python3 setup.py egg_info --egg-base ../../build/vel_err build --build-base /home/ubuntu/git/projekt_p4/kontrol_loop_work_spase/build/vel_err/build install --record /home/ubuntu/git/projekt_p4/kontrol_loop_work_spase/build/vel_err/install.log --install-scripts $base/lib/vel_err --single-version-externally-managed
[5.219s] running egg_info
[5.221s] creating ../../build/vel_err/vel_err.egg-info
[5.222s] writing ../../build/vel_err/vel_err.egg-info/PKG-INFO
[5.223s] writing dependency_links to ../../build/vel_err/vel_err.egg-info/dependency_links.txt
[5.224s] writing entry points to ../../build/vel_err/vel_err.egg-info/entry_points.txt
[5.225s] writing requirements to ../../build/vel_err/vel_err.egg-info/requires.txt
[5.225s] writing top-level names to ../../build/vel_err/vel_err.egg-info/top_level.txt
[5.238s] writing manifest file '../../build/vel_err/vel_err.egg-info/SOURCES.txt'
[5.390s] reading manifest file '../../build/vel_err/vel_err.egg-info/SOURCES.txt'
[5.394s] writing manifest file '../../build/vel_err/vel_err.egg-info/SOURCES.txt'
[5.395s] running build
[5.395s] running build_py
[5.396s] creating /home/ubuntu/git/projekt_p4/kontrol_loop_work_spase/build/vel_err/build
[5.397s] creating /home/ubuntu/git/projekt_p4/kontrol_loop_work_spase/build/vel_err/build/lib
[5.397s] creating /home/ubuntu/git/projekt_p4/kontrol_loop_work_spase/build/vel_err/build/lib/vel_err
[5.398s] copying vel_err/__init__.py -> /home/ubuntu/git/projekt_p4/kontrol_loop_work_spase/build/vel_err/build/lib/vel_err
[5.398s] copying vel_err/vel_err.py -> /home/ubuntu/git/projekt_p4/kontrol_loop_work_spase/build/vel_err/build/lib/vel_err
[5.399s] running install
[5.401s] running install_lib
[5.405s] creating /home/ubuntu/git/projekt_p4/kontrol_loop_work_spase/install/vel_err/lib/python3.8/site-packages/vel_err
[5.406s] copying /home/ubuntu/git/projekt_p4/kontrol_loop_work_spase/build/vel_err/build/lib/vel_err/__init__.py -> /home/ubuntu/git/projekt_p4/kontrol_loop_work_spase/install/vel_err/lib/python3.8/site-packages/vel_err
[5.406s] copying /home/ubuntu/git/projekt_p4/kontrol_loop_work_spase/build/vel_err/build/lib/vel_err/vel_err.py -> /home/ubuntu/git/projekt_p4/kontrol_loop_work_spase/install/vel_err/lib/python3.8/site-packages/vel_err
[5.409s] byte-compiling /home/ubuntu/git/projekt_p4/kontrol_loop_work_spase/install/vel_err/lib/python3.8/site-packages/vel_err/__init__.py to __init__.cpython-38.pyc
[5.414s] byte-compiling /home/ubuntu/git/projekt_p4/kontrol_loop_work_spase/install/vel_err/lib/python3.8/site-packages/vel_err/vel_err.py to vel_err.cpython-38.pyc
[5.416s] running install_data
[5.418s] creating /home/ubuntu/git/projekt_p4/kontrol_loop_work_spase/install/vel_err/share/ament_index
[5.418s] creating /home/ubuntu/git/projekt_p4/kontrol_loop_work_spase/install/vel_err/share/ament_index/resource_index
[5.419s] creating /home/ubuntu/git/projekt_p4/kontrol_loop_work_spase/install/vel_err/share/ament_index/resource_index/packages
[5.420s] copying resource/vel_err -> /home/ubuntu/git/projekt_p4/kontrol_loop_work_spase/install/vel_err/share/ament_index/resource_index/packages
[5.420s] copying package.xml -> /home/ubuntu/git/projekt_p4/kontrol_loop_work_spase/install/vel_err/share/vel_err
[5.421s] running install_egg_info
[5.428s] Copying ../../build/vel_err/vel_err.egg-info to /home/ubuntu/git/projekt_p4/kontrol_loop_work_spase/install/vel_err/lib/python3.8/site-packages/vel_err-0.0.0-py3.8.egg-info
[5.433s] running install_scripts
[5.505s] Installing vel script to /home/ubuntu/git/projekt_p4/kontrol_loop_work_spase/install/vel_err/lib/vel_err
[5.507s] writing list of installed files to '/home/ubuntu/git/projekt_p4/kontrol_loop_work_spase/build/vel_err/install.log'
[5.608s] Invoked command in '/home/ubuntu/git/projekt_p4/kontrol_loop_work_spase/src/vel_err' returned '0': PYTHONPATH=/home/ubuntu/git/projekt_p4/kontrol_loop_work_spase/build/vel_err/prefix_override:/home/ubuntu/git/projekt_p4/kontrol_loop_work_spase/install/vel_err/lib/python3.8/site-packages:${PYTHONPATH} /usr/bin/python3 setup.py egg_info --egg-base ../../build/vel_err build --build-base /home/ubuntu/git/projekt_p4/kontrol_loop_work_spase/build/vel_err/build install --record /home/ubuntu/git/projekt_p4/kontrol_loop_work_spase/build/vel_err/install.log --install-scripts $base/lib/vel_err --single-version-externally-managed
