[0.088s] Invoking command in '/home/ubuntu/turtlebot3_ws/build/ld08_driver': CMAKE_PREFIX_PATH=${CMAKE_PREFIX_PATH}:/home/ubuntu/turtlebot3_ws/install/turtlebot3_teleop:/home/ubuntu/turtlebot3_ws/install/turtlebot3_example:/opt/ros/foxy /usr/bin/cmake --build /home/ubuntu/turtlebot3_ws/build/ld08_driver -- -j4 -l4
[0.596s] [100%] Built target ld08_driver
[0.681s] Invoked command in '/home/ubuntu/turtlebot3_ws/build/ld08_driver' returned '0': CMAKE_PREFIX_PATH=${CMAKE_PREFIX_PATH}:/home/ubuntu/turtlebot3_ws/install/turtlebot3_teleop:/home/ubuntu/turtlebot3_ws/install/turtlebot3_example:/opt/ros/foxy /usr/bin/cmake --build /home/ubuntu/turtlebot3_ws/build/ld08_driver -- -j4 -l4
[1.041s] Invoking command in '/home/ubuntu/turtlebot3_ws/build/ld08_driver': CMAKE_PREFIX_PATH=${CMAKE_PREFIX_PATH}:/home/ubuntu/turtlebot3_ws/install/turtlebot3_teleop:/home/ubuntu/turtlebot3_ws/install/turtlebot3_example:/opt/ros/foxy /usr/bin/cmake --install /home/ubuntu/turtlebot3_ws/build/ld08_driver
[1.118s] -- Install configuration: ""
[1.124s] -- Execute custom install script
[1.129s] -- Up-to-date symlink: /home/ubuntu/turtlebot3_ws/install/ld08_driver/share/ld08_driver/launch/ld08.launch.py
[1.145s] -- Up-to-date symlink: /home/ubuntu/turtlebot3_ws/install/ld08_driver/lib/ld08_driver/ld08_driver
[1.150s] -- Up-to-date symlink: /home/ubuntu/turtlebot3_ws/install/ld08_driver/share/ament_index/resource_index/package_run_dependencies/ld08_driver
[1.155s] -- Up-to-date symlink: /home/ubuntu/turtlebot3_ws/install/ld08_driver/share/ament_index/resource_index/parent_prefix_path/ld08_driver
[1.159s] -- Up-to-date symlink: /home/ubuntu/turtlebot3_ws/install/ld08_driver/share/ld08_driver/environment/ament_prefix_path.sh
[1.160s] -- Up-to-date symlink: /home/ubuntu/turtlebot3_ws/install/ld08_driver/share/ld08_driver/environment/ament_prefix_path.dsv
[1.161s] -- Up-to-date symlink: /home/ubuntu/turtlebot3_ws/install/ld08_driver/share/ld08_driver/environment/path.sh
[1.161s] -- Up-to-date symlink: /home/ubuntu/turtlebot3_ws/install/ld08_driver/share/ld08_driver/environment/path.dsv
[1.162s] -- Up-to-date symlink: /home/ubuntu/turtlebot3_ws/install/ld08_driver/share/ld08_driver/local_setup.bash
[1.163s] -- Up-to-date symlink: /home/ubuntu/turtlebot3_ws/install/ld08_driver/share/ld08_driver/local_setup.sh
[1.163s] -- Up-to-date symlink: /home/ubuntu/turtlebot3_ws/install/ld08_driver/share/ld08_driver/local_setup.zsh
[1.164s] -- Up-to-date symlink: /home/ubuntu/turtlebot3_ws/install/ld08_driver/share/ld08_driver/local_setup.dsv
[1.164s] -- Symlinking: /home/ubuntu/turtlebot3_ws/install/ld08_driver/share/ld08_driver/package.dsv
[1.212s] -- Up-to-date symlink: /home/ubuntu/turtlebot3_ws/install/ld08_driver/share/ament_index/resource_index/packages/ld08_driver
[1.215s] -- Up-to-date symlink: /home/ubuntu/turtlebot3_ws/install/ld08_driver/share/ld08_driver/cmake/ament_cmake_export_dependencies-extras.cmake
[1.218s] -- Up-to-date symlink: /home/ubuntu/turtlebot3_ws/install/ld08_driver/share/ld08_driver/cmake/ament_cmake_export_include_directories-extras.cmake
[1.221s] -- Up-to-date symlink: /home/ubuntu/turtlebot3_ws/install/ld08_driver/share/ld08_driver/cmake/ld08_driverConfig.cmake
[1.224s] -- Up-to-date symlink: /home/ubuntu/turtlebot3_ws/install/ld08_driver/share/ld08_driver/cmake/ld08_driverConfig-version.cmake
[1.227s] -- Up-to-date symlink: /home/ubuntu/turtlebot3_ws/install/ld08_driver/share/ld08_driver/package.xml
[1.250s] Invoked command in '/home/ubuntu/turtlebot3_ws/build/ld08_driver' returned '0': CMAKE_PREFIX_PATH=${CMAKE_PREFIX_PATH}:/home/ubuntu/turtlebot3_ws/install/turtlebot3_teleop:/home/ubuntu/turtlebot3_ws/install/turtlebot3_example:/opt/ros/foxy /usr/bin/cmake --install /home/ubuntu/turtlebot3_ws/build/ld08_driver
