[2.592s] DEBUG:colcon:Command line arguments: ['/usr/bin/colcon', 'build', '--packages-select', 'vel_err']
[2.593s] DEBUG:colcon:Parsed command line arguments: Namespace(allow_overriding=[], ament_cmake_args=None, base_paths=['.'], build_base='build', catkin_cmake_args=None, catkin_skip_building_tests=False, cmake_args=None, cmake_clean_cache=False, cmake_clean_first=False, cmake_force_configure=False, cmake_target=None, cmake_target_skip_unavailable=False, continue_on_error=False, event_handlers=None, executor='parallel', ignore_user_meta=False, install_base='install', log_base=None, log_level=None, main=<bound method BuildVerb.main of <colcon_core.verb.build.BuildVerb object at 0xffffa4c7bca0>>, merge_install=False, metas=['./colcon.meta'], packages_above=None, packages_above_and_dependencies=None, packages_above_depth=None, packages_end=None, packages_ignore=None, packages_ignore_regex=None, packages_select=['vel_err'], packages_select_build_failed=False, packages_select_by_dep=None, packages_select_regex=None, packages_select_test_failures=False, packages_skip=None, packages_skip_build_finished=False, packages_skip_by_dep=None, packages_skip_regex=None, packages_skip_test_passed=False, packages_skip_up_to=None, packages_start=None, packages_up_to=None, packages_up_to_regex=None, parallel_workers=4, paths=None, symlink_install=False, test_result_base=None, verb_extension=<colcon_core.verb.build.BuildVerb object at 0xffffa4c7bca0>, verb_name='build', verb_parser=<colcon_defaults.argument_parser.defaults.DefaultArgumentsDecorator object at 0xffffa4c84250>)
[3.030s] Level 1:colcon.colcon_core.package_discovery:discover_packages(colcon_meta) check parameters
[3.031s] Level 1:colcon.colcon_core.package_discovery:discover_packages(recursive) check parameters
[3.031s] Level 1:colcon.colcon_core.package_discovery:discover_packages(ignore) check parameters
[3.031s] Level 1:colcon.colcon_core.package_discovery:discover_packages(path) check parameters
[3.031s] Level 1:colcon.colcon_core.package_discovery:discover_packages(colcon_meta) discover
[3.032s] Level 1:colcon.colcon_core.package_discovery:discover_packages(recursive) discover
[3.032s] INFO:colcon.colcon_core.package_discovery:Crawling recursively for packages in '/home/ubuntu/git/projekt_p4/kontrol_loop_work_spase'
[3.032s] Level 1:colcon.colcon_core.package_identification:_identify(.) by extensions ['ignore', 'ignore_ament_install']
[3.033s] Level 1:colcon.colcon_core.package_identification:_identify(.) by extension 'ignore'
[3.034s] Level 1:colcon.colcon_core.package_identification:_identify(.) by extension 'ignore_ament_install'
[3.034s] Level 1:colcon.colcon_core.package_identification:_identify(.) by extensions ['colcon_pkg']
[3.034s] Level 1:colcon.colcon_core.package_identification:_identify(.) by extension 'colcon_pkg'
[3.035s] Level 1:colcon.colcon_core.package_identification:_identify(.) by extensions ['colcon_meta']
[3.035s] Level 1:colcon.colcon_core.package_identification:_identify(.) by extension 'colcon_meta'
[3.035s] Level 1:colcon.colcon_core.package_identification:_identify(.) by extensions ['ros']
[3.035s] Level 1:colcon.colcon_core.package_identification:_identify(.) by extension 'ros'
[3.121s] Level 1:colcon.colcon_core.package_identification:_identify(.) by extensions ['cmake', 'python']
[3.122s] Level 1:colcon.colcon_core.package_identification:_identify(.) by extension 'cmake'
[3.122s] Level 1:colcon.colcon_core.package_identification:_identify(.) by extension 'python'
[3.122s] Level 1:colcon.colcon_core.package_identification:_identify(.) by extensions ['python_setup_py']
[3.122s] Level 1:colcon.colcon_core.package_identification:_identify(.) by extension 'python_setup_py'
[3.123s] Level 1:colcon.colcon_core.package_identification:_identify(build) by extensions ['ignore', 'ignore_ament_install']
[3.123s] Level 1:colcon.colcon_core.package_identification:_identify(build) by extension 'ignore'
[3.123s] Level 1:colcon.colcon_core.package_identification:_identify(build) ignored
[3.124s] Level 1:colcon.colcon_core.package_identification:_identify(install) by extensions ['ignore', 'ignore_ament_install']
[3.124s] Level 1:colcon.colcon_core.package_identification:_identify(install) by extension 'ignore'
[3.124s] Level 1:colcon.colcon_core.package_identification:_identify(install) ignored
[3.125s] Level 1:colcon.colcon_core.package_identification:_identify(log) by extensions ['ignore', 'ignore_ament_install']
[3.125s] Level 1:colcon.colcon_core.package_identification:_identify(log) by extension 'ignore'
[3.125s] Level 1:colcon.colcon_core.package_identification:_identify(log) ignored
[3.126s] Level 1:colcon.colcon_core.package_identification:_identify(src) by extensions ['ignore', 'ignore_ament_install']
[3.126s] Level 1:colcon.colcon_core.package_identification:_identify(src) by extension 'ignore'
[3.126s] Level 1:colcon.colcon_core.package_identification:_identify(src) by extension 'ignore_ament_install'
[3.127s] Level 1:colcon.colcon_core.package_identification:_identify(src) by extensions ['colcon_pkg']
[3.127s] Level 1:colcon.colcon_core.package_identification:_identify(src) by extension 'colcon_pkg'
[3.127s] Level 1:colcon.colcon_core.package_identification:_identify(src) by extensions ['colcon_meta']
[3.128s] Level 1:colcon.colcon_core.package_identification:_identify(src) by extension 'colcon_meta'
[3.128s] Level 1:colcon.colcon_core.package_identification:_identify(src) by extensions ['ros']
[3.128s] Level 1:colcon.colcon_core.package_identification:_identify(src) by extension 'ros'
[3.128s] Level 1:colcon.colcon_core.package_identification:_identify(src) by extensions ['cmake', 'python']
[3.129s] Level 1:colcon.colcon_core.package_identification:_identify(src) by extension 'cmake'
[3.129s] Level 1:colcon.colcon_core.package_identification:_identify(src) by extension 'python'
[3.129s] Level 1:colcon.colcon_core.package_identification:_identify(src) by extensions ['python_setup_py']
[3.129s] Level 1:colcon.colcon_core.package_identification:_identify(src) by extension 'python_setup_py'
[3.130s] Level 1:colcon.colcon_core.package_identification:_identify(src/vel_err) by extensions ['ignore', 'ignore_ament_install']
[3.130s] Level 1:colcon.colcon_core.package_identification:_identify(src/vel_err) by extension 'ignore'
[3.131s] Level 1:colcon.colcon_core.package_identification:_identify(src/vel_err) by extension 'ignore_ament_install'
[3.131s] Level 1:colcon.colcon_core.package_identification:_identify(src/vel_err) by extensions ['colcon_pkg']
[3.131s] Level 1:colcon.colcon_core.package_identification:_identify(src/vel_err) by extension 'colcon_pkg'
[3.131s] Level 1:colcon.colcon_core.package_identification:_identify(src/vel_err) by extensions ['colcon_meta']
[3.131s] Level 1:colcon.colcon_core.package_identification:_identify(src/vel_err) by extension 'colcon_meta'
[3.132s] Level 1:colcon.colcon_core.package_identification:_identify(src/vel_err) by extensions ['ros']
[3.132s] Level 1:colcon.colcon_core.package_identification:_identify(src/vel_err) by extension 'ros'
[3.142s] DEBUG:colcon.colcon_core.package_identification:Package 'src/vel_err' with type 'ros.ament_python' and name 'vel_err'
[3.142s] Level 1:colcon.colcon_core.package_discovery:discover_packages(recursive) using defaults
[3.143s] Level 1:colcon.colcon_core.package_discovery:discover_packages(ignore) discover
[3.143s] Level 1:colcon.colcon_core.package_discovery:discover_packages(ignore) using defaults
[3.143s] Level 1:colcon.colcon_core.package_discovery:discover_packages(path) discover
[3.143s] Level 1:colcon.colcon_core.package_discovery:discover_packages(path) using defaults
[3.297s] Level 1:colcon.colcon_core.package_discovery:discover_packages(prefix_path) check parameters
[3.297s] Level 1:colcon.colcon_core.package_discovery:discover_packages(prefix_path) discover
[3.372s] DEBUG:colcon.colcon_installed_package_information.package_discovery:Found 1 installed packages in /home/ubuntu/vicon/vicon_udp/install
[3.379s] DEBUG:colcon.colcon_installed_package_information.package_discovery:Found 10 installed packages in /home/ubuntu/turtlebot3_ws/install
[3.389s] DEBUG:colcon.colcon_installed_package_information.package_discovery:Found 228 installed packages in /opt/ros/foxy
[3.401s] Level 1:colcon.colcon_core.package_discovery:discover_packages(prefix_path) using defaults
[3.822s] Level 5:colcon.colcon_core.verb:set package 'vel_err' build argument 'cmake_args' from command line to 'None'
[3.822s] Level 5:colcon.colcon_core.verb:set package 'vel_err' build argument 'cmake_target' from command line to 'None'
[3.822s] Level 5:colcon.colcon_core.verb:set package 'vel_err' build argument 'cmake_target_skip_unavailable' from command line to 'False'
[3.822s] Level 5:colcon.colcon_core.verb:set package 'vel_err' build argument 'cmake_clean_cache' from command line to 'False'
[3.822s] Level 5:colcon.colcon_core.verb:set package 'vel_err' build argument 'cmake_clean_first' from command line to 'False'
[3.822s] Level 5:colcon.colcon_core.verb:set package 'vel_err' build argument 'cmake_force_configure' from command line to 'False'
[3.822s] Level 5:colcon.colcon_core.verb:set package 'vel_err' build argument 'ament_cmake_args' from command line to 'None'
[3.823s] Level 5:colcon.colcon_core.verb:set package 'vel_err' build argument 'catkin_cmake_args' from command line to 'None'
[3.823s] Level 5:colcon.colcon_core.verb:set package 'vel_err' build argument 'catkin_skip_building_tests' from command line to 'False'
[3.823s] DEBUG:colcon.colcon_core.verb:Building package 'vel_err' with the following arguments: {'ament_cmake_args': None, 'build_base': '/home/ubuntu/git/projekt_p4/kontrol_loop_work_spase/build/vel_err', 'catkin_cmake_args': None, 'catkin_skip_building_tests': False, 'cmake_args': None, 'cmake_clean_cache': False, 'cmake_clean_first': False, 'cmake_force_configure': False, 'cmake_target': None, 'cmake_target_skip_unavailable': False, 'install_base': '/home/ubuntu/git/projekt_p4/kontrol_loop_work_spase/install/vel_err', 'merge_install': False, 'path': '/home/ubuntu/git/projekt_p4/kontrol_loop_work_spase/src/vel_err', 'symlink_install': False, 'test_result_base': None}
[3.826s] INFO:colcon.colcon_core.executor:Executing jobs using 'parallel' executor
[3.842s] DEBUG:colcon.colcon_parallel_executor.executor.parallel:run_until_complete
[3.844s] INFO:colcon.colcon_ros.task.ament_python.build:Building ROS package in '/home/ubuntu/git/projekt_p4/kontrol_loop_work_spase/src/vel_err' with build type 'ament_python'
[3.844s] Level 1:colcon.colcon_core.shell:create_environment_hook('vel_err', 'ament_prefix_path')
[3.972s] INFO:colcon.colcon_core.plugin_system:Skipping extension 'colcon_core.shell.bat': Not used on non-Windows systems
[3.973s] INFO:colcon.colcon_core.shell:Creating environment hook '/home/ubuntu/git/projekt_p4/kontrol_loop_work_spase/install/vel_err/share/vel_err/hook/ament_prefix_path.ps1'
[3.979s] INFO:colcon.colcon_core.shell:Creating environment descriptor '/home/ubuntu/git/projekt_p4/kontrol_loop_work_spase/install/vel_err/share/vel_err/hook/ament_prefix_path.dsv'
[3.982s] INFO:colcon.colcon_core.shell:Creating environment hook '/home/ubuntu/git/projekt_p4/kontrol_loop_work_spase/install/vel_err/share/vel_err/hook/ament_prefix_path.sh'
[3.992s] INFO:colcon.colcon_core.shell:Skip shell extension 'powershell' for command environment: Not usable outside of PowerShell
[3.992s] DEBUG:colcon.colcon_core.shell:Skip shell extension 'dsv' for command environment
[5.122s] INFO:colcon.colcon_core.task.python.build:Building Python package in '/home/ubuntu/git/projekt_p4/kontrol_loop_work_spase/src/vel_err'
[5.129s] INFO:colcon.colcon_core.shell:Skip shell extension 'powershell' for command environment: Not usable outside of PowerShell
[5.130s] DEBUG:colcon.colcon_core.shell:Skip shell extension 'dsv' for command environment
[8.131s] DEBUG:colcon.colcon_core.event_handler.log_command:Invoking command in '/home/ubuntu/git/projekt_p4/kontrol_loop_work_spase/src/vel_err': PYTHONPATH=/home/ubuntu/git/projekt_p4/kontrol_loop_work_spase/build/vel_err/prefix_override:/home/ubuntu/git/projekt_p4/kontrol_loop_work_spase/install/vel_err/lib/python3.8/site-packages:${PYTHONPATH} /usr/bin/python3 setup.py egg_info --egg-base ../../build/vel_err build --build-base /home/ubuntu/git/projekt_p4/kontrol_loop_work_spase/build/vel_err/build install --record /home/ubuntu/git/projekt_p4/kontrol_loop_work_spase/build/vel_err/install.log --install-scripts $base/lib/vel_err --single-version-externally-managed
[9.452s] DEBUG:colcon.colcon_core.event_handler.log_command:Invoked command in '/home/ubuntu/git/projekt_p4/kontrol_loop_work_spase/src/vel_err' returned '0': PYTHONPATH=/home/ubuntu/git/projekt_p4/kontrol_loop_work_spase/build/vel_err/prefix_override:/home/ubuntu/git/projekt_p4/kontrol_loop_work_spase/install/vel_err/lib/python3.8/site-packages:${PYTHONPATH} /usr/bin/python3 setup.py egg_info --egg-base ../../build/vel_err build --build-base /home/ubuntu/git/projekt_p4/kontrol_loop_work_spase/build/vel_err/build install --record /home/ubuntu/git/projekt_p4/kontrol_loop_work_spase/build/vel_err/install.log --install-scripts $base/lib/vel_err --single-version-externally-managed
[9.547s] Level 1:colcon.colcon_core.environment:checking '/home/ubuntu/git/projekt_p4/kontrol_loop_work_spase/install/vel_err' for CMake module files
[9.549s] Level 1:colcon.colcon_core.environment:checking '/home/ubuntu/git/projekt_p4/kontrol_loop_work_spase/install/vel_err' for CMake config files
[9.553s] Level 1:colcon.colcon_core.environment:checking '/home/ubuntu/git/projekt_p4/kontrol_loop_work_spase/install/vel_err/lib'
[9.554s] Level 1:colcon.colcon_core.environment:checking '/home/ubuntu/git/projekt_p4/kontrol_loop_work_spase/install/vel_err/bin'
[9.554s] Level 1:colcon.colcon_core.environment:checking '/home/ubuntu/git/projekt_p4/kontrol_loop_work_spase/install/vel_err/lib/pkgconfig/vel_err.pc'
[9.555s] Level 1:colcon.colcon_core.environment:checking '/home/ubuntu/git/projekt_p4/kontrol_loop_work_spase/install/vel_err/lib/python3.8/site-packages'
[9.555s] Level 1:colcon.colcon_core.shell:create_environment_hook('vel_err', 'pythonpath')
[9.562s] INFO:colcon.colcon_core.shell:Creating environment hook '/home/ubuntu/git/projekt_p4/kontrol_loop_work_spase/install/vel_err/share/vel_err/hook/pythonpath.ps1'
[9.564s] INFO:colcon.colcon_core.shell:Creating environment descriptor '/home/ubuntu/git/projekt_p4/kontrol_loop_work_spase/install/vel_err/share/vel_err/hook/pythonpath.dsv'
[9.566s] INFO:colcon.colcon_core.shell:Creating environment hook '/home/ubuntu/git/projekt_p4/kontrol_loop_work_spase/install/vel_err/share/vel_err/hook/pythonpath.sh'
[9.569s] Level 1:colcon.colcon_core.environment:checking '/home/ubuntu/git/projekt_p4/kontrol_loop_work_spase/install/vel_err/bin'
[9.569s] Level 1:colcon.colcon_core.environment:create_environment_scripts_only(vel_err)
[9.576s] INFO:colcon.colcon_core.shell:Creating package script '/home/ubuntu/git/projekt_p4/kontrol_loop_work_spase/install/vel_err/share/vel_err/package.ps1'
[9.581s] INFO:colcon.colcon_core.shell:Creating package descriptor '/home/ubuntu/git/projekt_p4/kontrol_loop_work_spase/install/vel_err/share/vel_err/package.dsv'
[9.585s] INFO:colcon.colcon_core.shell:Creating package script '/home/ubuntu/git/projekt_p4/kontrol_loop_work_spase/install/vel_err/share/vel_err/package.sh'
[9.589s] INFO:colcon.colcon_core.shell:Creating package script '/home/ubuntu/git/projekt_p4/kontrol_loop_work_spase/install/vel_err/share/vel_err/package.bash'
[9.596s] INFO:colcon.colcon_core.shell:Creating package script '/home/ubuntu/git/projekt_p4/kontrol_loop_work_spase/install/vel_err/share/vel_err/package.zsh'
[9.603s] Level 1:colcon.colcon_core.environment:create_file_with_runtime_dependencies(/home/ubuntu/git/projekt_p4/kontrol_loop_work_spase/install/vel_err/share/colcon-core/packages/vel_err)
[9.605s] DEBUG:colcon.colcon_parallel_executor.executor.parallel:closing loop
[9.607s] DEBUG:colcon.colcon_parallel_executor.executor.parallel:loop closed
[9.607s] DEBUG:colcon.colcon_parallel_executor.executor.parallel:run_until_complete finished with '0'
[9.607s] DEBUG:colcon.colcon_core.event_reactor:joining thread
[9.680s] INFO:colcon.colcon_core.plugin_system:Skipping extension 'colcon_notification.desktop_notification.notify_send': Could not find 'notify-send'
[9.680s] INFO:colcon.colcon_core.plugin_system:Skipping extension 'colcon_notification.desktop_notification.terminal_notifier': Not used on non-Darwin systems
[9.680s] INFO:colcon.colcon_core.plugin_system:Skipping extension 'colcon_notification.desktop_notification.win32': Not used on non-Windows systems
[9.681s] INFO:colcon.colcon_notification.desktop_notification:Sending desktop notification using 'notify2'
[9.820s] DEBUG:colcon.colcon_notification.desktop_notification.notify2:Failed to initialize notify2: org.freedesktop.DBus.Error.ServiceUnknown: The name org.freedesktop.Notifications was not provided by any .service files
[9.821s] DEBUG:colcon.colcon_core.event_reactor:joined thread
[9.829s] INFO:colcon.colcon_core.shell:Creating prefix script '/home/ubuntu/git/projekt_p4/kontrol_loop_work_spase/install/local_setup.ps1'
[9.835s] INFO:colcon.colcon_core.shell:Creating prefix util module '/home/ubuntu/git/projekt_p4/kontrol_loop_work_spase/install/_local_setup_util_ps1.py'
[9.886s] INFO:colcon.colcon_core.shell:Creating prefix chain script '/home/ubuntu/git/projekt_p4/kontrol_loop_work_spase/install/setup.ps1'
[9.901s] INFO:colcon.colcon_core.shell:Creating prefix script '/home/ubuntu/git/projekt_p4/kontrol_loop_work_spase/install/local_setup.sh'
[9.905s] INFO:colcon.colcon_core.shell:Creating prefix util module '/home/ubuntu/git/projekt_p4/kontrol_loop_work_spase/install/_local_setup_util_sh.py'
[9.907s] INFO:colcon.colcon_core.shell:Creating prefix chain script '/home/ubuntu/git/projekt_p4/kontrol_loop_work_spase/install/setup.sh'
[9.917s] INFO:colcon.colcon_core.shell:Creating prefix script '/home/ubuntu/git/projekt_p4/kontrol_loop_work_spase/install/local_setup.bash'
[9.921s] INFO:colcon.colcon_core.shell:Creating prefix chain script '/home/ubuntu/git/projekt_p4/kontrol_loop_work_spase/install/setup.bash'
[9.931s] INFO:colcon.colcon_core.shell:Creating prefix script '/home/ubuntu/git/projekt_p4/kontrol_loop_work_spase/install/local_setup.zsh'
[9.934s] INFO:colcon.colcon_core.shell:Creating prefix chain script '/home/ubuntu/git/projekt_p4/kontrol_loop_work_spase/install/setup.zsh'
