running egg_info
writing ../../build/tello/tello.egg-info/PKG-INFO
writing dependency_links to ../../build/tello/tello.egg-info/dependency_links.txt
writing entry points to ../../build/tello/tello.egg-info/entry_points.txt
writing requirements to ../../build/tello/tello.egg-info/requires.txt
writing top-level names to ../../build/tello/tello.egg-info/top_level.txt
reading manifest file '../../build/tello/tello.egg-info/SOURCES.txt'
writing manifest file '../../build/tello/tello.egg-info/SOURCES.txt'
running build
running build_py
copying tello/tf2_listener.py -> /home/carsten/Documents/uni/p4/semester_project/hardware/projekt_p4/workspace_pollen/build/tello/build/lib/tello
copying tello/tf2_broadcaster.py -> /home/carsten/Documents/uni/p4/semester_project/hardware/projekt_p4/workspace_pollen/build/tello/build/lib/tello
copying tello/tello_trajectory.py -> /home/carsten/Documents/uni/p4/semester_project/hardware/projekt_p4/workspace_pollen/build/tello/build/lib/tello
running install
running install_lib
copying /home/carsten/Documents/uni/p4/semester_project/hardware/projekt_p4/workspace_pollen/build/tello/build/lib/tello/tf2_listener.py -> /home/carsten/Documents/uni/p4/semester_project/hardware/projekt_p4/workspace_pollen/install/tello/lib/python3.8/site-packages/tello
copying /home/carsten/Documents/uni/p4/semester_project/hardware/projekt_p4/workspace_pollen/build/tello/build/lib/tello/tf2_broadcaster.py -> /home/carsten/Documents/uni/p4/semester_project/hardware/projekt_p4/workspace_pollen/install/tello/lib/python3.8/site-packages/tello
copying /home/carsten/Documents/uni/p4/semester_project/hardware/projekt_p4/workspace_pollen/build/tello/build/lib/tello/tello_trajectory.py -> /home/carsten/Documents/uni/p4/semester_project/hardware/projekt_p4/workspace_pollen/install/tello/lib/python3.8/site-packages/tello
byte-compiling /home/carsten/Documents/uni/p4/semester_project/hardware/projekt_p4/workspace_pollen/install/tello/lib/python3.8/site-packages/tello/tf2_listener.py to tf2_listener.cpython-38.pyc
byte-compiling /home/carsten/Documents/uni/p4/semester_project/hardware/projekt_p4/workspace_pollen/install/tello/lib/python3.8/site-packages/tello/tf2_broadcaster.py to tf2_broadcaster.cpython-38.pyc
byte-compiling /home/carsten/Documents/uni/p4/semester_project/hardware/projekt_p4/workspace_pollen/install/tello/lib/python3.8/site-packages/tello/tello_trajectory.py to tello_trajectory.cpython-38.pyc
running install_data
running install_egg_info
removing '/home/carsten/Documents/uni/p4/semester_project/hardware/projekt_p4/workspace_pollen/install/tello/lib/python3.8/site-packages/tello-0.0.0-py3.8.egg-info' (and everything under it)
Copying ../../build/tello/tello.egg-info to /home/carsten/Documents/uni/p4/semester_project/hardware/projekt_p4/workspace_pollen/install/tello/lib/python3.8/site-packages/tello-0.0.0-py3.8.egg-info
running install_scripts
Installing tello_reciver = tello.tello_reciver:maintf_broadcaster = tello.tf2_broadcaster:maintf_listener script to /home/carsten/Documents/uni/p4/semester_project/hardware/projekt_p4/workspace_pollen/install/tello/lib/tello
writing list of installed files to '/home/carsten/Documents/uni/p4/semester_project/hardware/projekt_p4/workspace_pollen/build/tello/install.log'
